[
    {
        "macaddr": "d4:eb:68:1a:30:7c",
        "ipAddress": "192.168.200.0",
        "oif": "Ethernet30",
        "state": "reachable",
        "remote": false,
        "vrf": "Zone2",
        "hostname": "trading-switch-1",
        "namespace": "mroutes",
        "timestamp": 1654114614062,
        "sqvers": "1.0",
        "active": true
    },
    {
        "macaddr": "00:50:56:a2:20:6c",
        "ipAddress": "10.10.102.7",
        "oif": "Vlan102",
        "state": "reachable",
        "remote": false,
        "vrf": "Zone2",
        "hostname": "trading-switch-1",
        "namespace": "mroutes",
        "timestamp": 1654114614062,
        "sqvers": "1.0",
        "active": true
    },
    {
        "macaddr": "d4:af:f7:73:b1:d1",
        "ipAddress": "10.10.103.5",
        "oif": "Vlan103",
        "state": "reachable",
        "remote": false,
        "vrf": "Zone2",
        "hostname": "trading-switch-1",
        "namespace": "mroutes",
        "timestamp": 1654114614062,
        "sqvers": "1.0",
        "active": true
    },
    {
        "macaddr": "00:0f:53:96:32:30",
        "ipAddress": "10.100.105.70",
        "oif": "Vlan105",
        "state": "reachable",
        "remote": false,
        "vrf": "Zone2",
        "hostname": "trading-switch-1",
        "namespace": "mroutes",
        "timestamp": 1654114614062,
        "sqvers": "1.0",
        "active": true
    },
    {
        "macaddr": "c0:d6:82:bf:6e:30",
        "ipAddress": "10.0.1.4",
        "oif": "Vlan98",
        "state": "reachable",
        "remote": false,
        "vrf": "default",
        "hostname": "trading-switch-1",
        "namespace": "mroutes",
        "timestamp": 1654114614062,
        "sqvers": "1.0",
        "active": true
    },
    {
        "macaddr": "00:50:56:a2:3a:35",
        "ipAddress": "10.10.101.8",
        "oif": "Vlan101",
        "state": "reachable",
        "remote": false,
        "vrf": "default",
        "hostname": "trading-switch-1",
        "namespace": "mroutes",
        "timestamp": 1654114614062,
        "sqvers": "1.0",
        "active": true
    },
    {
        "macaddr": "00:50:56:a2:25:3b",
        "ipAddress": "10.10.101.11",
        "oif": "Vlan101",
        "state": "reachable",
        "remote": false,
        "vrf": "default",
        "hostname": "trading-switch-1",
        "namespace": "mroutes",
        "timestamp": 1654114614062,
        "sqvers": "1.0",
        "active": true
    },
    {
        "macaddr": "00:50:56:a2:82:b7",
        "ipAddress": "10.10.101.12",
        "oif": "Vlan101",
        "state": "reachable",
        "remote": false,
        "vrf": "default",
        "hostname": "trading-switch-1",
        "namespace": "mroutes",
        "timestamp": 1654114614062,
        "sqvers": "1.0",
        "active": true
    },
    {
        "macaddr": "00:50:56:a2:6e:fb",
        "ipAddress": "10.10.101.13",
        "oif": "Vlan101",
        "state": "reachable",
        "remote": false,
        "vrf": "default",
        "hostname": "trading-switch-1",
        "namespace": "mroutes",
        "timestamp": 1654114614062,
        "sqvers": "1.0",
        "active": true
    },
    {
        "macaddr": "00:50:56:a2:74:c0",
        "ipAddress": "10.10.101.22",
        "oif": "Vlan101",
        "state": "reachable",
        "remote": false,
        "vrf": "default",
        "hostname": "trading-switch-1",
        "namespace": "mroutes",
        "timestamp": 1654114614062,
        "sqvers": "1.0",
        "active": true
    },
    {
        "macaddr": "00:50:56:a2:d2:ed",
        "ipAddress": "10.10.101.26",
        "oif": "Vlan101",
        "state": "reachable",
        "remote": false,
        "vrf": "default",
        "hostname": "trading-switch-1",
        "namespace": "mroutes",
        "timestamp": 1654114614062,
        "sqvers": "1.0",
        "active": true
    },
    {
        "macaddr": "00:50:56:a2:13:9a",
        "ipAddress": "10.10.101.27",
        "oif": "Vlan101",
        "state": "reachable",
        "remote": false,
        "vrf": "default",
        "hostname": "trading-switch-1",
        "namespace": "mroutes",
        "timestamp": 1654114614062,
        "sqvers": "1.0",
        "active": true
    },
    {
        "macaddr": "00:50:56:a2:9e:02",
        "ipAddress": "10.10.101.28",
        "oif": "Vlan101",
        "state": "reachable",
        "remote": false,
        "vrf": "default",
        "hostname": "trading-switch-1",
        "namespace": "mroutes",
        "timestamp": 1654114614062,
        "sqvers": "1.0",
        "active": true
    },
    {
        "macaddr": "00:50:56:a2:6b:3e",
        "ipAddress": "10.10.101.30",
        "oif": "Vlan101",
        "state": "reachable",
        "remote": false,
        "vrf": "default",
        "hostname": "trading-switch-1",
        "namespace": "mroutes",
        "timestamp": 1654114614062,
        "sqvers": "1.0",
        "active": true
    },
    {
        "macaddr": "00:50:56:a2:af:04",
        "ipAddress": "10.10.101.31",
        "oif": "Vlan101",
        "state": "reachable",
        "remote": false,
        "vrf": "default",
        "hostname": "trading-switch-1",
        "namespace": "mroutes",
        "timestamp": 1654114614062,
        "sqvers": "1.0",
        "active": true
    },
    {
        "macaddr": "00:50:56:a2:19:20",
        "ipAddress": "10.10.101.33",
        "oif": "Vlan101",
        "state": "reachable",
        "remote": false,
        "vrf": "default",
        "hostname": "trading-switch-1",
        "namespace": "mroutes",
        "timestamp": 1654114614062,
        "sqvers": "1.0",
        "active": true
    },
    {
        "macaddr": "00:50:56:a2:50:a4",
        "ipAddress": "10.10.101.34",
        "oif": "Vlan101",
        "state": "reachable",
        "remote": false,
        "vrf": "default",
        "hostname": "trading-switch-1",
        "namespace": "mroutes",
        "timestamp": 1654114614062,
        "sqvers": "1.0",
        "active": true
    },
    {
        "macaddr": "00:50:56:a2:a5:78",
        "ipAddress": "10.10.101.35",
        "oif": "Vlan101",
        "state": "reachable",
        "remote": false,
        "vrf": "default",
        "hostname": "trading-switch-1",
        "namespace": "mroutes",
        "timestamp": 1654114614062,
        "sqvers": "1.0",
        "active": true
    },
    {
        "macaddr": "00:50:56:a2:c6:89",
        "ipAddress": "10.10.101.36",
        "oif": "Vlan101",
        "state": "reachable",
        "remote": false,
        "vrf": "default",
        "hostname": "trading-switch-1",
        "namespace": "mroutes",
        "timestamp": 1654114614062,
        "sqvers": "1.0",
        "active": true
    },
    {
        "macaddr": "00:50:56:a2:3c:87",
        "ipAddress": "10.10.101.37",
        "oif": "Vlan101",
        "state": "reachable",
        "remote": false,
        "vrf": "default",
        "hostname": "trading-switch-1",
        "namespace": "mroutes",
        "timestamp": 1654114614062,
        "sqvers": "1.0",
        "active": true
    },
    {
        "macaddr": "00:50:56:a2:51:5b",
        "ipAddress": "10.10.101.41",
        "oif": "Vlan101",
        "state": "reachable",
        "remote": false,
        "vrf": "default",
        "hostname": "trading-switch-1",
        "namespace": "mroutes",
        "timestamp": 1654114614062,
        "sqvers": "1.0",
        "active": true
    },
    {
        "macaddr": "00:50:56:a2:90:a3",
        "ipAddress": "10.10.101.43",
        "oif": "Vlan101",
        "state": "reachable",
        "remote": false,
        "vrf": "default",
        "hostname": "trading-switch-1",
        "namespace": "mroutes",
        "timestamp": 1654114614062,
        "sqvers": "1.0",
        "active": true
    },
    {
        "macaddr": "00:50:56:a2:fd:62",
        "ipAddress": "10.10.101.50",
        "oif": "Vlan101",
        "state": "reachable",
        "remote": false,
        "vrf": "default",
        "hostname": "trading-switch-1",
        "namespace": "mroutes",
        "timestamp": 1654114614062,
        "sqvers": "1.0",
        "active": true
    },
    {
        "macaddr": "00:50:56:a2:42:e5",
        "ipAddress": "10.10.101.53",
        "oif": "Vlan101",
        "state": "reachable",
        "remote": false,
        "vrf": "default",
        "hostname": "trading-switch-1",
        "namespace": "mroutes",
        "timestamp": 1654114614062,
        "sqvers": "1.0",
        "active": true
    },
    {
        "macaddr": "00:50:56:a2:98:9c",
        "ipAddress": "10.10.101.62",
        "oif": "Vlan101",
        "state": "reachable",
        "remote": false,
        "vrf": "default",
        "hostname": "trading-switch-1",
        "namespace": "mroutes",
        "timestamp": 1654114614062,
        "sqvers": "1.0",
        "active": true
    },
    {
        "macaddr": "00:50:56:a2:b4:9b",
        "ipAddress": "10.10.101.65",
        "oif": "Vlan101",
        "state": "reachable",
        "remote": false,
        "vrf": "default",
        "hostname": "trading-switch-1",
        "namespace": "mroutes",
        "timestamp": 1654114614062,
        "sqvers": "1.0",
        "active": true
    },
    {
        "macaddr": "00:50:56:a2:73:1c",
        "ipAddress": "10.10.101.76",
        "oif": "Vlan101",
        "state": "reachable",
        "remote": false,
        "vrf": "default",
        "hostname": "trading-switch-1",
        "namespace": "mroutes",
        "timestamp": 1654114614062,
        "sqvers": "1.0",
        "active": true
    },
    {
        "macaddr": "00:50:56:a2:9e:6f",
        "ipAddress": "10.10.101.81",
        "oif": "Vlan101",
        "state": "reachable",
        "remote": false,
        "vrf": "default",
        "hostname": "trading-switch-1",
        "namespace": "mroutes",
        "timestamp": 1654114614062,
        "sqvers": "1.0",
        "active": true
    },
    {
        "macaddr": "00:50:56:a2:92:24",
        "ipAddress": "10.10.101.91",
        "oif": "Vlan101",
        "state": "reachable",
        "remote": false,
        "vrf": "default",
        "hostname": "trading-switch-1",
        "namespace": "mroutes",
        "timestamp": 1654114614062,
        "sqvers": "1.0",
        "active": true
    },
    {
        "macaddr": "c0:d6:82:bf:6e:30",
        "ipAddress": "10.0.0.2",
        "oif": "Vlan4094",
        "state": "reachable",
        "remote": false,
        "vrf": "default",
        "hostname": "trading-switch-1",
        "namespace": "mroutes",
        "timestamp": 1654114614062,
        "sqvers": "1.0",
        "active": true
    },
    {
        "macaddr": "94:8e:d3:13:b7:ab",
        "ipAddress": "10.1.1.2",
        "oif": "Management1",
        "state": "reachable",
        "remote": false,
        "vrf": "default",
        "hostname": "trading-switch-1",
        "namespace": "mroutes",
        "timestamp": 1654114614062,
        "sqvers": "1.0",
        "active": true
    },
    {
        "macaddr": "d4:af:f7:73:b1:d0",
        "ipAddress": "10.1.1.3",
        "oif": "Management1",
        "state": "reachable",
        "remote": false,
        "vrf": "default",
        "hostname": "trading-switch-1",
        "namespace": "mroutes",
        "timestamp": 1654114614062,
        "sqvers": "1.0",
        "active": true
    },
    {
        "macaddr": "00:50:56:a2:f9:95",
        "ipAddress": "10.1.1.64",
        "oif": "Management1",
        "state": "reachable",
        "remote": false,
        "vrf": "default",
        "hostname": "trading-switch-1",
        "namespace": "mroutes",
        "timestamp": 1654114614062,
        "sqvers": "1.0",
        "active": true
    },
    {
        "macaddr": "52:54:00:9e:9f:4c",
        "ipAddress": "10.1.1.101",
        "oif": "Management1",
        "state": "reachable",
        "remote": false,
        "vrf": "default",
        "hostname": "trading-switch-1",
        "namespace": "mroutes",
        "timestamp": 1654114614062,
        "sqvers": "1.0",
        "active": true
    }
][
    {
        "macaddr": "e0:69:ba:63:b4:3c",
        "ipAddress": "192.168.100.0",
        "oif": "Ethernet30",
        "state": "reachable",
        "remote": false,
        "vrf": "Zone2",
        "hostname": "trading-switch-2",
        "namespace": "mroutes",
        "timestamp": 1654114614738,
        "sqvers": "1.0",
        "active": true
    },
    {
        "macaddr": "00:0f:53:96:32:30",
        "ipAddress": "10.100.105.70",
        "oif": "Vlan105",
        "state": "reachable",
        "remote": false,
        "vrf": "Zone2",
        "hostname": "trading-switch-2",
        "namespace": "mroutes",
        "timestamp": 1654114614738,
        "sqvers": "1.0",
        "active": true
    },
    {
        "macaddr": "94:8e:d3:13:b7:ab",
        "ipAddress": "10.1.1.2",
        "oif": "Management1",
        "state": "reachable",
        "remote": false,
        "vrf": "MGMT",
        "hostname": "trading-switch-2",
        "namespace": "mroutes",
        "timestamp": 1654114614738,
        "sqvers": "1.0",
        "active": true
    },
    {
        "macaddr": "00:50:56:a2:f9:95",
        "ipAddress": "10.1.1.64",
        "oif": "Management1",
        "state": "reachable",
        "remote": false,
        "vrf": "MGMT",
        "hostname": "trading-switch-2",
        "namespace": "mroutes",
        "timestamp": 1654114614738,
        "sqvers": "1.0",
        "active": true
    },
    {
        "macaddr": "52:54:00:9e:9f:4c",
        "ipAddress": "10.1.1.101",
        "oif": "Management1",
        "state": "reachable",
        "remote": false,
        "vrf": "MGMT",
        "hostname": "trading-switch-2",
        "namespace": "mroutes",
        "timestamp": 1654114614738,
        "sqvers": "1.0",
        "active": true
    },
    {
        "macaddr": "94:bf:94:bd:4e:57",
        "ipAddress": "10.10.10.1",
        "oif": "Ethernet44",
        "state": "reachable",
        "remote": false,
        "vrf": "default",
        "hostname": "trading-switch-2",
        "namespace": "mroutes",
        "timestamp": 1654114614738,
        "sqvers": "1.0",
        "active": true
    },
    {
        "macaddr": "c0:d6:82:bf:6a:24",
        "ipAddress": "10.0.1.5",
        "oif": "Vlan98",
        "state": "reachable",
        "remote": false,
        "vrf": "default",
        "hostname": "trading-switch-2",
        "namespace": "mroutes",
        "timestamp": 1654114614738,
        "sqvers": "1.0",
        "active": true
    },
    {
        "macaddr": "00:50:56:a2:3a:35",
        "ipAddress": "10.10.101.8",
        "oif": "Vlan101",
        "state": "reachable",
        "remote": false,
        "vrf": "default",
        "hostname": "trading-switch-2",
        "namespace": "mroutes",
        "timestamp": 1654114614738,
        "sqvers": "1.0",
        "active": true
    },
    {
        "macaddr": "00:50:56:a2:25:3b",
        "ipAddress": "10.10.101.11",
        "oif": "Vlan101",
        "state": "reachable",
        "remote": false,
        "vrf": "default",
        "hostname": "trading-switch-2",
        "namespace": "mroutes",
        "timestamp": 1654114614738,
        "sqvers": "1.0",
        "active": true
    },
    {
        "macaddr": "00:50:56:a2:82:b7",
        "ipAddress": "10.10.101.12",
        "oif": "Vlan101",
        "state": "reachable",
        "remote": false,
        "vrf": "default",
        "hostname": "trading-switch-2",
        "namespace": "mroutes",
        "timestamp": 1654114614738,
        "sqvers": "1.0",
        "active": true
    },
    {
        "macaddr": "00:50:56:a2:6e:fb",
        "ipAddress": "10.10.101.13",
        "oif": "Vlan101",
        "state": "reachable",
        "remote": false,
        "vrf": "default",
        "hostname": "trading-switch-2",
        "namespace": "mroutes",
        "timestamp": 1654114614738,
        "sqvers": "1.0",
        "active": true
    },
    {
        "macaddr": "00:50:56:a2:74:c0",
        "ipAddress": "10.10.101.22",
        "oif": "Vlan101",
        "state": "reachable",
        "remote": false,
        "vrf": "default",
        "hostname": "trading-switch-2",
        "namespace": "mroutes",
        "timestamp": 1654114614738,
        "sqvers": "1.0",
        "active": true
    },
    {
        "macaddr": "00:50:56:a2:d2:ed",
        "ipAddress": "10.10.101.26",
        "oif": "Vlan101",
        "state": "reachable",
        "remote": false,
        "vrf": "default",
        "hostname": "trading-switch-2",
        "namespace": "mroutes",
        "timestamp": 1654114614738,
        "sqvers": "1.0",
        "active": true
    },
    {
        "macaddr": "00:50:56:a2:13:9a",
        "ipAddress": "10.10.101.27",
        "oif": "Vlan101",
        "state": "reachable",
        "remote": false,
        "vrf": "default",
        "hostname": "trading-switch-2",
        "namespace": "mroutes",
        "timestamp": 1654114614738,
        "sqvers": "1.0",
        "active": true
    },
    {
        "macaddr": "00:50:56:a2:9e:02",
        "ipAddress": "10.10.101.28",
        "oif": "Vlan101",
        "state": "reachable",
        "remote": false,
        "vrf": "default",
        "hostname": "trading-switch-2",
        "namespace": "mroutes",
        "timestamp": 1654114614738,
        "sqvers": "1.0",
        "active": true
    },
    {
        "macaddr": "00:50:56:a2:6b:3e",
        "ipAddress": "10.10.101.30",
        "oif": "Vlan101",
        "state": "reachable",
        "remote": false,
        "vrf": "default",
        "hostname": "trading-switch-2",
        "namespace": "mroutes",
        "timestamp": 1654114614738,
        "sqvers": "1.0",
        "active": true
    },
    {
        "macaddr": "00:50:56:a2:af:04",
        "ipAddress": "10.10.101.31",
        "oif": "Vlan101",
        "state": "reachable",
        "remote": false,
        "vrf": "default",
        "hostname": "trading-switch-2",
        "namespace": "mroutes",
        "timestamp": 1654114614738,
        "sqvers": "1.0",
        "active": true
    },
    {
        "macaddr": "00:50:56:a2:19:20",
        "ipAddress": "10.10.101.33",
        "oif": "Vlan101",
        "state": "reachable",
        "remote": false,
        "vrf": "default",
        "hostname": "trading-switch-2",
        "namespace": "mroutes",
        "timestamp": 1654114614738,
        "sqvers": "1.0",
        "active": true
    },
    {
        "macaddr": "00:50:56:a2:50:a4",
        "ipAddress": "10.10.101.34",
        "oif": "Vlan101",
        "state": "reachable",
        "remote": false,
        "vrf": "default",
        "hostname": "trading-switch-2",
        "namespace": "mroutes",
        "timestamp": 1654114614738,
        "sqvers": "1.0",
        "active": true
    },
    {
        "macaddr": "00:50:56:a2:a5:78",
        "ipAddress": "10.10.101.35",
        "oif": "Vlan101",
        "state": "reachable",
        "remote": false,
        "vrf": "default",
        "hostname": "trading-switch-2",
        "namespace": "mroutes",
        "timestamp": 1654114614738,
        "sqvers": "1.0",
        "active": true
    },
    {
        "macaddr": "00:50:56:a2:c6:89",
        "ipAddress": "10.10.101.36",
        "oif": "Vlan101",
        "state": "reachable",
        "remote": false,
        "vrf": "default",
        "hostname": "trading-switch-2",
        "namespace": "mroutes",
        "timestamp": 1654114614738,
        "sqvers": "1.0",
        "active": true
    },
    {
        "macaddr": "00:50:56:a2:3c:87",
        "ipAddress": "10.10.101.37",
        "oif": "Vlan101",
        "state": "reachable",
        "remote": false,
        "vrf": "default",
        "hostname": "trading-switch-2",
        "namespace": "mroutes",
        "timestamp": 1654114614738,
        "sqvers": "1.0",
        "active": true
    },
    {
        "macaddr": "00:50:56:a2:51:5b",
        "ipAddress": "10.10.101.41",
        "oif": "Vlan101",
        "state": "reachable",
        "remote": false,
        "vrf": "default",
        "hostname": "trading-switch-2",
        "namespace": "mroutes",
        "timestamp": 1654114614738,
        "sqvers": "1.0",
        "active": true
    },
    {
        "macaddr": "00:50:56:a2:90:a3",
        "ipAddress": "10.10.101.43",
        "oif": "Vlan101",
        "state": "reachable",
        "remote": false,
        "vrf": "default",
        "hostname": "trading-switch-2",
        "namespace": "mroutes",
        "timestamp": 1654114614738,
        "sqvers": "1.0",
        "active": true
    },
    {
        "macaddr": "00:50:56:a2:fd:62",
        "ipAddress": "10.10.101.50",
        "oif": "Vlan101",
        "state": "reachable",
        "remote": false,
        "vrf": "default",
        "hostname": "trading-switch-2",
        "namespace": "mroutes",
        "timestamp": 1654114614738,
        "sqvers": "1.0",
        "active": true
    },
    {
        "macaddr": "00:50:56:a2:42:e5",
        "ipAddress": "10.10.101.53",
        "oif": "Vlan101",
        "state": "reachable",
        "remote": false,
        "vrf": "default",
        "hostname": "trading-switch-2",
        "namespace": "mroutes",
        "timestamp": 1654114614738,
        "sqvers": "1.0",
        "active": true
    },
    {
        "macaddr": "00:50:56:a2:98:9c",
        "ipAddress": "10.10.101.62",
        "oif": "Vlan101",
        "state": "reachable",
        "remote": false,
        "vrf": "default",
        "hostname": "trading-switch-2",
        "namespace": "mroutes",
        "timestamp": 1654114614738,
        "sqvers": "1.0",
        "active": true
    },
    {
        "macaddr": "00:50:56:a2:b4:9b",
        "ipAddress": "10.10.101.65",
        "oif": "Vlan101",
        "state": "reachable",
        "remote": false,
        "vrf": "default",
        "hostname": "trading-switch-2",
        "namespace": "mroutes",
        "timestamp": 1654114614738,
        "sqvers": "1.0",
        "active": true
    },
    {
        "macaddr": "00:50:56:a2:73:1c",
        "ipAddress": "10.10.101.76",
        "oif": "Vlan101",
        "state": "reachable",
        "remote": false,
        "vrf": "default",
        "hostname": "trading-switch-2",
        "namespace": "mroutes",
        "timestamp": 1654114614738,
        "sqvers": "1.0",
        "active": true
    },
    {
        "macaddr": "00:50:56:a2:9e:6f",
        "ipAddress": "10.10.101.81",
        "oif": "Vlan101",
        "state": "reachable",
        "remote": false,
        "vrf": "default",
        "hostname": "trading-switch-2",
        "namespace": "mroutes",
        "timestamp": 1654114614738,
        "sqvers": "1.0",
        "active": true
    },
    {
        "macaddr": "00:50:56:a2:92:24",
        "ipAddress": "10.10.101.91",
        "oif": "Vlan101",
        "state": "reachable",
        "remote": false,
        "vrf": "default",
        "hostname": "trading-switch-2",
        "namespace": "mroutes",
        "timestamp": 1654114614738,
        "sqvers": "1.0",
        "active": true
    },
    {
        "macaddr": "c0:d6:82:bf:6a:24",
        "ipAddress": "10.0.0.1",
        "oif": "Vlan4094",
        "state": "reachable",
        "remote": false,
        "vrf": "default",
        "hostname": "trading-switch-2",
        "namespace": "mroutes",
        "timestamp": 1654114614738,
        "sqvers": "1.0",
        "active": true
    }
][
    {
        "macaddr": "e0:69:ba:63:b4:3c",
        "ipAddress": "192.168.100.0",
        "oif": "Ethernet30",
        "state": "reachable",
        "remote": false,
        "vrf": "Zone2",
        "hostname": "trading-switch-2",
        "namespace": "prox",
        "timestamp": 1654195237144,
        "sqvers": "1.0",
        "active": true
    },
    {
        "macaddr": "00:0f:53:96:32:30",
        "ipAddress": "10.100.105.70",
        "oif": "Vlan105",
        "state": "reachable",
        "remote": false,
        "vrf": "Zone2",
        "hostname": "trading-switch-2",
        "namespace": "prox",
        "timestamp": 1654195237144,
        "sqvers": "1.0",
        "active": true
    },
    {
        "macaddr": "94:8e:d3:13:b7:ab",
        "ipAddress": "10.1.1.2",
        "oif": "Management1",
        "state": "reachable",
        "remote": false,
        "vrf": "MGMT",
        "hostname": "trading-switch-2",
        "namespace": "prox",
        "timestamp": 1654195237144,
        "sqvers": "1.0",
        "active": true
    },
    {
        "macaddr": "00:50:56:a2:f9:95",
        "ipAddress": "10.1.1.64",
        "oif": "Management1",
        "state": "reachable",
        "remote": false,
        "vrf": "MGMT",
        "hostname": "trading-switch-2",
        "namespace": "prox",
        "timestamp": 1654195237144,
        "sqvers": "1.0",
        "active": true
    },
    {
        "macaddr": "52:54:00:9e:9f:4c",
        "ipAddress": "10.1.1.101",
        "oif": "Management1",
        "state": "reachable",
        "remote": false,
        "vrf": "MGMT",
        "hostname": "trading-switch-2",
        "namespace": "prox",
        "timestamp": 1654195237144,
        "sqvers": "1.0",
        "active": true
    },
    {
        "macaddr": "94:bf:94:bd:4e:57",
        "ipAddress": "10.10.10.1",
        "oif": "Ethernet44",
        "state": "reachable",
        "remote": false,
        "vrf": "default",
        "hostname": "trading-switch-2",
        "namespace": "prox",
        "timestamp": 1654195237144,
        "sqvers": "1.0",
        "active": true
    },
    {
        "macaddr": "c0:d6:82:bf:6a:24",
        "ipAddress": "10.0.1.5",
        "oif": "Vlan98",
        "state": "reachable",
        "remote": false,
        "vrf": "default",
        "hostname": "trading-switch-2",
        "namespace": "prox",
        "timestamp": 1654195237144,
        "sqvers": "1.0",
        "active": true
    },
    {
        "macaddr": "c0:d6:82:bf:6a:24",
        "ipAddress": "10.10.101.2",
        "oif": "Vlan101",
        "state": "reachable",
        "remote": false,
        "vrf": "default",
        "hostname": "trading-switch-2",
        "namespace": "prox",
        "timestamp": 1654195237144,
        "sqvers": "1.0",
        "active": true
    },
    {
        "macaddr": "00:50:56:a2:82:b7",
        "ipAddress": "10.10.101.12",
        "oif": "Vlan101",
        "state": "reachable",
        "remote": false,
        "vrf": "default",
        "hostname": "trading-switch-2",
        "namespace": "prox",
        "timestamp": 1654195237144,
        "sqvers": "1.0",
        "active": true
    },
    {
        "macaddr": "00:50:56:a2:6e:fb",
        "ipAddress": "10.10.101.13",
        "oif": "Vlan101",
        "state": "reachable",
        "remote": false,
        "vrf": "default",
        "hostname": "trading-switch-2",
        "namespace": "prox",
        "timestamp": 1654195237144,
        "sqvers": "1.0",
        "active": true
    },
    {
        "macaddr": "00:50:56:a2:74:c0",
        "ipAddress": "10.10.101.22",
        "oif": "Vlan101",
        "state": "reachable",
        "remote": false,
        "vrf": "default",
        "hostname": "trading-switch-2",
        "namespace": "prox",
        "timestamp": 1654195237144,
        "sqvers": "1.0",
        "active": true
    },
    {
        "macaddr": "00:50:56:a2:d2:ed",
        "ipAddress": "10.10.101.26",
        "oif": "Vlan101",
        "state": "reachable",
        "remote": false,
        "vrf": "default",
        "hostname": "trading-switch-2",
        "namespace": "prox",
        "timestamp": 1654195237144,
        "sqvers": "1.0",
        "active": true
    },
    {
        "macaddr": "00:50:56:a2:13:9a",
        "ipAddress": "10.10.101.27",
        "oif": "Vlan101",
        "state": "reachable",
        "remote": false,
        "vrf": "default",
        "hostname": "trading-switch-2",
        "namespace": "prox",
        "timestamp": 1654195237144,
        "sqvers": "1.0",
        "active": true
    },
    {
        "macaddr": "00:50:56:a2:6b:3e",
        "ipAddress": "10.10.101.30",
        "oif": "Vlan101",
        "state": "reachable",
        "remote": false,
        "vrf": "default",
        "hostname": "trading-switch-2",
        "namespace": "prox",
        "timestamp": 1654195237144,
        "sqvers": "1.0",
        "active": true
    },
    {
        "macaddr": "00:50:56:a2:3c:87",
        "ipAddress": "10.10.101.37",
        "oif": "Vlan101",
        "state": "reachable",
        "remote": false,
        "vrf": "default",
        "hostname": "trading-switch-2",
        "namespace": "prox",
        "timestamp": 1654195237144,
        "sqvers": "1.0",
        "active": true
    },
    {
        "macaddr": "00:50:56:a2:51:5b",
        "ipAddress": "10.10.101.41",
        "oif": "Vlan101",
        "state": "reachable",
        "remote": false,
        "vrf": "default",
        "hostname": "trading-switch-2",
        "namespace": "prox",
        "timestamp": 1654195237144,
        "sqvers": "1.0",
        "active": true
    },
    {
        "macaddr": "00:50:56:a2:73:1c",
        "ipAddress": "10.10.101.76",
        "oif": "Vlan101",
        "state": "reachable",
        "remote": false,
        "vrf": "default",
        "hostname": "trading-switch-2",
        "namespace": "prox",
        "timestamp": 1654195237144,
        "sqvers": "1.0",
        "active": true
    },
    {
        "macaddr": "c0:d6:82:bf:6a:24",
        "ipAddress": "10.0.0.1",
        "oif": "Vlan4094",
        "state": "reachable",
        "remote": false,
        "vrf": "default",
        "hostname": "trading-switch-2",
        "namespace": "prox",
        "timestamp": 1654195237144,
        "sqvers": "1.0",
        "active": true
    }
][
    {
        "macaddr": "d4:eb:68:1a:30:7c",
        "ipAddress": "192.168.200.0",
        "oif": "Ethernet30",
        "state": "reachable",
        "remote": false,
        "vrf": "Zone2",
        "hostname": "trading-switch-1",
        "namespace": "prox",
        "timestamp": 1654195237164,
        "sqvers": "1.0",
        "active": true
    },
    {
        "macaddr": "d4:af:f7:73:b1:d1",
        "ipAddress": "10.10.103.5",
        "oif": "Vlan103",
        "state": "reachable",
        "remote": false,
        "vrf": "Zone2",
        "hostname": "trading-switch-1",
        "namespace": "prox",
        "timestamp": 1654195237164,
        "sqvers": "1.0",
        "active": true
    },
    {
        "macaddr": "00:0f:53:96:32:30",
        "ipAddress": "10.100.105.70",
        "oif": "Vlan105",
        "state": "reachable",
        "remote": false,
        "vrf": "Zone2",
        "hostname": "trading-switch-1",
        "namespace": "prox",
        "timestamp": 1654195237164,
        "sqvers": "1.0",
        "active": true
    },
    {
        "macaddr": "c0:d6:82:bf:6e:30",
        "ipAddress": "10.0.1.4",
        "oif": "Vlan98",
        "state": "reachable",
        "remote": false,
        "vrf": "default",
        "hostname": "trading-switch-1",
        "namespace": "prox",
        "timestamp": 1654195237164,
        "sqvers": "1.0",
        "active": true
    },
    {
        "macaddr": "00:1c:73:00:00:99",
        "ipAddress": "10.10.101.1",
        "oif": "Vlan101",
        "state": "reachable",
        "remote": false,
        "vrf": "default",
        "hostname": "trading-switch-1",
        "namespace": "prox",
        "timestamp": 1654195237164,
        "sqvers": "1.0",
        "active": true
    },
    {
        "macaddr": "c0:d6:82:bf:6e:30",
        "ipAddress": "10.10.101.3",
        "oif": "Vlan101",
        "state": "reachable",
        "remote": false,
        "vrf": "default",
        "hostname": "trading-switch-1",
        "namespace": "prox",
        "timestamp": 1654195237164,
        "sqvers": "1.0",
        "active": true
    },
    {
        "macaddr": "00:50:56:a2:3a:35",
        "ipAddress": "10.10.101.8",
        "oif": "Vlan101",
        "state": "reachable",
        "remote": false,
        "vrf": "default",
        "hostname": "trading-switch-1",
        "namespace": "prox",
        "timestamp": 1654195237164,
        "sqvers": "1.0",
        "active": true
    },
    {
        "macaddr": "00:50:56:a2:9e:02",
        "ipAddress": "10.10.101.28",
        "oif": "Vlan101",
        "state": "reachable",
        "remote": false,
        "vrf": "default",
        "hostname": "trading-switch-1",
        "namespace": "prox",
        "timestamp": 1654195237164,
        "sqvers": "1.0",
        "active": true
    },
    {
        "macaddr": "00:50:56:a2:6b:3e",
        "ipAddress": "10.10.101.30",
        "oif": "Vlan101",
        "state": "reachable",
        "remote": false,
        "vrf": "default",
        "hostname": "trading-switch-1",
        "namespace": "prox",
        "timestamp": 1654195237164,
        "sqvers": "1.0",
        "active": true
    },
    {
        "macaddr": "00:50:56:a2:50:a4",
        "ipAddress": "10.10.101.34",
        "oif": "Vlan101",
        "state": "reachable",
        "remote": false,
        "vrf": "default",
        "hostname": "trading-switch-1",
        "namespace": "prox",
        "timestamp": 1654195237164,
        "sqvers": "1.0",
        "active": true
    },
    {
        "macaddr": "00:50:56:a2:51:5b",
        "ipAddress": "10.10.101.41",
        "oif": "Vlan101",
        "state": "reachable",
        "remote": false,
        "vrf": "default",
        "hostname": "trading-switch-1",
        "namespace": "prox",
        "timestamp": 1654195237164,
        "sqvers": "1.0",
        "active": true
    },
    {
        "macaddr": "00:50:56:a2:42:e5",
        "ipAddress": "10.10.101.53",
        "oif": "Vlan101",
        "state": "reachable",
        "remote": false,
        "vrf": "default",
        "hostname": "trading-switch-1",
        "namespace": "prox",
        "timestamp": 1654195237164,
        "sqvers": "1.0",
        "active": true
    },
    {
        "macaddr": "00:50:56:a2:98:9c",
        "ipAddress": "10.10.101.62",
        "oif": "Vlan101",
        "state": "reachable",
        "remote": false,
        "vrf": "default",
        "hostname": "trading-switch-1",
        "namespace": "prox",
        "timestamp": 1654195237164,
        "sqvers": "1.0",
        "active": true
    },
    {
        "macaddr": "00:50:56:a2:b4:9b",
        "ipAddress": "10.10.101.65",
        "oif": "Vlan101",
        "state": "reachable",
        "remote": false,
        "vrf": "default",
        "hostname": "trading-switch-1",
        "namespace": "prox",
        "timestamp": 1654195237164,
        "sqvers": "1.0",
        "active": true
    },
    {
        "macaddr": "00:0f:53:96:31:10",
        "ipAddress": "10.10.101.68",
        "oif": "Vlan101",
        "state": "reachable",
        "remote": false,
        "vrf": "default",
        "hostname": "trading-switch-1",
        "namespace": "prox",
        "timestamp": 1654195237164,
        "sqvers": "1.0",
        "active": true
    },
    {
        "macaddr": "00:50:56:a2:92:24",
        "ipAddress": "10.10.101.91",
        "oif": "Vlan101",
        "state": "reachable",
        "remote": false,
        "vrf": "default",
        "hostname": "trading-switch-1",
        "namespace": "prox",
        "timestamp": 1654195237164,
        "sqvers": "1.0",
        "active": true
    },
    {
        "macaddr": "c0:d6:82:bf:6e:30",
        "ipAddress": "10.0.0.2",
        "oif": "Vlan4094",
        "state": "reachable",
        "remote": false,
        "vrf": "default",
        "hostname": "trading-switch-1",
        "namespace": "prox",
        "timestamp": 1654195237164,
        "sqvers": "1.0",
        "active": true
    },
    {
        "macaddr": "94:8e:d3:13:b7:ab",
        "ipAddress": "10.1.1.2",
        "oif": "Management1",
        "state": "reachable",
        "remote": false,
        "vrf": "default",
        "hostname": "trading-switch-1",
        "namespace": "prox",
        "timestamp": 1654195237164,
        "sqvers": "1.0",
        "active": true
    },
    {
        "macaddr": "d4:af:f7:73:b1:d0",
        "ipAddress": "10.1.1.3",
        "oif": "Management1",
        "state": "reachable",
        "remote": false,
        "vrf": "default",
        "hostname": "trading-switch-1",
        "namespace": "prox",
        "timestamp": 1654195237164,
        "sqvers": "1.0",
        "active": true
    },
    {
        "macaddr": "00:50:56:a2:f9:95",
        "ipAddress": "10.1.1.64",
        "oif": "Management1",
        "state": "reachable",
        "remote": false,
        "vrf": "default",
        "hostname": "trading-switch-1",
        "namespace": "prox",
        "timestamp": 1654195237164,
        "sqvers": "1.0",
        "active": true
    },
    {
        "macaddr": "52:54:00:9e:9f:4c",
        "ipAddress": "10.1.1.101",
        "oif": "Management1",
        "state": "reachable",
        "remote": false,
        "vrf": "default",
        "hostname": "trading-switch-1",
        "namespace": "prox",
        "timestamp": 1654195237164,
        "sqvers": "1.0",
        "active": true
    }
][
    {
        "macaddr": "d4:eb:68:1a:30:7c",
        "ipAddress": "192.168.200.0",
        "oif": "Ethernet30",
        "state": "reachable",
        "remote": false,
        "vrf": "Zone2",
        "hostname": "trading-switch-1",
        "namespace": "prox",
        "timestamp": 1654281906805,
        "sqvers": "1.0",
        "active": true
    },
    {
        "macaddr": "d4:af:f7:73:b1:d1",
        "ipAddress": "10.10.103.5",
        "oif": "Vlan103",
        "state": "reachable",
        "remote": false,
        "vrf": "Zone2",
        "hostname": "trading-switch-1",
        "namespace": "prox",
        "timestamp": 1654281906805,
        "sqvers": "1.0",
        "active": true
    },
    {
        "macaddr": "00:0f:53:96:32:30",
        "ipAddress": "10.100.105.70",
        "oif": "Vlan105",
        "state": "reachable",
        "remote": false,
        "vrf": "Zone2",
        "hostname": "trading-switch-1",
        "namespace": "prox",
        "timestamp": 1654281906805,
        "sqvers": "1.0",
        "active": true
    },
    {
        "macaddr": "c0:d6:82:bf:6e:30",
        "ipAddress": "10.0.1.4",
        "oif": "Vlan98",
        "state": "reachable",
        "remote": false,
        "vrf": "default",
        "hostname": "trading-switch-1",
        "namespace": "prox",
        "timestamp": 1654281906805,
        "sqvers": "1.0",
        "active": true
    },
    {
        "macaddr": "00:1c:73:00:00:99",
        "ipAddress": "10.10.101.1",
        "oif": "Vlan101",
        "state": "reachable",
        "remote": false,
        "vrf": "default",
        "hostname": "trading-switch-1",
        "namespace": "prox",
        "timestamp": 1654281906805,
        "sqvers": "1.0",
        "active": true
    },
    {
        "macaddr": "c0:d6:82:bf:6e:30",
        "ipAddress": "10.10.101.3",
        "oif": "Vlan101",
        "state": "reachable",
        "remote": false,
        "vrf": "default",
        "hostname": "trading-switch-1",
        "namespace": "prox",
        "timestamp": 1654281906805,
        "sqvers": "1.0",
        "active": true
    },
    {
        "macaddr": "c0:d6:82:bf:6e:30",
        "ipAddress": "10.0.0.2",
        "oif": "Vlan4094",
        "state": "reachable",
        "remote": false,
        "vrf": "default",
        "hostname": "trading-switch-1",
        "namespace": "prox",
        "timestamp": 1654281906805,
        "sqvers": "1.0",
        "active": true
    },
    {
        "macaddr": "00:13:c6:07:34:94",
        "ipAddress": "10.1.1.1",
        "oif": "Management1",
        "state": "reachable",
        "remote": false,
        "vrf": "default",
        "hostname": "trading-switch-1",
        "namespace": "prox",
        "timestamp": 1654281906805,
        "sqvers": "1.0",
        "active": true
    },
    {
        "macaddr": "94:8e:d3:13:b7:ab",
        "ipAddress": "10.1.1.2",
        "oif": "Management1",
        "state": "reachable",
        "remote": false,
        "vrf": "default",
        "hostname": "trading-switch-1",
        "namespace": "prox",
        "timestamp": 1654281906805,
        "sqvers": "1.0",
        "active": true
    },
    {
        "macaddr": "d4:af:f7:73:b1:d0",
        "ipAddress": "10.1.1.3",
        "oif": "Management1",
        "state": "reachable",
        "remote": false,
        "vrf": "default",
        "hostname": "trading-switch-1",
        "namespace": "prox",
        "timestamp": 1654281906805,
        "sqvers": "1.0",
        "active": true
    },
    {
        "macaddr": "00:50:56:a2:f9:95",
        "ipAddress": "10.1.1.64",
        "oif": "Management1",
        "state": "reachable",
        "remote": false,
        "vrf": "default",
        "hostname": "trading-switch-1",
        "namespace": "prox",
        "timestamp": 1654281906805,
        "sqvers": "1.0",
        "active": true
    },
    {
        "macaddr": "52:54:00:9e:9f:4c",
        "ipAddress": "10.1.1.101",
        "oif": "Management1",
        "state": "reachable",
        "remote": false,
        "vrf": "default",
        "hostname": "trading-switch-1",
        "namespace": "prox",
        "timestamp": 1654281906805,
        "sqvers": "1.0",
        "active": true
    }
][
    {
        "macaddr": "e0:69:ba:63:b4:3c",
        "ipAddress": "192.168.100.0",
        "oif": "Ethernet30",
        "state": "reachable",
        "remote": false,
        "vrf": "Zone2",
        "hostname": "trading-switch-2",
        "namespace": "prox",
        "timestamp": 1654281906842,
        "sqvers": "1.0",
        "active": true
    },
    {
        "macaddr": "00:0f:53:96:32:30",
        "ipAddress": "10.100.105.70",
        "oif": "Vlan105",
        "state": "reachable",
        "remote": false,
        "vrf": "Zone2",
        "hostname": "trading-switch-2",
        "namespace": "prox",
        "timestamp": 1654281906842,
        "sqvers": "1.0",
        "active": true
    },
    {
        "macaddr": "00:13:c6:07:34:94",
        "ipAddress": "10.1.1.1",
        "oif": "Management1",
        "state": "reachable",
        "remote": false,
        "vrf": "MGMT",
        "hostname": "trading-switch-2",
        "namespace": "prox",
        "timestamp": 1654281906842,
        "sqvers": "1.0",
        "active": true
    },
    {
        "macaddr": "94:8e:d3:13:b7:ab",
        "ipAddress": "10.1.1.2",
        "oif": "Management1",
        "state": "reachable",
        "remote": false,
        "vrf": "MGMT",
        "hostname": "trading-switch-2",
        "namespace": "prox",
        "timestamp": 1654281906842,
        "sqvers": "1.0",
        "active": true
    },
    {
        "macaddr": "00:50:56:a2:f9:95",
        "ipAddress": "10.1.1.64",
        "oif": "Management1",
        "state": "reachable",
        "remote": false,
        "vrf": "MGMT",
        "hostname": "trading-switch-2",
        "namespace": "prox",
        "timestamp": 1654281906842,
        "sqvers": "1.0",
        "active": true
    },
    {
        "macaddr": "52:54:00:9e:9f:4c",
        "ipAddress": "10.1.1.101",
        "oif": "Management1",
        "state": "reachable",
        "remote": false,
        "vrf": "MGMT",
        "hostname": "trading-switch-2",
        "namespace": "prox",
        "timestamp": 1654281906842,
        "sqvers": "1.0",
        "active": true
    },
    {
        "macaddr": "94:bf:94:bd:4e:57",
        "ipAddress": "10.10.10.1",
        "oif": "Ethernet44",
        "state": "reachable",
        "remote": false,
        "vrf": "default",
        "hostname": "trading-switch-2",
        "namespace": "prox",
        "timestamp": 1654281906842,
        "sqvers": "1.0",
        "active": true
    },
    {
        "macaddr": "c0:d6:82:bf:6a:24",
        "ipAddress": "10.0.1.5",
        "oif": "Vlan98",
        "state": "reachable",
        "remote": false,
        "vrf": "default",
        "hostname": "trading-switch-2",
        "namespace": "prox",
        "timestamp": 1654281906842,
        "sqvers": "1.0",
        "active": true
    },
    {
        "macaddr": "c0:d6:82:bf:6a:24",
        "ipAddress": "10.10.101.2",
        "oif": "Vlan101",
        "state": "reachable",
        "remote": false,
        "vrf": "default",
        "hostname": "trading-switch-2",
        "namespace": "prox",
        "timestamp": 1654281906842,
        "sqvers": "1.0",
        "active": true
    },
    {
        "macaddr": "c0:d6:82:bf:6a:24",
        "ipAddress": "10.0.0.1",
        "oif": "Vlan4094",
        "state": "reachable",
        "remote": false,
        "vrf": "default",
        "hostname": "trading-switch-2",
        "namespace": "prox",
        "timestamp": 1654281906842,
        "sqvers": "1.0",
        "active": true
    }
]