[
    {
        "peer": "192.168.200.0",
        "peerAsn": 65200,
        "asn": 65100,
        "vrf": "Zone2",
        "description": "Customer",
        "peerRouterId": "192.168.200.0",
        "routerId": "10.100.105.2",
        "clusterId": "",
        "state": "Established",
        "estdTime": 1653902218307.0,
        "holdTime": 30,
        "keepaliveTime": 10,
        "configHoldtime": "30",
        "configKeepalive": "10",
        "bfdStatus": "up",
        "rrclient": "False",
        "afi": "ipv4",
        "safi": "unicast",
        "afisAdvOnly": [],
        "afisRcvOnly": [],
        "TYPE": "",
        "iMapafisafi": [],
        "oMapafisafi": [],
        "ingressRmap": "",
        "egressRmap": "",
        "pfxRx": 1,
        "pfxBestRx": 1,
        "pfxTx": 1,
        "pfxSuppressTx": "",
        "pfxWithdrawnTx": "",
        "updatesTx": 2,
        "updatesRx": 2,
        "pfxMaxRx": 0,
        "defOriginate": false,
        "nextHopSelf": "",
        "communityTypes": [
            "standard"
        ],
        "passive": "",
        "numChanges": 1,
        "peerIP": "192.168.200.0",
        "updateSource": "192.168.200.1",
        "lastDownTime": 0,
        "softReconfig": false,
        "reason": "",
        "errorMsg": "",
        "notificnReason": "",
        "notificnReasonRx": "",
        "hopsMax": 1,
        "hostname": "trading-switch-1",
        "namespace": "mroutes",
        "timestamp": 1654114618307,
        "sqvers": "2.0",
        "origPeer": "",
        "pfxWithdrawnRx": 0,
        "pfxSuppressRx": 0,
        "pfxWarnPercent": 0,
        "advertiseAllVnis": false,
        "peerHostname": "",
        "nhUnchanged": false,
        "nhSelf": false,
        "extnhAdvertised": false,
        "extnhReceived": false,
        "extnhEnabled": false,
        "mrai": 0,
        "ifname": "",
        "active": true
    },
    {
        "peer": "192.168.200.0",
        "peerAsn": 65200,
        "asn": 65100,
        "vrf": "Zone2",
        "description": "Customer",
        "peerRouterId": "192.168.200.0",
        "routerId": "10.100.105.2",
        "clusterId": "",
        "state": "Established",
        "estdTime": 1653902218307.0,
        "holdTime": 30,
        "keepaliveTime": 10,
        "configHoldtime": "30",
        "configKeepalive": "10",
        "bfdStatus": "up",
        "rrclient": "False",
        "afi": "ipv6",
        "safi": "unicast",
        "afisAdvOnly": [],
        "afisRcvOnly": [],
        "TYPE": "",
        "iMapafisafi": [],
        "oMapafisafi": [],
        "ingressRmap": "",
        "egressRmap": "",
        "pfxRx": 0,
        "pfxBestRx": 0,
        "pfxTx": 0,
        "pfxSuppressTx": "",
        "pfxWithdrawnTx": "",
        "updatesTx": 2,
        "updatesRx": 2,
        "pfxMaxRx": 0,
        "defOriginate": false,
        "nextHopSelf": "",
        "communityTypes": [
            "standard"
        ],
        "passive": "",
        "numChanges": 1,
        "peerIP": "192.168.200.0",
        "updateSource": "192.168.200.1",
        "lastDownTime": 0,
        "softReconfig": false,
        "reason": "",
        "errorMsg": "",
        "notificnReason": "",
        "notificnReasonRx": "",
        "hopsMax": 1,
        "hostname": "trading-switch-1",
        "namespace": "mroutes",
        "timestamp": 1654114618307,
        "sqvers": "2.0",
        "origPeer": "",
        "pfxWithdrawnRx": 0,
        "pfxSuppressRx": 0,
        "pfxWarnPercent": 0,
        "advertiseAllVnis": false,
        "peerHostname": "",
        "nhUnchanged": false,
        "nhSelf": false,
        "extnhAdvertised": false,
        "extnhReceived": false,
        "extnhEnabled": false,
        "mrai": 0,
        "ifname": "",
        "active": true
    }
][
    {
        "peer": "192.168.100.0",
        "peerAsn": 65200,
        "asn": 65100,
        "vrf": "Zone2",
        "description": "Customer",
        "peerRouterId": "10.100.200.3",
        "routerId": "192.168.103.3",
        "clusterId": "",
        "state": "Established",
        "estdTime": 1647713818807.0,
        "holdTime": 30,
        "keepaliveTime": 10,
        "configHoldtime": "30",
        "configKeepalive": "10",
        "bfdStatus": "up",
        "rrclient": "False",
        "afi": "ipv4",
        "safi": "unicast",
        "afisAdvOnly": [],
        "afisRcvOnly": [],
        "TYPE": "",
        "iMapafisafi": [],
        "oMapafisafi": [],
        "ingressRmap": "",
        "egressRmap": "",
        "pfxRx": 1,
        "pfxBestRx": 1,
        "pfxTx": 2,
        "pfxSuppressTx": "",
        "pfxWithdrawnTx": "",
        "updatesTx": 7,
        "updatesRx": 5,
        "pfxMaxRx": 0,
        "defOriginate": false,
        "nextHopSelf": "",
        "communityTypes": [
            "standard"
        ],
        "passive": "",
        "numChanges": 2,
        "peerIP": "192.168.100.0",
        "updateSource": "192.168.100.1",
        "lastDownTime": 0,
        "softReconfig": false,
        "reason": "notification:Cease/other configuration change",
        "errorMsg": "",
        "notificnReason": "",
        "notificnReasonRx": "",
        "hopsMax": 1,
        "hostname": "trading-switch-2",
        "namespace": "mroutes",
        "timestamp": 1654114618807,
        "sqvers": "2.0",
        "origPeer": "",
        "pfxWithdrawnRx": 0,
        "pfxSuppressRx": 0,
        "pfxWarnPercent": 0,
        "advertiseAllVnis": false,
        "peerHostname": "",
        "nhUnchanged": false,
        "nhSelf": false,
        "extnhAdvertised": false,
        "extnhReceived": false,
        "extnhEnabled": false,
        "mrai": 0,
        "ifname": "",
        "active": true
    },
    {
        "peer": "192.168.100.0",
        "peerAsn": 65200,
        "asn": 65100,
        "vrf": "Zone2",
        "description": "Customer",
        "peerRouterId": "10.100.200.3",
        "routerId": "192.168.103.3",
        "clusterId": "",
        "state": "Established",
        "estdTime": 1647713818807.0,
        "holdTime": 30,
        "keepaliveTime": 10,
        "configHoldtime": "30",
        "configKeepalive": "10",
        "bfdStatus": "up",
        "rrclient": "False",
        "afi": "ipv6",
        "safi": "unicast",
        "afisAdvOnly": [],
        "afisRcvOnly": [],
        "TYPE": "",
        "iMapafisafi": [],
        "oMapafisafi": [],
        "ingressRmap": "",
        "egressRmap": "",
        "pfxRx": 0,
        "pfxBestRx": 0,
        "pfxTx": 0,
        "pfxSuppressTx": "",
        "pfxWithdrawnTx": "",
        "updatesTx": 7,
        "updatesRx": 5,
        "pfxMaxRx": 0,
        "defOriginate": false,
        "nextHopSelf": "",
        "communityTypes": [
            "standard"
        ],
        "passive": "",
        "numChanges": 2,
        "peerIP": "192.168.100.0",
        "updateSource": "192.168.100.1",
        "lastDownTime": 0,
        "softReconfig": false,
        "reason": "notification:Cease/other configuration change",
        "errorMsg": "",
        "notificnReason": "",
        "notificnReasonRx": "",
        "hopsMax": 1,
        "hostname": "trading-switch-2",
        "namespace": "mroutes",
        "timestamp": 1654114618807,
        "sqvers": "2.0",
        "origPeer": "",
        "pfxWithdrawnRx": 0,
        "pfxSuppressRx": 0,
        "pfxWarnPercent": 0,
        "advertiseAllVnis": false,
        "peerHostname": "",
        "nhUnchanged": false,
        "nhSelf": false,
        "extnhAdvertised": false,
        "extnhReceived": false,
        "extnhEnabled": false,
        "mrai": 0,
        "ifname": "",
        "active": true
    }
][
    {
        "peer": "192.168.200.0",
        "peerAsn": 65200,
        "asn": 65100,
        "vrf": "Zone2",
        "description": "Customer",
        "peerRouterId": "192.168.200.0",
        "routerId": "10.100.105.2",
        "clusterId": "",
        "state": "Established",
        "estdTime": 1653900039754.0,
        "holdTime": 30,
        "keepaliveTime": 10,
        "configHoldtime": "30",
        "configKeepalive": "10",
        "bfdStatus": "up",
        "rrclient": "False",
        "afi": "ipv4",
        "safi": "unicast",
        "afisAdvOnly": [],
        "afisRcvOnly": [],
        "TYPE": "",
        "iMapafisafi": [],
        "oMapafisafi": [],
        "ingressRmap": "",
        "egressRmap": "",
        "pfxRx": 1,
        "pfxBestRx": 1,
        "pfxTx": 1,
        "pfxSuppressTx": "",
        "pfxWithdrawnTx": "",
        "updatesTx": 2,
        "updatesRx": 2,
        "pfxMaxRx": 0,
        "defOriginate": false,
        "nextHopSelf": "",
        "communityTypes": [
            "standard"
        ],
        "passive": "",
        "numChanges": 1,
        "peerIP": "192.168.200.0",
        "updateSource": "192.168.200.1",
        "lastDownTime": 0,
        "softReconfig": false,
        "reason": "",
        "errorMsg": "",
        "notificnReason": "",
        "notificnReasonRx": "",
        "hopsMax": 1,
        "hostname": "trading-switch-1",
        "namespace": "prox",
        "timestamp": 1654195239754,
        "sqvers": "2.0",
        "origPeer": "",
        "pfxWithdrawnRx": 0,
        "pfxSuppressRx": 0,
        "pfxWarnPercent": 0,
        "advertiseAllVnis": false,
        "peerHostname": "",
        "nhUnchanged": false,
        "nhSelf": false,
        "extnhAdvertised": false,
        "extnhReceived": false,
        "extnhEnabled": false,
        "mrai": 0,
        "ifname": "",
        "active": true
    },
    {
        "peer": "192.168.200.0",
        "peerAsn": 65200,
        "asn": 65100,
        "vrf": "Zone2",
        "description": "Customer",
        "peerRouterId": "192.168.200.0",
        "routerId": "10.100.105.2",
        "clusterId": "",
        "state": "Established",
        "estdTime": 1653900039754.0,
        "holdTime": 30,
        "keepaliveTime": 10,
        "configHoldtime": "30",
        "configKeepalive": "10",
        "bfdStatus": "up",
        "rrclient": "False",
        "afi": "ipv6",
        "safi": "unicast",
        "afisAdvOnly": [],
        "afisRcvOnly": [],
        "TYPE": "",
        "iMapafisafi": [],
        "oMapafisafi": [],
        "ingressRmap": "",
        "egressRmap": "",
        "pfxRx": 0,
        "pfxBestRx": 0,
        "pfxTx": 0,
        "pfxSuppressTx": "",
        "pfxWithdrawnTx": "",
        "updatesTx": 2,
        "updatesRx": 2,
        "pfxMaxRx": 0,
        "defOriginate": false,
        "nextHopSelf": "",
        "communityTypes": [
            "standard"
        ],
        "passive": "",
        "numChanges": 1,
        "peerIP": "192.168.200.0",
        "updateSource": "192.168.200.1",
        "lastDownTime": 0,
        "softReconfig": false,
        "reason": "",
        "errorMsg": "",
        "notificnReason": "",
        "notificnReasonRx": "",
        "hopsMax": 1,
        "hostname": "trading-switch-1",
        "namespace": "prox",
        "timestamp": 1654195239754,
        "sqvers": "2.0",
        "origPeer": "",
        "pfxWithdrawnRx": 0,
        "pfxSuppressRx": 0,
        "pfxWarnPercent": 0,
        "advertiseAllVnis": false,
        "peerHostname": "",
        "nhUnchanged": false,
        "nhSelf": false,
        "extnhAdvertised": false,
        "extnhReceived": false,
        "extnhEnabled": false,
        "mrai": 0,
        "ifname": "",
        "active": true
    }
][
    {
        "peer": "192.168.100.0",
        "peerAsn": 65200,
        "asn": 65100,
        "vrf": "Zone2",
        "description": "Customer",
        "peerRouterId": "10.100.200.3",
        "routerId": "192.168.103.3",
        "clusterId": "",
        "state": "Established",
        "estdTime": 1647715242029.0,
        "holdTime": 30,
        "keepaliveTime": 10,
        "configHoldtime": "30",
        "configKeepalive": "10",
        "bfdStatus": "up",
        "rrclient": "False",
        "afi": "ipv4",
        "safi": "unicast",
        "afisAdvOnly": [],
        "afisRcvOnly": [],
        "TYPE": "",
        "iMapafisafi": [],
        "oMapafisafi": [],
        "ingressRmap": "",
        "egressRmap": "",
        "pfxRx": 1,
        "pfxBestRx": 1,
        "pfxTx": 2,
        "pfxSuppressTx": "",
        "pfxWithdrawnTx": "",
        "updatesTx": 7,
        "updatesRx": 5,
        "pfxMaxRx": 0,
        "defOriginate": false,
        "nextHopSelf": "",
        "communityTypes": [
            "standard"
        ],
        "passive": "",
        "numChanges": 2,
        "peerIP": "192.168.100.0",
        "updateSource": "192.168.100.1",
        "lastDownTime": 0,
        "softReconfig": false,
        "reason": "notification:Cease/other configuration change",
        "errorMsg": "",
        "notificnReason": "",
        "notificnReasonRx": "",
        "hopsMax": 1,
        "hostname": "trading-switch-2",
        "namespace": "prox",
        "timestamp": 1654195242029,
        "sqvers": "2.0",
        "origPeer": "",
        "pfxWithdrawnRx": 0,
        "pfxSuppressRx": 0,
        "pfxWarnPercent": 0,
        "advertiseAllVnis": false,
        "peerHostname": "",
        "nhUnchanged": false,
        "nhSelf": false,
        "extnhAdvertised": false,
        "extnhReceived": false,
        "extnhEnabled": false,
        "mrai": 0,
        "ifname": "",
        "active": true
    },
    {
        "peer": "192.168.100.0",
        "peerAsn": 65200,
        "asn": 65100,
        "vrf": "Zone2",
        "description": "Customer",
        "peerRouterId": "10.100.200.3",
        "routerId": "192.168.103.3",
        "clusterId": "",
        "state": "Established",
        "estdTime": 1647715242029.0,
        "holdTime": 30,
        "keepaliveTime": 10,
        "configHoldtime": "30",
        "configKeepalive": "10",
        "bfdStatus": "up",
        "rrclient": "False",
        "afi": "ipv6",
        "safi": "unicast",
        "afisAdvOnly": [],
        "afisRcvOnly": [],
        "TYPE": "",
        "iMapafisafi": [],
        "oMapafisafi": [],
        "ingressRmap": "",
        "egressRmap": "",
        "pfxRx": 0,
        "pfxBestRx": 0,
        "pfxTx": 0,
        "pfxSuppressTx": "",
        "pfxWithdrawnTx": "",
        "updatesTx": 7,
        "updatesRx": 5,
        "pfxMaxRx": 0,
        "defOriginate": false,
        "nextHopSelf": "",
        "communityTypes": [
            "standard"
        ],
        "passive": "",
        "numChanges": 2,
        "peerIP": "192.168.100.0",
        "updateSource": "192.168.100.1",
        "lastDownTime": 0,
        "softReconfig": false,
        "reason": "notification:Cease/other configuration change",
        "errorMsg": "",
        "notificnReason": "",
        "notificnReasonRx": "",
        "hopsMax": 1,
        "hostname": "trading-switch-2",
        "namespace": "prox",
        "timestamp": 1654195242029,
        "sqvers": "2.0",
        "origPeer": "",
        "pfxWithdrawnRx": 0,
        "pfxSuppressRx": 0,
        "pfxWarnPercent": 0,
        "advertiseAllVnis": false,
        "peerHostname": "",
        "nhUnchanged": false,
        "nhSelf": false,
        "extnhAdvertised": false,
        "extnhReceived": false,
        "extnhEnabled": false,
        "mrai": 0,
        "ifname": "",
        "active": true
    }
][
    {
        "peer": "192.168.200.0",
        "peerAsn": 65200,
        "asn": 65100,
        "vrf": "Zone2",
        "description": "Customer",
        "peerRouterId": "192.168.200.0",
        "routerId": "10.100.105.2",
        "clusterId": "",
        "state": "Established",
        "estdTime": 1653900309787.0,
        "holdTime": 30,
        "keepaliveTime": 10,
        "configHoldtime": "30",
        "configKeepalive": "10",
        "bfdStatus": "up",
        "rrclient": "False",
        "afi": "ipv4",
        "safi": "unicast",
        "afisAdvOnly": [],
        "afisRcvOnly": [],
        "TYPE": "",
        "iMapafisafi": [],
        "oMapafisafi": [],
        "ingressRmap": "",
        "egressRmap": "",
        "pfxRx": 1,
        "pfxBestRx": 1,
        "pfxTx": 1,
        "pfxSuppressTx": "",
        "pfxWithdrawnTx": "",
        "updatesTx": 2,
        "updatesRx": 2,
        "pfxMaxRx": 0,
        "defOriginate": false,
        "nextHopSelf": "",
        "communityTypes": [
            "standard"
        ],
        "passive": "",
        "numChanges": 1,
        "peerIP": "192.168.200.0",
        "updateSource": "192.168.200.1",
        "lastDownTime": 0,
        "softReconfig": false,
        "reason": "",
        "errorMsg": "",
        "notificnReason": "",
        "notificnReasonRx": "",
        "hopsMax": 1,
        "hostname": "trading-switch-1",
        "namespace": "prox",
        "timestamp": 1654281909787,
        "sqvers": "2.0",
        "origPeer": "",
        "pfxWithdrawnRx": 0,
        "pfxSuppressRx": 0,
        "pfxWarnPercent": 0,
        "advertiseAllVnis": false,
        "peerHostname": "",
        "nhUnchanged": false,
        "nhSelf": false,
        "extnhAdvertised": false,
        "extnhReceived": false,
        "extnhEnabled": false,
        "mrai": 0,
        "ifname": "",
        "active": true
    },
    {
        "peer": "192.168.200.0",
        "peerAsn": 65200,
        "asn": 65100,
        "vrf": "Zone2",
        "description": "Customer",
        "peerRouterId": "192.168.200.0",
        "routerId": "10.100.105.2",
        "clusterId": "",
        "state": "Established",
        "estdTime": 1653900309787.0,
        "holdTime": 30,
        "keepaliveTime": 10,
        "configHoldtime": "30",
        "configKeepalive": "10",
        "bfdStatus": "up",
        "rrclient": "False",
        "afi": "ipv6",
        "safi": "unicast",
        "afisAdvOnly": [],
        "afisRcvOnly": [],
        "TYPE": "",
        "iMapafisafi": [],
        "oMapafisafi": [],
        "ingressRmap": "",
        "egressRmap": "",
        "pfxRx": 0,
        "pfxBestRx": 0,
        "pfxTx": 0,
        "pfxSuppressTx": "",
        "pfxWithdrawnTx": "",
        "updatesTx": 2,
        "updatesRx": 2,
        "pfxMaxRx": 0,
        "defOriginate": false,
        "nextHopSelf": "",
        "communityTypes": [
            "standard"
        ],
        "passive": "",
        "numChanges": 1,
        "peerIP": "192.168.200.0",
        "updateSource": "192.168.200.1",
        "lastDownTime": 0,
        "softReconfig": false,
        "reason": "",
        "errorMsg": "",
        "notificnReason": "",
        "notificnReasonRx": "",
        "hopsMax": 1,
        "hostname": "trading-switch-1",
        "namespace": "prox",
        "timestamp": 1654281909787,
        "sqvers": "2.0",
        "origPeer": "",
        "pfxWithdrawnRx": 0,
        "pfxSuppressRx": 0,
        "pfxWarnPercent": 0,
        "advertiseAllVnis": false,
        "peerHostname": "",
        "nhUnchanged": false,
        "nhSelf": false,
        "extnhAdvertised": false,
        "extnhReceived": false,
        "extnhEnabled": false,
        "mrai": 0,
        "ifname": "",
        "active": true
    }
][
    {
        "peer": "192.168.100.0",
        "peerAsn": 65200,
        "asn": 65100,
        "vrf": "Zone2",
        "description": "Customer",
        "peerRouterId": "10.100.200.3",
        "routerId": "192.168.103.3",
        "clusterId": "",
        "state": "Established",
        "estdTime": 1647715510337.0,
        "holdTime": 30,
        "keepaliveTime": 10,
        "configHoldtime": "30",
        "configKeepalive": "10",
        "bfdStatus": "up",
        "rrclient": "False",
        "afi": "ipv4",
        "safi": "unicast",
        "afisAdvOnly": [],
        "afisRcvOnly": [],
        "TYPE": "",
        "iMapafisafi": [],
        "oMapafisafi": [],
        "ingressRmap": "",
        "egressRmap": "",
        "pfxRx": 1,
        "pfxBestRx": 1,
        "pfxTx": 2,
        "pfxSuppressTx": "",
        "pfxWithdrawnTx": "",
        "updatesTx": 7,
        "updatesRx": 5,
        "pfxMaxRx": 0,
        "defOriginate": false,
        "nextHopSelf": "",
        "communityTypes": [
            "standard"
        ],
        "passive": "",
        "numChanges": 2,
        "peerIP": "192.168.100.0",
        "updateSource": "192.168.100.1",
        "lastDownTime": 0,
        "softReconfig": false,
        "reason": "notification:Cease/other configuration change",
        "errorMsg": "",
        "notificnReason": "",
        "notificnReasonRx": "",
        "hopsMax": 1,
        "hostname": "trading-switch-2",
        "namespace": "prox",
        "timestamp": 1654281910337,
        "sqvers": "2.0",
        "origPeer": "",
        "pfxWithdrawnRx": 0,
        "pfxSuppressRx": 0,
        "pfxWarnPercent": 0,
        "advertiseAllVnis": false,
        "peerHostname": "",
        "nhUnchanged": false,
        "nhSelf": false,
        "extnhAdvertised": false,
        "extnhReceived": false,
        "extnhEnabled": false,
        "mrai": 0,
        "ifname": "",
        "active": true
    },
    {
        "peer": "192.168.100.0",
        "peerAsn": 65200,
        "asn": 65100,
        "vrf": "Zone2",
        "description": "Customer",
        "peerRouterId": "10.100.200.3",
        "routerId": "192.168.103.3",
        "clusterId": "",
        "state": "Established",
        "estdTime": 1647715510337.0,
        "holdTime": 30,
        "keepaliveTime": 10,
        "configHoldtime": "30",
        "configKeepalive": "10",
        "bfdStatus": "up",
        "rrclient": "False",
        "afi": "ipv6",
        "safi": "unicast",
        "afisAdvOnly": [],
        "afisRcvOnly": [],
        "TYPE": "",
        "iMapafisafi": [],
        "oMapafisafi": [],
        "ingressRmap": "",
        "egressRmap": "",
        "pfxRx": 0,
        "pfxBestRx": 0,
        "pfxTx": 0,
        "pfxSuppressTx": "",
        "pfxWithdrawnTx": "",
        "updatesTx": 7,
        "updatesRx": 5,
        "pfxMaxRx": 0,
        "defOriginate": false,
        "nextHopSelf": "",
        "communityTypes": [
            "standard"
        ],
        "passive": "",
        "numChanges": 2,
        "peerIP": "192.168.100.0",
        "updateSource": "192.168.100.1",
        "lastDownTime": 0,
        "softReconfig": false,
        "reason": "notification:Cease/other configuration change",
        "errorMsg": "",
        "notificnReason": "",
        "notificnReasonRx": "",
        "hopsMax": 1,
        "hostname": "trading-switch-2",
        "namespace": "prox",
        "timestamp": 1654281910337,
        "sqvers": "2.0",
        "origPeer": "",
        "pfxWithdrawnRx": 0,
        "pfxSuppressRx": 0,
        "pfxWarnPercent": 0,
        "advertiseAllVnis": false,
        "peerHostname": "",
        "nhUnchanged": false,
        "nhSelf": false,
        "extnhAdvertised": false,
        "extnhReceived": false,
        "extnhEnabled": false,
        "mrai": 0,
        "ifname": "",
        "active": true
    }
]