[
    {
        "model": "DCS-7060SX2-48YC6-R",
        "version": "4.25.3M",
        "vendor": "Arista",
        "os": "eos",
        "architecture": "i686",
        "serialNumber": "JPE20430064",
        "bootupTimestamp": 1653898986.0,
        "status": "alive",
        "address": "10.1.1.5",
        "hostname": "trading-switch-1",
        "namespace": "mroutes",
        "timestamp": 1654114615262,
        "sqvers": "2.0",
        "active": true
    }
][
    {
        "model": "DCS-7060SX2-48YC6-R",
        "version": "4.25.3M",
        "vendor": "Arista",
        "os": "eos",
        "architecture": "i686",
        "serialNumber": "JPE20430136",
        "bootupTimestamp": 1620142150.0,
        "status": "alive",
        "address": "10.1.1.6",
        "hostname": "trading-switch-2",
        "namespace": "mroutes",
        "timestamp": 1654114615872,
        "sqvers": "2.0",
        "active": true
    }
][
    {
        "model": "DCS-7060SX2-48YC6-R",
        "version": "4.25.3M",
        "vendor": "Arista",
        "os": "eos",
        "architecture": "i686",
        "serialNumber": "JPE20430136",
        "bootupTimestamp": 1620142150.0,
        "status": "alive",
        "address": "10.1.1.6",
        "hostname": "trading-switch-2",
        "namespace": "prox",
        "timestamp": 1654195238295,
        "sqvers": "2.0",
        "active": true
    }
][
    {
        "model": "DCS-7060SX2-48YC6-R",
        "version": "4.25.3M",
        "vendor": "Arista",
        "os": "eos",
        "architecture": "i686",
        "serialNumber": "JPE20430064",
        "bootupTimestamp": 1653898986.0,
        "status": "alive",
        "address": "10.1.1.5",
        "hostname": "trading-switch-1",
        "namespace": "prox",
        "timestamp": 1654195238300,
        "sqvers": "2.0",
        "active": true
    }
][
    {
        "model": "DCS-7060SX2-48YC6-R",
        "version": "4.25.3M",
        "vendor": "Arista",
        "os": "eos",
        "architecture": "i686",
        "serialNumber": "JPE20430064",
        "bootupTimestamp": 1653898986.0,
        "status": "alive",
        "address": "10.1.1.5",
        "hostname": "trading-switch-1",
        "namespace": "prox",
        "timestamp": 1654281911579,
        "sqvers": "2.0",
        "active": true
    }
][
    {
        "model": "DCS-7060SX2-48YC6-R",
        "version": "4.25.3M",
        "vendor": "Arista",
        "os": "eos",
        "architecture": "i686",
        "serialNumber": "JPE20430136",
        "bootupTimestamp": 1620142150.0,
        "status": "alive",
        "address": "10.1.1.6",
        "hostname": "trading-switch-2",
        "namespace": "prox",
        "timestamp": 1654281911723,
        "sqvers": "2.0",
        "active": true
    }
]