[
    {
        "status": 0,
        "timestamp": 1651512536600,
        "cmd": "show interfaces counters| json",
        "devtype": "eos",
        "namespace": "mroutes",
        "hostname": "leaf1",
        "address": "172.22.0.6",
        "version": "4.25.4M-22402993.4254M (engineering build)",
        "data": "{\n    \"interfaces\": {\n        \"Management0\": {\n            \"outBroadcastPkts\": 0,\n            \"outUcastPkts\": 80507,\n            \"inMulticastPkts\": 0,\n            \"lastUpdateTimestamp\": 1651512535.7641063,\n            \"inBroadcastPkts\": 0,\n            \"inOctets\": 14295469,\n            \"outDiscards\": 0,\n            \"outOctets\": 7579850,\n            \"inUcastPkts\": 150342,\n            \"outMulticastPkts\": 0,\n            \"inDiscards\": 0\n        },\n        \"Ethernet2\": {\n            \"outBroadcastPkts\": 0,\n            \"outUcastPkts\": 0,\n            \"inMulticastPkts\": 150265,\n            \"lastUpdateTimestamp\": 1650298095.2726254,\n            \"inBroadcastPkts\": 1,\n            \"inOctets\": 13236756,\n            \"outDiscards\": 0,\n            \"outOctets\": 148,\n            \"inUcastPkts\": 130,\n            \"outMulticastPkts\": 2,\n            \"inDiscards\": 0\n        },\n        \"Ethernet3\": {\n            \"outBroadcastPkts\": 0,\n            \"outUcastPkts\": 0,\n            \"inMulticastPkts\": 571,\n            \"lastUpdateTimestamp\": 1651512530.7693412,\n            \"inBroadcastPkts\": 0,\n            \"inOctets\": 42254,\n            \"outDiscards\": 0,\n            \"outOctets\": 16956928,\n            \"inUcastPkts\": 0,\n            \"outMulticastPkts\": 206792,\n            \"inDiscards\": 0\n        },\n        \"Ethernet1\": {\n            \"outBroadcastPkts\": 0,\n            \"outUcastPkts\": 0,\n            \"inMulticastPkts\": 840195,\n            \"lastUpdateTimestamp\": 1651512533.0636208,\n            \"inBroadcastPkts\": 10,\n            \"inOctets\": 87940224,\n            \"outDiscards\": 0,\n            \"outOctets\": 296,\n            \"inUcastPkts\": 201,\n            \"outMulticastPkts\": 4,\n            \"inDiscards\": 0\n        }\n    }\n}\n"
    }
][
    {
        "status": 0,
        "timestamp": 1651512536667,
        "cmd": "show interfaces counters| json",
        "devtype": "eos",
        "namespace": "mroutes",
        "hostname": "leaf2",
        "address": "172.22.0.9",
        "version": "4.25.4M-22402993.4254M (engineering build)",
        "data": "{\n    \"interfaces\": {\n        \"Management0\": {\n            \"outBroadcastPkts\": 0,\n            \"outUcastPkts\": 80705,\n            \"inMulticastPkts\": 0,\n            \"lastUpdateTimestamp\": 1651512535.8130815,\n            \"inBroadcastPkts\": 0,\n            \"inOctets\": 14297381,\n            \"outDiscards\": 0,\n            \"outOctets\": 7596076,\n            \"inUcastPkts\": 150374,\n            \"outMulticastPkts\": 0,\n            \"inDiscards\": 0\n        },\n        \"Ethernet2\": {\n            \"outBroadcastPkts\": 0,\n            \"outUcastPkts\": 0,\n            \"inMulticastPkts\": 150199,\n            \"lastUpdateTimestamp\": 1650298097.2947092,\n            \"inBroadcastPkts\": 0,\n            \"inOctets\": 13043487,\n            \"outDiscards\": 0,\n            \"outOctets\": 1370,\n            \"inUcastPkts\": 131,\n            \"outMulticastPkts\": 17,\n            \"inDiscards\": 0\n        },\n        \"Ethernet3\": {\n            \"outBroadcastPkts\": 0,\n            \"outUcastPkts\": 0,\n            \"inMulticastPkts\": 574,\n            \"lastUpdateTimestamp\": 1651512535.7796566,\n            \"inBroadcastPkts\": 0,\n            \"inOctets\": 42476,\n            \"outDiscards\": 0,\n            \"outOctets\": 14000270,\n            \"inUcastPkts\": 0,\n            \"outMulticastPkts\": 171870,\n            \"inDiscards\": 0\n        },\n        \"Ethernet1\": {\n            \"outBroadcastPkts\": 0,\n            \"outUcastPkts\": 0,\n            \"inMulticastPkts\": 840281,\n            \"lastUpdateTimestamp\": 1651512533.0637789,\n            \"inBroadcastPkts\": 0,\n            \"inOctets\": 87948804,\n            \"outDiscards\": 0,\n            \"outOctets\": 648,\n            \"inUcastPkts\": 190,\n            \"outMulticastPkts\": 8,\n            \"inDiscards\": 0\n        }\n    }\n}\n"
    }
][
    {
        "status": 0,
        "timestamp": 1651678760742,
        "cmd": "show interfaces counters| json",
        "devtype": "eos",
        "namespace": "mroutes",
        "hostname": "leaf2",
        "address": "172.22.0.9",
        "version": "4.25.4M-22402993.4254M (engineering build)",
        "data": "{\n    \"interfaces\": {\n        \"Management0\": {\n            \"outBroadcastPkts\": 0,\n            \"outUcastPkts\": 87108,\n            \"inMulticastPkts\": 0,\n            \"lastUpdateTimestamp\": 1651678760.084277,\n            \"inBroadcastPkts\": 0,\n            \"inOctets\": 15427180,\n            \"outDiscards\": 0,\n            \"outOctets\": 8196054,\n            \"inUcastPkts\": 162323,\n            \"outMulticastPkts\": 0,\n            \"inDiscards\": 0\n        },\n        \"Ethernet2\": {\n            \"outBroadcastPkts\": 0,\n            \"outUcastPkts\": 0,\n            \"inMulticastPkts\": 150199,\n            \"lastUpdateTimestamp\": 1650298097.2947092,\n            \"inBroadcastPkts\": 0,\n            \"inOctets\": 13043487,\n            \"outDiscards\": 0,\n            \"outOctets\": 1370,\n            \"inUcastPkts\": 131,\n            \"outMulticastPkts\": 17,\n            \"inDiscards\": 0\n        },\n        \"Ethernet3\": {\n            \"outBroadcastPkts\": 0,\n            \"outUcastPkts\": 0,\n            \"inMulticastPkts\": 619,\n            \"lastUpdateTimestamp\": 1651678755.779199,\n            \"inBroadcastPkts\": 0,\n            \"inOctets\": 45806,\n            \"outDiscards\": 0,\n            \"outOctets\": 15913522,\n            \"inUcastPkts\": 0,\n            \"outMulticastPkts\": 195359,\n            \"inDiscards\": 0\n        },\n        \"Ethernet1\": {\n            \"outBroadcastPkts\": 0,\n            \"outUcastPkts\": 0,\n            \"inMulticastPkts\": 869584,\n            \"lastUpdateTimestamp\": 1651678759.663767,\n            \"inBroadcastPkts\": 0,\n            \"inOctets\": 90495919,\n            \"outDiscards\": 0,\n            \"outOctets\": 648,\n            \"inUcastPkts\": 214,\n            \"outMulticastPkts\": 8,\n            \"inDiscards\": 0\n        }\n    }\n}\n"
    }
][
    {
        "status": 0,
        "timestamp": 1651678760837,
        "cmd": "show interfaces counters| json",
        "devtype": "eos",
        "namespace": "mroutes",
        "hostname": "leaf1",
        "address": "172.22.0.6",
        "version": "4.25.4M-22402993.4254M (engineering build)",
        "data": "{\n    \"interfaces\": {\n        \"Management0\": {\n            \"outBroadcastPkts\": 0,\n            \"outUcastPkts\": 87006,\n            \"inMulticastPkts\": 0,\n            \"lastUpdateTimestamp\": 1651678759.9594114,\n            \"inBroadcastPkts\": 0,\n            \"inOctets\": 15435997,\n            \"outDiscards\": 0,\n            \"outOctets\": 8189848,\n            \"inUcastPkts\": 162410,\n            \"outMulticastPkts\": 0,\n            \"inDiscards\": 0\n        },\n        \"Ethernet2\": {\n            \"outBroadcastPkts\": 0,\n            \"outUcastPkts\": 0,\n            \"inMulticastPkts\": 150265,\n            \"lastUpdateTimestamp\": 1650298095.2726257,\n            \"inBroadcastPkts\": 1,\n            \"inOctets\": 13236756,\n            \"outDiscards\": 0,\n            \"outOctets\": 148,\n            \"inUcastPkts\": 130,\n            \"outMulticastPkts\": 2,\n            \"inDiscards\": 0\n        },\n        \"Ethernet3\": {\n            \"outBroadcastPkts\": 0,\n            \"outUcastPkts\": 0,\n            \"inMulticastPkts\": 616,\n            \"lastUpdateTimestamp\": 1651677346.8625937,\n            \"inBroadcastPkts\": 0,\n            \"inOctets\": 45584,\n            \"outDiscards\": 0,\n            \"outOctets\": 17784636,\n            \"inUcastPkts\": 0,\n            \"outMulticastPkts\": 216886,\n            \"inDiscards\": 0\n        },\n        \"Ethernet1\": {\n            \"outBroadcastPkts\": 0,\n            \"outUcastPkts\": 0,\n            \"inMulticastPkts\": 869499,\n            \"lastUpdateTimestamp\": 1651678759.5639331,\n            \"inBroadcastPkts\": 10,\n            \"inOctets\": 90487767,\n            \"outDiscards\": 0,\n            \"outOctets\": 296,\n            \"inUcastPkts\": 224,\n            \"outMulticastPkts\": 4,\n            \"inDiscards\": 0\n        }\n    }\n}\n"
    }
][
    {
        "status": 0,
        "timestamp": 1651678792123,
        "cmd": "show interfaces counters| json",
        "devtype": "eos",
        "namespace": "mroutes",
        "hostname": "leaf1",
        "address": "172.22.0.6",
        "version": "4.25.4M-22402993.4254M (engineering build)",
        "data": "{\n    \"interfaces\": {\n        \"Management0\": {\n            \"outBroadcastPkts\": 0,\n            \"outUcastPkts\": 87217,\n            \"inMulticastPkts\": 0,\n            \"lastUpdateTimestamp\": 1651678791.9871652,\n            \"inBroadcastPkts\": 0,\n            \"inOctets\": 15462287,\n            \"outDiscards\": 0,\n            \"outOctets\": 8220486,\n            \"inUcastPkts\": 162644,\n            \"outMulticastPkts\": 0,\n            \"inDiscards\": 0\n        },\n        \"Ethernet2\": {\n            \"outBroadcastPkts\": 0,\n            \"outUcastPkts\": 0,\n            \"inMulticastPkts\": 150265,\n            \"lastUpdateTimestamp\": 1650298095.272627,\n            \"inBroadcastPkts\": 1,\n            \"inOctets\": 13236756,\n            \"outDiscards\": 0,\n            \"outOctets\": 148,\n            \"inUcastPkts\": 130,\n            \"outMulticastPkts\": 2,\n            \"inDiscards\": 0\n        },\n        \"Ethernet3\": {\n            \"outBroadcastPkts\": 0,\n            \"outUcastPkts\": 0,\n            \"inMulticastPkts\": 616,\n            \"lastUpdateTimestamp\": 1651677346.8625944,\n            \"inBroadcastPkts\": 0,\n            \"inOctets\": 45584,\n            \"outDiscards\": 0,\n            \"outOctets\": 17784636,\n            \"inUcastPkts\": 0,\n            \"outMulticastPkts\": 216886,\n            \"inDiscards\": 0\n        },\n        \"Ethernet1\": {\n            \"outBroadcastPkts\": 0,\n            \"outUcastPkts\": 0,\n            \"inMulticastPkts\": 869504,\n            \"lastUpdateTimestamp\": 1651678789.5636666,\n            \"inBroadcastPkts\": 10,\n            \"inOctets\": 90488208,\n            \"outDiscards\": 0,\n            \"outOctets\": 296,\n            \"inUcastPkts\": 224,\n            \"outMulticastPkts\": 4,\n            \"inDiscards\": 0\n        }\n    }\n}\n"
    }
][
    {
        "status": 0,
        "timestamp": 1651678792147,
        "cmd": "show interfaces counters| json",
        "devtype": "eos",
        "namespace": "mroutes",
        "hostname": "leaf2",
        "address": "172.22.0.9",
        "version": "4.25.4M-22402993.4254M (engineering build)",
        "data": "{\n    \"interfaces\": {\n        \"Management0\": {\n            \"outBroadcastPkts\": 0,\n            \"outUcastPkts\": 87327,\n            \"inMulticastPkts\": 0,\n            \"lastUpdateTimestamp\": 1651678792.105832,\n            \"inBroadcastPkts\": 0,\n            \"inOctets\": 15453766,\n            \"outDiscards\": 0,\n            \"outOctets\": 8225928,\n            \"inUcastPkts\": 162565,\n            \"outMulticastPkts\": 0,\n            \"inDiscards\": 0\n        },\n        \"Ethernet2\": {\n            \"outBroadcastPkts\": 0,\n            \"outUcastPkts\": 0,\n            \"inMulticastPkts\": 150199,\n            \"lastUpdateTimestamp\": 1650298097.2947094,\n            \"inBroadcastPkts\": 0,\n            \"inOctets\": 13043487,\n            \"outDiscards\": 0,\n            \"outOctets\": 1370,\n            \"inUcastPkts\": 131,\n            \"outMulticastPkts\": 17,\n            \"inDiscards\": 0\n        },\n        \"Ethernet3\": {\n            \"outBroadcastPkts\": 0,\n            \"outUcastPkts\": 0,\n            \"inMulticastPkts\": 619,\n            \"lastUpdateTimestamp\": 1651678785.779171,\n            \"inBroadcastPkts\": 0,\n            \"inOctets\": 45806,\n            \"outDiscards\": 0,\n            \"outOctets\": 15913852,\n            \"inUcastPkts\": 0,\n            \"outMulticastPkts\": 195363,\n            \"inDiscards\": 0\n        },\n        \"Ethernet1\": {\n            \"outBroadcastPkts\": 0,\n            \"outUcastPkts\": 0,\n            \"inMulticastPkts\": 869590,\n            \"lastUpdateTimestamp\": 1651678791.2482338,\n            \"inBroadcastPkts\": 0,\n            \"inOctets\": 90496446,\n            \"outDiscards\": 0,\n            \"outOctets\": 648,\n            \"inUcastPkts\": 214,\n            \"outMulticastPkts\": 8,\n            \"inDiscards\": 0\n        }\n    }\n}\n"
    }
]