[][][][][
    {
        "status": 0,
        "timestamp": 1654261751997,
        "cmd": "show ip igmp vrf Zone2 groups| json",
        "devtype": "eos",
        "namespace": "prox",
        "hostname": "trading-switch-2",
        "address": "10.1.1.6",
        "version": "4.25.3M",
        "data": "{\n    \"groupList\": [\n        {\n            \"uptime\": 1654261614.946664,\n            \"lastReporter\": \"10.100.105.70\",\n            \"interfaceName\": \"Vlan105\",\n            \"groupAddress\": \"239.100.1.6\",\n            \"filterMode\": \"filterModeExclude\",\n            \"expires\": 1654261875.258989\n        }\n    ]\n}\n"
    },
    {
        "status": 0,
        "timestamp": 1654261752534,
        "cmd": "show ip igmp vrf Zone2 static-groups| json",
        "devtype": "eos",
        "namespace": "prox",
        "hostname": "trading-switch-2",
        "address": "10.1.1.6",
        "version": "4.25.3M",
        "data": "{\n    \"intfAddrs\": {\n        \"Ethernet30\": {\n            \"groupAddrsList\": [],\n            \"aclInfo\": {}\n        },\n        \"Vlan105\": {\n            \"groupAddrsList\": [],\n            \"aclInfo\": {}\n        }\n    }\n}\n"
    }
][
    {
        "status": 0,
        "timestamp": 1654261752010,
        "cmd": "show ip igmp vrf Zone2 groups| json",
        "devtype": "eos",
        "namespace": "prox",
        "hostname": "trading-switch-1",
        "address": "10.1.1.5",
        "version": "4.25.3M",
        "data": "{\n    \"groupList\": [\n        {\n            \"uptime\": 1654261582.266561,\n            \"lastReporter\": \"10.100.105.70\",\n            \"interfaceName\": \"Vlan105\",\n            \"groupAddress\": \"239.100.1.6\",\n            \"filterMode\": \"filterModeExclude\",\n            \"expires\": 1654261842.578889\n        }\n    ]\n}\n"
    },
    {
        "status": 0,
        "timestamp": 1654261752547,
        "cmd": "show ip igmp vrf Zone2 static-groups| json",
        "devtype": "eos",
        "namespace": "prox",
        "hostname": "trading-switch-1",
        "address": "10.1.1.5",
        "version": "4.25.3M",
        "data": "{\n    \"intfAddrs\": {\n        \"Ethernet30\": {\n            \"groupAddrsList\": [],\n            \"aclInfo\": {}\n        },\n        \"Vlan105\": {\n            \"groupAddrsList\": [],\n            \"aclInfo\": {}\n        }\n    }\n}\n"
    }
][
    {
        "status": 0,
        "timestamp": 1654261938193,
        "cmd": "show ip igmp vrf Zone2 groups| json",
        "devtype": "eos",
        "namespace": "prox",
        "hostname": "trading-switch-2",
        "address": "10.1.1.6",
        "version": "4.25.3M",
        "data": "{\n    \"groupList\": []\n}\n"
    },
    {
        "status": 0,
        "timestamp": 1654261938725,
        "cmd": "show ip igmp vrf Zone2 static-groups| json",
        "devtype": "eos",
        "namespace": "prox",
        "hostname": "trading-switch-2",
        "address": "10.1.1.6",
        "version": "4.25.3M",
        "data": "{\n    \"intfAddrs\": {\n        \"Ethernet30\": {\n            \"groupAddrsList\": [],\n            \"aclInfo\": {}\n        },\n        \"Vlan105\": {\n            \"groupAddrsList\": [],\n            \"aclInfo\": {}\n        }\n    }\n}\n"
    }
][
    {
        "status": 0,
        "timestamp": 1654261938193,
        "cmd": "show ip igmp vrf Zone2 groups| json",
        "devtype": "eos",
        "namespace": "prox",
        "hostname": "trading-switch-1",
        "address": "10.1.1.5",
        "version": "4.25.3M",
        "data": "{\n    \"groupList\": []\n}\n"
    },
    {
        "status": 0,
        "timestamp": 1654261938728,
        "cmd": "show ip igmp vrf Zone2 static-groups| json",
        "devtype": "eos",
        "namespace": "prox",
        "hostname": "trading-switch-1",
        "address": "10.1.1.5",
        "version": "4.25.3M",
        "data": "{\n    \"intfAddrs\": {\n        \"Ethernet30\": {\n            \"groupAddrsList\": [],\n            \"aclInfo\": {}\n        },\n        \"Vlan105\": {\n            \"groupAddrsList\": [],\n            \"aclInfo\": {}\n        }\n    }\n}\n"
    }
][
    {
        "interface": "Ethernet30",
        "group": "[]",
        "flag": "Static",
        "interface-_2nd": "Vlan105",
        "flag-_2nd": "Static",
        "hostname": "trading-switch-1",
        "namespace": "prox",
        "timestamp": 1654274237178,
        "sqvers": "2.0",
        "source": "",
        "interfaceMembership": [],
        "active": true
    }
][
    {
        "interface": "Ethernet30",
        "group": "[]",
        "flag": "Static",
        "interface-_2nd": "Vlan105",
        "flag-_2nd": "Static",
        "hostname": "trading-switch-2",
        "namespace": "prox",
        "timestamp": 1654274237193,
        "sqvers": "2.0",
        "source": "",
        "interfaceMembership": [],
        "active": true
    }
][
    {
        "interface": "Ethernet30",
        "group": "[]",
        "flag": "Static",
        "vrf": "Default",
        "interface-_2nd": "Vlan105",
        "flag-_2nd": "Static",
        "vrf-_2nd": "Default",
        "hostname": "trading-switch-1",
        "namespace": "prox",
        "timestamp": 1654281911753,
        "sqvers": "2.0",
        "source": "",
        "interfaceMembership": [],
        "active": true
    }
][
    {
        "interface": "Ethernet30",
        "group": "[]",
        "flag": "Static",
        "vrf": "Default",
        "interface-_2nd": "Vlan105",
        "flag-_2nd": "Static",
        "vrf-_2nd": "Default",
        "hostname": "trading-switch-2",
        "namespace": "prox",
        "timestamp": 1654281911911,
        "sqvers": "2.0",
        "source": "",
        "interfaceMembership": [],
        "active": true
    }
][
    {
        "interface": "Ethernet30",
        "group": "[]",
        "flag": "Static",
        "vrf": "Default",
        "interface-_2nd": "Vlan105",
        "flag-_2nd": "Static",
        "vrf-_2nd": "Default",
        "hostname": "trading-switch-2",
        "namespace": "prox",
        "timestamp": 1654281950386,
        "sqvers": "2.0",
        "source": "",
        "interfaceMembership": [],
        "active": true
    }
][
    {
        "interface": "Ethernet30",
        "group": "[]",
        "flag": "Static",
        "vrf": "Default",
        "interface-_2nd": "Vlan105",
        "flag-_2nd": "Static",
        "vrf-_2nd": "Default",
        "hostname": "trading-switch-1",
        "namespace": "prox",
        "timestamp": 1654281950392,
        "sqvers": "2.0",
        "source": "",
        "interfaceMembership": [],
        "active": true
    }
][
    {
        "interface": "Ethernet30",
        "group": "[]",
        "flag": "Static",
        "vrf": "Default",
        "interface-_2nd": "Vlan105",
        "flag-_2nd": "Static",
        "vrf-_2nd": "Default",
        "hostname": "trading-switch-2",
        "namespace": "prox",
        "timestamp": 1654282236478,
        "sqvers": "2.0",
        "source": "",
        "interfaceMembership": [],
        "active": true
    }
][
    {
        "interface": "Ethernet30",
        "group": "[]",
        "flag": "Static",
        "vrf": "Default",
        "interface-_2nd": "Vlan105",
        "flag-_2nd": "Static",
        "vrf-_2nd": "Default",
        "hostname": "trading-switch-1",
        "namespace": "prox",
        "timestamp": 1654282236480,
        "sqvers": "2.0",
        "source": "",
        "interfaceMembership": [],
        "active": true
    }
]