[
    {
        "ifname": "Ethernet3",
        "peerHostname": "trading-switch-2",
        "peerIfname": "Ethernet3",
        "subtype": "interface name",
        "description": "Arista Networks EOS version 4.25.3M running on an Arista Networks DCS-7060SX2-48YC6",
        "mgmtIP": "10.10.10.0",
        "peerMacaddr": "00:00:00:00:00:00",
        "peerIfindex": 0,
        "hostname": "trading-switch-1",
        "namespace": "mroutes",
        "timestamp": 1654114612276,
        "sqvers": "1.0",
        "active": true
    },
    {
        "ifname": "Ethernet52/1",
        "peerHostname": "trading-switch-2",
        "peerIfname": "Ethernet52/1",
        "subtype": "interface name",
        "description": "Arista Networks EOS version 4.25.3M running on an Arista Networks DCS-7060SX2-48YC6",
        "mgmtIP": "10.10.10.0",
        "peerMacaddr": "00:00:00:00:00:00",
        "peerIfindex": 0,
        "hostname": "trading-switch-1",
        "namespace": "mroutes",
        "timestamp": 1654114612276,
        "sqvers": "1.0",
        "active": true
    },
    {
        "ifname": "Ethernet49/1",
        "peerHostname": "DCS-7050-1",
        "peerIfname": "Ethernet4/1",
        "subtype": "interface name",
        "description": "Arista Networks EOS version 4.23.0F running on an Arista Networks DCS-7050CX3-32S",
        "mgmtIP": "10.1.1.3",
        "peerMacaddr": "00:00:00:00:00:00",
        "peerIfindex": 0,
        "hostname": "trading-switch-1",
        "namespace": "mroutes",
        "timestamp": 1654114612276,
        "sqvers": "1.0",
        "active": true
    },
    {
        "ifname": "Ethernet50/1",
        "peerHostname": "DCS-7050-2",
        "peerIfname": "Ethernet4/1",
        "subtype": "interface name",
        "description": "Arista Networks EOS version 4.23.0F running on an Arista Networks DCS-7050CX3-32S",
        "mgmtIP": "10.1.1.4",
        "peerMacaddr": "00:00:00:00:00:00",
        "peerIfindex": 0,
        "hostname": "trading-switch-1",
        "namespace": "mroutes",
        "timestamp": 1654114612276,
        "sqvers": "1.0",
        "active": true
    },
    {
        "ifname": "Ethernet30",
        "peerHostname": "trading-switch-4",
        "peerIfname": "Ethernet1/30",
        "subtype": "interface name",
        "description": "Cisco Nexus Operating System (NX-OS) Software 9.2(2)\nTAC support: http://www.cisco.com/tac\nCopyright (c) 2002-2018, Cisco Systems, Inc. All rights reserved.",
        "mgmtIP": "10.1.1.11",
        "peerMacaddr": "00:00:00:00:00:00",
        "peerIfindex": 0,
        "hostname": "trading-switch-1",
        "namespace": "mroutes",
        "timestamp": 1654114612276,
        "sqvers": "1.0",
        "active": true
    },
    {
        "ifname": "Management1",
        "peerHostname": "mgmt-switch",
        "peerIfname": "Ethernet48",
        "subtype": "interface name",
        "description": "Arista Networks EOS version 4.23.0F running on an Arista Networks DCS-7010T-48",
        "mgmtIP": "10.1.1.2",
        "peerMacaddr": "00:00:00:00:00:00",
        "peerIfindex": 0,
        "hostname": "trading-switch-1",
        "namespace": "mroutes",
        "timestamp": 1654114612276,
        "sqvers": "1.0",
        "active": true
    }
][
    {
        "ifname": "Ethernet2",
        "peerHostname": "tr03-ld5.beeks.local",
        "peerIfname": "Ethernet2",
        "subtype": "interface name",
        "description": "Arista Networks EOS version 4.23.3M-2GB running on an Arista Networks DCS-7150SC-64-CLD",
        "mgmtIP": "1.1.1.11",
        "peerMacaddr": "00:00:00:00:00:00",
        "peerIfindex": 0,
        "hostname": "trading-switch-2",
        "namespace": "mroutes",
        "timestamp": 1654114613421,
        "sqvers": "1.0",
        "active": true
    },
    {
        "ifname": "Ethernet3",
        "peerHostname": "trading-switch-1",
        "peerIfname": "Ethernet3",
        "subtype": "interface name",
        "description": "Arista Networks EOS version 4.25.3M running on an Arista Networks DCS-7060SX2-48YC6",
        "mgmtIP": "10.1.1.5",
        "peerMacaddr": "00:00:00:00:00:00",
        "peerIfindex": 0,
        "hostname": "trading-switch-2",
        "namespace": "mroutes",
        "timestamp": 1654114613421,
        "sqvers": "1.0",
        "active": true
    },
    {
        "ifname": "Ethernet52/1",
        "peerHostname": "trading-switch-1",
        "peerIfname": "Ethernet52/1",
        "subtype": "interface name",
        "description": "Arista Networks EOS version 4.25.3M running on an Arista Networks DCS-7060SX2-48YC6",
        "mgmtIP": "10.1.1.5",
        "peerMacaddr": "00:00:00:00:00:00",
        "peerIfindex": 0,
        "hostname": "trading-switch-2",
        "namespace": "mroutes",
        "timestamp": 1654114613421,
        "sqvers": "1.0",
        "active": true
    },
    {
        "ifname": "Ethernet49/1",
        "peerHostname": "DCS-7050-1",
        "peerIfname": "Ethernet3/1",
        "subtype": "interface name",
        "description": "Arista Networks EOS version 4.23.0F running on an Arista Networks DCS-7050CX3-32S",
        "mgmtIP": "10.1.1.3",
        "peerMacaddr": "00:00:00:00:00:00",
        "peerIfindex": 0,
        "hostname": "trading-switch-2",
        "namespace": "mroutes",
        "timestamp": 1654114613421,
        "sqvers": "1.0",
        "active": true
    },
    {
        "ifname": "Ethernet50/1",
        "peerHostname": "DCS-7050-2",
        "peerIfname": "Ethernet3/1",
        "subtype": "interface name",
        "description": "Arista Networks EOS version 4.23.0F running on an Arista Networks DCS-7050CX3-32S",
        "mgmtIP": "10.1.1.4",
        "peerMacaddr": "00:00:00:00:00:00",
        "peerIfindex": 0,
        "hostname": "trading-switch-2",
        "namespace": "mroutes",
        "timestamp": 1654114613421,
        "sqvers": "1.0",
        "active": true
    },
    {
        "ifname": "Ethernet30",
        "peerHostname": "trading-switch-3",
        "peerIfname": "Ethernet1/30",
        "subtype": "interface name",
        "description": "Cisco Nexus Operating System (NX-OS) Software 9.2(2)\nTAC support: http://www.cisco.com/tac\nCopyright (c) 2002-2018, Cisco Systems, Inc. All rights reserved.",
        "mgmtIP": "10.1.1.12",
        "peerMacaddr": "00:00:00:00:00:00",
        "peerIfindex": 0,
        "hostname": "trading-switch-2",
        "namespace": "mroutes",
        "timestamp": 1654114613421,
        "sqvers": "1.0",
        "active": true
    },
    {
        "ifname": "Management1",
        "peerHostname": "mgmt-switch",
        "peerIfname": "Ethernet47",
        "subtype": "interface name",
        "description": "Arista Networks EOS version 4.23.0F running on an Arista Networks DCS-7010T-48",
        "mgmtIP": "10.1.1.2",
        "peerMacaddr": "00:00:00:00:00:00",
        "peerIfindex": 0,
        "hostname": "trading-switch-2",
        "namespace": "mroutes",
        "timestamp": 1654114613421,
        "sqvers": "1.0",
        "active": true
    },
    {
        "ifname": "Ethernet44",
        "peerHostname": "firewall1",
        "peerIfname": "ge-0/0/11",
        "subtype": "interface name",
        "description": "Juniper Networks, Inc. srx345-dual-ac internet router, kernel JUNOS 15.1X49-D170.4, Build date: 2019-02-22 23:04:24 UTC Copyright (c) 1996-2019 Juniper Networks, Inc.",
        "mgmtIP": "10.1.1.9",
        "peerMacaddr": "00:00:00:00:00:00",
        "peerIfindex": 0,
        "hostname": "trading-switch-2",
        "namespace": "mroutes",
        "timestamp": 1654114613421,
        "sqvers": "1.0",
        "active": true
    },
    {
        "ifname": "Ethernet43",
        "peerHostname": "firewall1",
        "peerIfname": "ge-0/0/10",
        "subtype": "interface name",
        "description": "Juniper Networks, Inc. srx345-dual-ac internet router, kernel JUNOS 15.1X49-D170.4, Build date: 2019-02-22 23:04:24 UTC Copyright (c) 1996-2019 Juniper Networks, Inc.",
        "mgmtIP": "10.1.1.9",
        "peerMacaddr": "00:00:00:00:00:00",
        "peerIfindex": 0,
        "hostname": "trading-switch-2",
        "namespace": "mroutes",
        "timestamp": 1654114613421,
        "sqvers": "1.0",
        "active": true
    }
][
    {
        "ifname": "Ethernet3",
        "peerHostname": "trading-switch-2",
        "peerIfname": "Ethernet3",
        "subtype": "interface name",
        "description": "Arista Networks EOS version 4.25.3M running on an Arista Networks DCS-7060SX2-48YC6",
        "mgmtIP": "10.10.10.0",
        "peerMacaddr": "00:00:00:00:00:00",
        "peerIfindex": 0,
        "hostname": "trading-switch-1",
        "namespace": "prox",
        "timestamp": 1654195235266,
        "sqvers": "1.0",
        "active": true
    },
    {
        "ifname": "Ethernet52/1",
        "peerHostname": "trading-switch-2",
        "peerIfname": "Ethernet52/1",
        "subtype": "interface name",
        "description": "Arista Networks EOS version 4.25.3M running on an Arista Networks DCS-7060SX2-48YC6",
        "mgmtIP": "10.10.10.0",
        "peerMacaddr": "00:00:00:00:00:00",
        "peerIfindex": 0,
        "hostname": "trading-switch-1",
        "namespace": "prox",
        "timestamp": 1654195235266,
        "sqvers": "1.0",
        "active": true
    },
    {
        "ifname": "Ethernet49/1",
        "peerHostname": "DCS-7050-1",
        "peerIfname": "Ethernet4/1",
        "subtype": "interface name",
        "description": "Arista Networks EOS version 4.23.0F running on an Arista Networks DCS-7050CX3-32S",
        "mgmtIP": "10.1.1.3",
        "peerMacaddr": "00:00:00:00:00:00",
        "peerIfindex": 0,
        "hostname": "trading-switch-1",
        "namespace": "prox",
        "timestamp": 1654195235266,
        "sqvers": "1.0",
        "active": true
    },
    {
        "ifname": "Ethernet50/1",
        "peerHostname": "DCS-7050-2",
        "peerIfname": "Ethernet4/1",
        "subtype": "interface name",
        "description": "Arista Networks EOS version 4.23.0F running on an Arista Networks DCS-7050CX3-32S",
        "mgmtIP": "10.1.1.4",
        "peerMacaddr": "00:00:00:00:00:00",
        "peerIfindex": 0,
        "hostname": "trading-switch-1",
        "namespace": "prox",
        "timestamp": 1654195235266,
        "sqvers": "1.0",
        "active": true
    },
    {
        "ifname": "Ethernet30",
        "peerHostname": "trading-switch-4",
        "peerIfname": "Ethernet1/30",
        "subtype": "interface name",
        "description": "Cisco Nexus Operating System (NX-OS) Software 9.2(2)\nTAC support: http://www.cisco.com/tac\nCopyright (c) 2002-2018, Cisco Systems, Inc. All rights reserved.",
        "mgmtIP": "10.1.1.11",
        "peerMacaddr": "00:00:00:00:00:00",
        "peerIfindex": 0,
        "hostname": "trading-switch-1",
        "namespace": "prox",
        "timestamp": 1654195235266,
        "sqvers": "1.0",
        "active": true
    },
    {
        "ifname": "Management1",
        "peerHostname": "mgmt-switch",
        "peerIfname": "Ethernet48",
        "subtype": "interface name",
        "description": "Arista Networks EOS version 4.23.0F running on an Arista Networks DCS-7010T-48",
        "mgmtIP": "10.1.1.2",
        "peerMacaddr": "00:00:00:00:00:00",
        "peerIfindex": 0,
        "hostname": "trading-switch-1",
        "namespace": "prox",
        "timestamp": 1654195235266,
        "sqvers": "1.0",
        "active": true
    }
][
    {
        "ifname": "Ethernet2",
        "peerHostname": "tr03-ld5.beeks.local",
        "peerIfname": "Ethernet2",
        "subtype": "interface name",
        "description": "Arista Networks EOS version 4.23.3M-2GB running on an Arista Networks DCS-7150SC-64-CLD",
        "mgmtIP": "1.1.1.11",
        "peerMacaddr": "00:00:00:00:00:00",
        "peerIfindex": 0,
        "hostname": "trading-switch-2",
        "namespace": "prox",
        "timestamp": 1654195235762,
        "sqvers": "1.0",
        "active": true
    },
    {
        "ifname": "Ethernet3",
        "peerHostname": "trading-switch-1",
        "peerIfname": "Ethernet3",
        "subtype": "interface name",
        "description": "Arista Networks EOS version 4.25.3M running on an Arista Networks DCS-7060SX2-48YC6",
        "mgmtIP": "10.1.1.5",
        "peerMacaddr": "00:00:00:00:00:00",
        "peerIfindex": 0,
        "hostname": "trading-switch-2",
        "namespace": "prox",
        "timestamp": 1654195235762,
        "sqvers": "1.0",
        "active": true
    },
    {
        "ifname": "Ethernet52/1",
        "peerHostname": "trading-switch-1",
        "peerIfname": "Ethernet52/1",
        "subtype": "interface name",
        "description": "Arista Networks EOS version 4.25.3M running on an Arista Networks DCS-7060SX2-48YC6",
        "mgmtIP": "10.1.1.5",
        "peerMacaddr": "00:00:00:00:00:00",
        "peerIfindex": 0,
        "hostname": "trading-switch-2",
        "namespace": "prox",
        "timestamp": 1654195235762,
        "sqvers": "1.0",
        "active": true
    },
    {
        "ifname": "Ethernet49/1",
        "peerHostname": "DCS-7050-1",
        "peerIfname": "Ethernet3/1",
        "subtype": "interface name",
        "description": "Arista Networks EOS version 4.23.0F running on an Arista Networks DCS-7050CX3-32S",
        "mgmtIP": "10.1.1.3",
        "peerMacaddr": "00:00:00:00:00:00",
        "peerIfindex": 0,
        "hostname": "trading-switch-2",
        "namespace": "prox",
        "timestamp": 1654195235762,
        "sqvers": "1.0",
        "active": true
    },
    {
        "ifname": "Ethernet50/1",
        "peerHostname": "DCS-7050-2",
        "peerIfname": "Ethernet3/1",
        "subtype": "interface name",
        "description": "Arista Networks EOS version 4.23.0F running on an Arista Networks DCS-7050CX3-32S",
        "mgmtIP": "10.1.1.4",
        "peerMacaddr": "00:00:00:00:00:00",
        "peerIfindex": 0,
        "hostname": "trading-switch-2",
        "namespace": "prox",
        "timestamp": 1654195235762,
        "sqvers": "1.0",
        "active": true
    },
    {
        "ifname": "Ethernet30",
        "peerHostname": "trading-switch-3",
        "peerIfname": "Ethernet1/30",
        "subtype": "interface name",
        "description": "Cisco Nexus Operating System (NX-OS) Software 9.2(2)\nTAC support: http://www.cisco.com/tac\nCopyright (c) 2002-2018, Cisco Systems, Inc. All rights reserved.",
        "mgmtIP": "10.1.1.12",
        "peerMacaddr": "00:00:00:00:00:00",
        "peerIfindex": 0,
        "hostname": "trading-switch-2",
        "namespace": "prox",
        "timestamp": 1654195235762,
        "sqvers": "1.0",
        "active": true
    },
    {
        "ifname": "Management1",
        "peerHostname": "mgmt-switch",
        "peerIfname": "Ethernet47",
        "subtype": "interface name",
        "description": "Arista Networks EOS version 4.23.0F running on an Arista Networks DCS-7010T-48",
        "mgmtIP": "10.1.1.2",
        "peerMacaddr": "00:00:00:00:00:00",
        "peerIfindex": 0,
        "hostname": "trading-switch-2",
        "namespace": "prox",
        "timestamp": 1654195235762,
        "sqvers": "1.0",
        "active": true
    },
    {
        "ifname": "Ethernet44",
        "peerHostname": "firewall1",
        "peerIfname": "ge-0/0/11",
        "subtype": "interface name",
        "description": "Juniper Networks, Inc. srx345-dual-ac internet router, kernel JUNOS 15.1X49-D170.4, Build date: 2019-02-22 23:04:24 UTC Copyright (c) 1996-2019 Juniper Networks, Inc.",
        "mgmtIP": "10.1.1.9",
        "peerMacaddr": "00:00:00:00:00:00",
        "peerIfindex": 0,
        "hostname": "trading-switch-2",
        "namespace": "prox",
        "timestamp": 1654195235762,
        "sqvers": "1.0",
        "active": true
    },
    {
        "ifname": "Ethernet43",
        "peerHostname": "firewall1",
        "peerIfname": "ge-0/0/10",
        "subtype": "interface name",
        "description": "Juniper Networks, Inc. srx345-dual-ac internet router, kernel JUNOS 15.1X49-D170.4, Build date: 2019-02-22 23:04:24 UTC Copyright (c) 1996-2019 Juniper Networks, Inc.",
        "mgmtIP": "10.1.1.9",
        "peerMacaddr": "00:00:00:00:00:00",
        "peerIfindex": 0,
        "hostname": "trading-switch-2",
        "namespace": "prox",
        "timestamp": 1654195235762,
        "sqvers": "1.0",
        "active": true
    }
][
    {
        "ifname": "Ethernet3",
        "peerHostname": "trading-switch-2",
        "peerIfname": "Ethernet3",
        "subtype": "interface name",
        "description": "Arista Networks EOS version 4.25.3M running on an Arista Networks DCS-7060SX2-48YC6",
        "mgmtIP": "10.10.10.0",
        "peerMacaddr": "00:00:00:00:00:00",
        "peerIfindex": 0,
        "hostname": "trading-switch-1",
        "namespace": "prox",
        "timestamp": 1654281911181,
        "sqvers": "1.0",
        "active": true
    },
    {
        "ifname": "Ethernet52/1",
        "peerHostname": "trading-switch-2",
        "peerIfname": "Ethernet52/1",
        "subtype": "interface name",
        "description": "Arista Networks EOS version 4.25.3M running on an Arista Networks DCS-7060SX2-48YC6",
        "mgmtIP": "10.10.10.0",
        "peerMacaddr": "00:00:00:00:00:00",
        "peerIfindex": 0,
        "hostname": "trading-switch-1",
        "namespace": "prox",
        "timestamp": 1654281911181,
        "sqvers": "1.0",
        "active": true
    },
    {
        "ifname": "Ethernet49/1",
        "peerHostname": "DCS-7050-1",
        "peerIfname": "Ethernet4/1",
        "subtype": "interface name",
        "description": "Arista Networks EOS version 4.23.0F running on an Arista Networks DCS-7050CX3-32S",
        "mgmtIP": "10.1.1.3",
        "peerMacaddr": "00:00:00:00:00:00",
        "peerIfindex": 0,
        "hostname": "trading-switch-1",
        "namespace": "prox",
        "timestamp": 1654281911181,
        "sqvers": "1.0",
        "active": true
    },
    {
        "ifname": "Ethernet50/1",
        "peerHostname": "DCS-7050-2",
        "peerIfname": "Ethernet4/1",
        "subtype": "interface name",
        "description": "Arista Networks EOS version 4.23.0F running on an Arista Networks DCS-7050CX3-32S",
        "mgmtIP": "10.1.1.4",
        "peerMacaddr": "00:00:00:00:00:00",
        "peerIfindex": 0,
        "hostname": "trading-switch-1",
        "namespace": "prox",
        "timestamp": 1654281911181,
        "sqvers": "1.0",
        "active": true
    },
    {
        "ifname": "Ethernet30",
        "peerHostname": "trading-switch-4",
        "peerIfname": "Ethernet1/30",
        "subtype": "interface name",
        "description": "Cisco Nexus Operating System (NX-OS) Software 9.2(2)\nTAC support: http://www.cisco.com/tac\nCopyright (c) 2002-2018, Cisco Systems, Inc. All rights reserved.",
        "mgmtIP": "10.1.1.11",
        "peerMacaddr": "00:00:00:00:00:00",
        "peerIfindex": 0,
        "hostname": "trading-switch-1",
        "namespace": "prox",
        "timestamp": 1654281911181,
        "sqvers": "1.0",
        "active": true
    },
    {
        "ifname": "Management1",
        "peerHostname": "mgmt-switch",
        "peerIfname": "Ethernet48",
        "subtype": "interface name",
        "description": "Arista Networks EOS version 4.23.0F running on an Arista Networks DCS-7010T-48",
        "mgmtIP": "10.1.1.2",
        "peerMacaddr": "00:00:00:00:00:00",
        "peerIfindex": 0,
        "hostname": "trading-switch-1",
        "namespace": "prox",
        "timestamp": 1654281911181,
        "sqvers": "1.0",
        "active": true
    }
][
    {
        "ifname": "Ethernet2",
        "peerHostname": "tr03-ld5.beeks.local",
        "peerIfname": "Ethernet2",
        "subtype": "interface name",
        "description": "Arista Networks EOS version 4.23.3M-2GB running on an Arista Networks DCS-7150SC-64-CLD",
        "mgmtIP": "1.1.1.11",
        "peerMacaddr": "00:00:00:00:00:00",
        "peerIfindex": 0,
        "hostname": "trading-switch-2",
        "namespace": "prox",
        "timestamp": 1654281911419,
        "sqvers": "1.0",
        "active": true
    },
    {
        "ifname": "Ethernet3",
        "peerHostname": "trading-switch-1",
        "peerIfname": "Ethernet3",
        "subtype": "interface name",
        "description": "Arista Networks EOS version 4.25.3M running on an Arista Networks DCS-7060SX2-48YC6",
        "mgmtIP": "10.1.1.5",
        "peerMacaddr": "00:00:00:00:00:00",
        "peerIfindex": 0,
        "hostname": "trading-switch-2",
        "namespace": "prox",
        "timestamp": 1654281911419,
        "sqvers": "1.0",
        "active": true
    },
    {
        "ifname": "Ethernet52/1",
        "peerHostname": "trading-switch-1",
        "peerIfname": "Ethernet52/1",
        "subtype": "interface name",
        "description": "Arista Networks EOS version 4.25.3M running on an Arista Networks DCS-7060SX2-48YC6",
        "mgmtIP": "10.1.1.5",
        "peerMacaddr": "00:00:00:00:00:00",
        "peerIfindex": 0,
        "hostname": "trading-switch-2",
        "namespace": "prox",
        "timestamp": 1654281911419,
        "sqvers": "1.0",
        "active": true
    },
    {
        "ifname": "Ethernet49/1",
        "peerHostname": "DCS-7050-1",
        "peerIfname": "Ethernet3/1",
        "subtype": "interface name",
        "description": "Arista Networks EOS version 4.23.0F running on an Arista Networks DCS-7050CX3-32S",
        "mgmtIP": "10.1.1.3",
        "peerMacaddr": "00:00:00:00:00:00",
        "peerIfindex": 0,
        "hostname": "trading-switch-2",
        "namespace": "prox",
        "timestamp": 1654281911419,
        "sqvers": "1.0",
        "active": true
    },
    {
        "ifname": "Ethernet50/1",
        "peerHostname": "DCS-7050-2",
        "peerIfname": "Ethernet3/1",
        "subtype": "interface name",
        "description": "Arista Networks EOS version 4.23.0F running on an Arista Networks DCS-7050CX3-32S",
        "mgmtIP": "10.1.1.4",
        "peerMacaddr": "00:00:00:00:00:00",
        "peerIfindex": 0,
        "hostname": "trading-switch-2",
        "namespace": "prox",
        "timestamp": 1654281911419,
        "sqvers": "1.0",
        "active": true
    },
    {
        "ifname": "Ethernet30",
        "peerHostname": "trading-switch-3",
        "peerIfname": "Ethernet1/30",
        "subtype": "interface name",
        "description": "Cisco Nexus Operating System (NX-OS) Software 9.2(2)\nTAC support: http://www.cisco.com/tac\nCopyright (c) 2002-2018, Cisco Systems, Inc. All rights reserved.",
        "mgmtIP": "10.1.1.12",
        "peerMacaddr": "00:00:00:00:00:00",
        "peerIfindex": 0,
        "hostname": "trading-switch-2",
        "namespace": "prox",
        "timestamp": 1654281911419,
        "sqvers": "1.0",
        "active": true
    },
    {
        "ifname": "Management1",
        "peerHostname": "mgmt-switch",
        "peerIfname": "Ethernet47",
        "subtype": "interface name",
        "description": "Arista Networks EOS version 4.23.0F running on an Arista Networks DCS-7010T-48",
        "mgmtIP": "10.1.1.2",
        "peerMacaddr": "00:00:00:00:00:00",
        "peerIfindex": 0,
        "hostname": "trading-switch-2",
        "namespace": "prox",
        "timestamp": 1654281911419,
        "sqvers": "1.0",
        "active": true
    },
    {
        "ifname": "Ethernet44",
        "peerHostname": "firewall1",
        "peerIfname": "ge-0/0/11",
        "subtype": "interface name",
        "description": "Juniper Networks, Inc. srx345-dual-ac internet router, kernel JUNOS 15.1X49-D170.4, Build date: 2019-02-22 23:04:24 UTC Copyright (c) 1996-2019 Juniper Networks, Inc.",
        "mgmtIP": "10.1.1.9",
        "peerMacaddr": "00:00:00:00:00:00",
        "peerIfindex": 0,
        "hostname": "trading-switch-2",
        "namespace": "prox",
        "timestamp": 1654281911419,
        "sqvers": "1.0",
        "active": true
    },
    {
        "ifname": "Ethernet43",
        "peerHostname": "firewall1",
        "peerIfname": "ge-0/0/10",
        "subtype": "interface name",
        "description": "Juniper Networks, Inc. srx345-dual-ac internet router, kernel JUNOS 15.1X49-D170.4, Build date: 2019-02-22 23:04:24 UTC Copyright (c) 1996-2019 Juniper Networks, Inc.",
        "mgmtIP": "10.1.1.9",
        "peerMacaddr": "00:00:00:00:00:00",
        "peerIfindex": 0,
        "hostname": "trading-switch-2",
        "namespace": "prox",
        "timestamp": 1654281911419,
        "sqvers": "1.0",
        "active": true
    }
]