[
    {
        "status": 0,
        "timestamp": 1651843150157,
        "cmd": "show mac-address-table unicast| json",
        "devtype": "eos",
        "namespace": "mroutes",
        "hostname": "leaf1",
        "address": "172.22.0.5",
        "version": "4.25.4M-22402993.4254M (engineering build)",
        "data": "{\n    \"unicastTable\": {\n        \"tableEntries\": []\n    },\n    \"disabledMacLearningVlans\": []\n}\n"
    },
    {
        "status": 0,
        "timestamp": 1651843150341,
        "cmd": "show vxlan address-table| json",
        "devtype": "eos",
        "namespace": "mroutes",
        "hostname": "leaf1",
        "address": "172.22.0.5",
        "version": "4.25.4M-22402993.4254M (engineering build)",
        "data": "{\n    \"addresses\": []\n}\n"
    }
][
    {
        "status": 0,
        "timestamp": 1651843150290,
        "cmd": "show mac-address-table unicast| json",
        "devtype": "eos",
        "namespace": "mroutes",
        "hostname": "leaf2",
        "address": "172.22.0.7",
        "version": "4.25.4M-22402993.4254M (engineering build)",
        "data": "{\n    \"unicastTable\": {\n        \"tableEntries\": []\n    },\n    \"disabledMacLearningVlans\": []\n}\n"
    },
    {
        "status": 0,
        "timestamp": 1651843150491,
        "cmd": "show vxlan address-table| json",
        "devtype": "eos",
        "namespace": "mroutes",
        "hostname": "leaf2",
        "address": "172.22.0.7",
        "version": "4.25.4M-22402993.4254M (engineering build)",
        "data": "{\n    \"addresses\": []\n}\n"
    }
]