[
    {
        "status": 0,
        "timestamp": 1651512536205,
        "cmd": "show mlag detail| json",
        "devtype": "eos",
        "namespace": "mroutes",
        "hostname": "leaf1",
        "address": "172.22.0.6",
        "version": "4.25.4M-22402993.4254M (engineering build)",
        "data": "{\n    \"localInterface\": \"\",\n    \"state\": \"disabled\",\n    \"reloadDelay\": 300,\n    \"peerLink\": \"\",\n    \"dualPrimaryDetectionState\": \"disabled\",\n    \"reloadDelayNonMlag\": 300,\n    \"mlagPorts\": {\n        \"Disabled\": 0,\n        \"Active-partial\": 0,\n        \"Inactive\": 0,\n        \"Configured\": 0,\n        \"Active-full\": 0\n    },\n    \"portsErrdisabled\": false,\n    \"dualPrimaryPortsErrdisabled\": false,\n    \"detail\": {\n        \"failoverCauseList\": [\n            \"Unknown\"\n        ],\n        \"udpHeartbeatsSent\": 0,\n        \"lacpStandby\": false,\n        \"mlagState\": \"disabled\",\n        \"heartbeatInterval\": 4000,\n        \"effectiveHeartbeatInterval\": 0,\n        \"heartbeatTimeout\": 0,\n        \"stateChanges\": 0,\n        \"fastMacRedirectionEnabled\": false,\n        \"peerPortsErrdisabled\": false,\n        \"mlagHwReady\": true,\n        \"udpHeartbeatAlive\": false,\n        \"failoverInitiated\": false,\n        \"peerMlagState\": \"unknown\",\n        \"secondaryFromFailover\": false,\n        \"primaryPriority\": 32767,\n        \"failover\": false,\n        \"enabled\": false,\n        \"peerMacRoutingSupported\": false,\n        \"peerPrimaryPriority\": 0,\n        \"udpHeartbeatsReceived\": 0,\n        \"peerMacAddress\": \"00:00:00:00:00:00\",\n        \"mountChanges\": 0,\n        \"heartbeatTimeoutsSinceReboot\": 0\n    }\n}\n"
    },
    {
        "status": 0,
        "timestamp": 1651512536405,
        "cmd": "show mlag interfaces| json",
        "devtype": "eos",
        "namespace": "mroutes",
        "hostname": "leaf1",
        "address": "172.22.0.6",
        "version": "4.25.4M-22402993.4254M (engineering build)",
        "data": "{\n    \"interfaces\": {}\n}\n"
    }
][
    {
        "status": 0,
        "timestamp": 1651512536216,
        "cmd": "show mlag detail| json",
        "devtype": "eos",
        "namespace": "mroutes",
        "hostname": "leaf2",
        "address": "172.22.0.9",
        "version": "4.25.4M-22402993.4254M (engineering build)",
        "data": "{\n    \"localInterface\": \"\",\n    \"state\": \"disabled\",\n    \"reloadDelay\": 300,\n    \"peerLink\": \"\",\n    \"dualPrimaryDetectionState\": \"disabled\",\n    \"reloadDelayNonMlag\": 300,\n    \"mlagPorts\": {\n        \"Disabled\": 0,\n        \"Active-partial\": 0,\n        \"Inactive\": 0,\n        \"Configured\": 0,\n        \"Active-full\": 0\n    },\n    \"portsErrdisabled\": false,\n    \"dualPrimaryPortsErrdisabled\": false,\n    \"detail\": {\n        \"failoverCauseList\": [\n            \"Unknown\"\n        ],\n        \"udpHeartbeatsSent\": 0,\n        \"lacpStandby\": false,\n        \"mlagState\": \"disabled\",\n        \"heartbeatInterval\": 4000,\n        \"effectiveHeartbeatInterval\": 0,\n        \"heartbeatTimeout\": 0,\n        \"stateChanges\": 0,\n        \"fastMacRedirectionEnabled\": false,\n        \"peerPortsErrdisabled\": false,\n        \"mlagHwReady\": true,\n        \"udpHeartbeatAlive\": false,\n        \"failoverInitiated\": false,\n        \"peerMlagState\": \"unknown\",\n        \"secondaryFromFailover\": false,\n        \"primaryPriority\": 32767,\n        \"failover\": false,\n        \"enabled\": false,\n        \"peerMacRoutingSupported\": false,\n        \"peerPrimaryPriority\": 0,\n        \"udpHeartbeatsReceived\": 0,\n        \"peerMacAddress\": \"00:00:00:00:00:00\",\n        \"mountChanges\": 0,\n        \"heartbeatTimeoutsSinceReboot\": 0\n    }\n}\n"
    },
    {
        "status": 0,
        "timestamp": 1651512536410,
        "cmd": "show mlag interfaces| json",
        "devtype": "eos",
        "namespace": "mroutes",
        "hostname": "leaf2",
        "address": "172.22.0.9",
        "version": "4.25.4M-22402993.4254M (engineering build)",
        "data": "{\n    \"interfaces\": {}\n}\n"
    }
][
    {
        "status": 0,
        "timestamp": 1651678760563,
        "cmd": "show mlag detail| json",
        "devtype": "eos",
        "namespace": "mroutes",
        "hostname": "leaf2",
        "address": "172.22.0.9",
        "version": "4.25.4M-22402993.4254M (engineering build)",
        "data": "{\n    \"localInterface\": \"\",\n    \"state\": \"disabled\",\n    \"reloadDelay\": 300,\n    \"peerLink\": \"\",\n    \"dualPrimaryDetectionState\": \"disabled\",\n    \"reloadDelayNonMlag\": 300,\n    \"mlagPorts\": {\n        \"Disabled\": 0,\n        \"Active-partial\": 0,\n        \"Inactive\": 0,\n        \"Configured\": 0,\n        \"Active-full\": 0\n    },\n    \"portsErrdisabled\": false,\n    \"dualPrimaryPortsErrdisabled\": false,\n    \"detail\": {\n        \"failoverCauseList\": [\n            \"Unknown\"\n        ],\n        \"udpHeartbeatsSent\": 0,\n        \"lacpStandby\": false,\n        \"mlagState\": \"disabled\",\n        \"heartbeatInterval\": 4000,\n        \"effectiveHeartbeatInterval\": 0,\n        \"heartbeatTimeout\": 0,\n        \"stateChanges\": 0,\n        \"fastMacRedirectionEnabled\": false,\n        \"peerPortsErrdisabled\": false,\n        \"mlagHwReady\": true,\n        \"udpHeartbeatAlive\": false,\n        \"failoverInitiated\": false,\n        \"peerMlagState\": \"unknown\",\n        \"secondaryFromFailover\": false,\n        \"primaryPriority\": 32767,\n        \"failover\": false,\n        \"enabled\": false,\n        \"peerMacRoutingSupported\": false,\n        \"peerPrimaryPriority\": 0,\n        \"udpHeartbeatsReceived\": 0,\n        \"peerMacAddress\": \"00:00:00:00:00:00\",\n        \"mountChanges\": 0,\n        \"heartbeatTimeoutsSinceReboot\": 0\n    }\n}\n"
    },
    {
        "status": 0,
        "timestamp": 1651678760788,
        "cmd": "show mlag interfaces| json",
        "devtype": "eos",
        "namespace": "mroutes",
        "hostname": "leaf2",
        "address": "172.22.0.9",
        "version": "4.25.4M-22402993.4254M (engineering build)",
        "data": "{\n    \"interfaces\": {}\n}\n"
    }
][
    {
        "status": 0,
        "timestamp": 1651678760712,
        "cmd": "show mlag detail| json",
        "devtype": "eos",
        "namespace": "mroutes",
        "hostname": "leaf1",
        "address": "172.22.0.6",
        "version": "4.25.4M-22402993.4254M (engineering build)",
        "data": "{\n    \"localInterface\": \"\",\n    \"state\": \"disabled\",\n    \"reloadDelay\": 300,\n    \"peerLink\": \"\",\n    \"dualPrimaryDetectionState\": \"disabled\",\n    \"reloadDelayNonMlag\": 300,\n    \"mlagPorts\": {\n        \"Disabled\": 0,\n        \"Active-partial\": 0,\n        \"Inactive\": 0,\n        \"Configured\": 0,\n        \"Active-full\": 0\n    },\n    \"portsErrdisabled\": false,\n    \"dualPrimaryPortsErrdisabled\": false,\n    \"detail\": {\n        \"failoverCauseList\": [\n            \"Unknown\"\n        ],\n        \"udpHeartbeatsSent\": 0,\n        \"lacpStandby\": false,\n        \"mlagState\": \"disabled\",\n        \"heartbeatInterval\": 4000,\n        \"effectiveHeartbeatInterval\": 0,\n        \"heartbeatTimeout\": 0,\n        \"stateChanges\": 0,\n        \"fastMacRedirectionEnabled\": false,\n        \"peerPortsErrdisabled\": false,\n        \"mlagHwReady\": true,\n        \"udpHeartbeatAlive\": false,\n        \"failoverInitiated\": false,\n        \"peerMlagState\": \"unknown\",\n        \"secondaryFromFailover\": false,\n        \"primaryPriority\": 32767,\n        \"failover\": false,\n        \"enabled\": false,\n        \"peerMacRoutingSupported\": false,\n        \"peerPrimaryPriority\": 0,\n        \"udpHeartbeatsReceived\": 0,\n        \"peerMacAddress\": \"00:00:00:00:00:00\",\n        \"mountChanges\": 0,\n        \"heartbeatTimeoutsSinceReboot\": 0\n    }\n}\n"
    },
    {
        "status": 0,
        "timestamp": 1651678760901,
        "cmd": "show mlag interfaces| json",
        "devtype": "eos",
        "namespace": "mroutes",
        "hostname": "leaf1",
        "address": "172.22.0.6",
        "version": "4.25.4M-22402993.4254M (engineering build)",
        "data": "{\n    \"interfaces\": {}\n}\n"
    }
][
    {
        "status": 0,
        "timestamp": 1651678791614,
        "cmd": "show mlag detail| json",
        "devtype": "eos",
        "namespace": "mroutes",
        "hostname": "leaf2",
        "address": "172.22.0.9",
        "version": "4.25.4M-22402993.4254M (engineering build)",
        "data": "{\n    \"localInterface\": \"\",\n    \"state\": \"disabled\",\n    \"reloadDelay\": 300,\n    \"peerLink\": \"\",\n    \"dualPrimaryDetectionState\": \"disabled\",\n    \"reloadDelayNonMlag\": 300,\n    \"mlagPorts\": {\n        \"Disabled\": 0,\n        \"Active-partial\": 0,\n        \"Inactive\": 0,\n        \"Configured\": 0,\n        \"Active-full\": 0\n    },\n    \"portsErrdisabled\": false,\n    \"dualPrimaryPortsErrdisabled\": false,\n    \"detail\": {\n        \"failoverCauseList\": [\n            \"Unknown\"\n        ],\n        \"udpHeartbeatsSent\": 0,\n        \"lacpStandby\": false,\n        \"mlagState\": \"disabled\",\n        \"heartbeatInterval\": 4000,\n        \"effectiveHeartbeatInterval\": 0,\n        \"heartbeatTimeout\": 0,\n        \"stateChanges\": 0,\n        \"fastMacRedirectionEnabled\": false,\n        \"peerPortsErrdisabled\": false,\n        \"mlagHwReady\": true,\n        \"udpHeartbeatAlive\": false,\n        \"failoverInitiated\": false,\n        \"peerMlagState\": \"unknown\",\n        \"secondaryFromFailover\": false,\n        \"primaryPriority\": 32767,\n        \"failover\": false,\n        \"enabled\": false,\n        \"peerMacRoutingSupported\": false,\n        \"peerPrimaryPriority\": 0,\n        \"udpHeartbeatsReceived\": 0,\n        \"peerMacAddress\": \"00:00:00:00:00:00\",\n        \"mountChanges\": 0,\n        \"heartbeatTimeoutsSinceReboot\": 0\n    }\n}\n"
    },
    {
        "status": 0,
        "timestamp": 1651678791819,
        "cmd": "show mlag interfaces| json",
        "devtype": "eos",
        "namespace": "mroutes",
        "hostname": "leaf2",
        "address": "172.22.0.9",
        "version": "4.25.4M-22402993.4254M (engineering build)",
        "data": "{\n    \"interfaces\": {}\n}\n"
    }
][
    {
        "status": 0,
        "timestamp": 1651678791639,
        "cmd": "show mlag detail| json",
        "devtype": "eos",
        "namespace": "mroutes",
        "hostname": "leaf1",
        "address": "172.22.0.6",
        "version": "4.25.4M-22402993.4254M (engineering build)",
        "data": "{\n    \"localInterface\": \"\",\n    \"state\": \"disabled\",\n    \"reloadDelay\": 300,\n    \"peerLink\": \"\",\n    \"dualPrimaryDetectionState\": \"disabled\",\n    \"reloadDelayNonMlag\": 300,\n    \"mlagPorts\": {\n        \"Disabled\": 0,\n        \"Active-partial\": 0,\n        \"Inactive\": 0,\n        \"Configured\": 0,\n        \"Active-full\": 0\n    },\n    \"portsErrdisabled\": false,\n    \"dualPrimaryPortsErrdisabled\": false,\n    \"detail\": {\n        \"failoverCauseList\": [\n            \"Unknown\"\n        ],\n        \"udpHeartbeatsSent\": 0,\n        \"lacpStandby\": false,\n        \"mlagState\": \"disabled\",\n        \"heartbeatInterval\": 4000,\n        \"effectiveHeartbeatInterval\": 0,\n        \"heartbeatTimeout\": 0,\n        \"stateChanges\": 0,\n        \"fastMacRedirectionEnabled\": false,\n        \"peerPortsErrdisabled\": false,\n        \"mlagHwReady\": true,\n        \"udpHeartbeatAlive\": false,\n        \"failoverInitiated\": false,\n        \"peerMlagState\": \"unknown\",\n        \"secondaryFromFailover\": false,\n        \"primaryPriority\": 32767,\n        \"failover\": false,\n        \"enabled\": false,\n        \"peerMacRoutingSupported\": false,\n        \"peerPrimaryPriority\": 0,\n        \"udpHeartbeatsReceived\": 0,\n        \"peerMacAddress\": \"00:00:00:00:00:00\",\n        \"mountChanges\": 0,\n        \"heartbeatTimeoutsSinceReboot\": 0\n    }\n}\n"
    },
    {
        "status": 0,
        "timestamp": 1651678791868,
        "cmd": "show mlag interfaces| json",
        "devtype": "eos",
        "namespace": "mroutes",
        "hostname": "leaf1",
        "address": "172.22.0.6",
        "version": "4.25.4M-22402993.4254M (engineering build)",
        "data": "{\n    \"interfaces\": {}\n}\n"
    }
]