[
    {
        "source": "10.100.105.70",
        "group": "239.100.1.5",
        "protocol": "sparseMode",
        "rp": "None",
        "rpfInterface": "Vlan105",
        "rpfNeighbor": "",
        "oifList": [],
        "vrf": "default",
        "ipvers": 4,
        "hostname": "trading-switch-1",
        "namespace": "mroutes",
        "timestamp": 1654114613443,
        "sqvers": "2.0",
        "rpNeighbor": "",
        "active": true
    }
][
    {
        "source": "10.100.105.70",
        "group": "239.100.1.5",
        "protocol": "sparseMode",
        "rp": "None",
        "rpfInterface": "Vlan105",
        "rpfNeighbor": "",
        "oifList": [],
        "vrf": "default",
        "ipvers": 4,
        "hostname": "trading-switch-2",
        "namespace": "mroutes",
        "timestamp": 1654114614065,
        "sqvers": "2.0",
        "rpNeighbor": "",
        "active": true
    }
][][][][][][][
    {
        "vrf": "default",
        "source": "*",
        "group": "232.0.0.0/8",
        "rpfNeighbor": "0.0.0.0",
        "oifList": [],
        "vrf-_2nd": "Zone5",
        "source-_2nd": "*",
        "group-_2nd": "232.0.0.0/8",
        "rpfNeighbor-_2nd": "0.0.0.0",
        "ipvers": 4,
        "hostname": "trading-switch-4",
        "namespace": "prox",
        "timestamp": 1654196610300,
        "sqvers": "2.0",
        "rpfInterface": "",
        "rp": "",
        "rpNeighbor": "",
        "active": true
    }
][
    {
        "vrf": "default",
        "source": "*",
        "group": "232.0.0.0/8",
        "rpfNeighbor": "0.0.0.0",
        "oifList": [],
        "vrf-_2nd": "Zone5",
        "source-_2nd": "*",
        "group-_2nd": "232.0.0.0/8",
        "rpfNeighbor-_2nd": "0.0.0.0",
        "ipvers": 4,
        "hostname": "trading-switch-3",
        "namespace": "prox",
        "timestamp": 1654196610302,
        "sqvers": "2.0",
        "rpfInterface": "",
        "rp": "",
        "rpNeighbor": "",
        "active": true
    }
][][][
    {
        "vrf": "default",
        "source": "*",
        "group": "232.0.0.0/8",
        "rpfNeighbor": "0.0.0.0",
        "oifList": [],
        "vrf-_2nd": "Zone5",
        "source-_2nd": "*",
        "group-_2nd": "232.0.0.0/8",
        "rpfNeighbor-_2nd": "0.0.0.0",
        "ipvers": 4,
        "hostname": "trading-switch-3",
        "namespace": "prox",
        "timestamp": 1654197212110,
        "sqvers": "2.0",
        "rpfInterface": "",
        "rp": "",
        "rpNeighbor": "",
        "active": true
    }
][
    {
        "vrf": "default",
        "source": "*",
        "group": "232.0.0.0/8",
        "rpfNeighbor": "0.0.0.0",
        "oifList": [],
        "vrf-_2nd": "Zone5",
        "source-_2nd": "*",
        "group-_2nd": "232.0.0.0/8",
        "rpfNeighbor-_2nd": "0.0.0.0",
        "ipvers": 4,
        "hostname": "trading-switch-4",
        "namespace": "prox",
        "timestamp": 1654197212119,
        "sqvers": "2.0",
        "rpfInterface": "",
        "rp": "",
        "rpNeighbor": "",
        "active": true
    }
][
    {
        "source": "*",
        "group": "232.0.0.0/8",
        "rpfNeighbor": "0.0.0.0",
        "oifList": [],
        "vrf": "default",
        "source-_2nd": "*",
        "group-_2nd": "232.0.0.0/8",
        "rpfNeighbor-_2nd": "0.0.0.0",
        "vrf-_2nd": "Zone2",
        "ipvers": 4,
        "hostname": "trading-switch-4",
        "namespace": "prox",
        "timestamp": 1654207493689,
        "sqvers": "2.0",
        "rpfInterface": "",
        "rp": "",
        "rpNeighbor": "",
        "active": true
    },
    {
        "source": "192.168.102.3/32",
        "group": "232.0.0.1/32",
        "rpfNeighbor": "0.0.0.0",
        "oifList": [],
        "vrf": "Zone2",
        "ipvers": 4,
        "hostname": "trading-switch-4",
        "namespace": "prox",
        "timestamp": 1654207493689,
        "sqvers": "2.0",
        "rpfInterface": "",
        "rp": "",
        "rpNeighbor": "",
        "active": true
    }
][
    {
        "source": "*",
        "group": "232.0.0.0/8",
        "rpfNeighbor": "0.0.0.0",
        "oifList": [],
        "vrf": "default",
        "source-_2nd": "*",
        "group-_2nd": "232.0.0.0/8",
        "rpfNeighbor-_2nd": "0.0.0.0",
        "vrf-_2nd": "Zone2",
        "ipvers": 4,
        "hostname": "trading-switch-3",
        "namespace": "prox",
        "timestamp": 1654207493691,
        "sqvers": "2.0",
        "rpfInterface": "",
        "rp": "",
        "rpNeighbor": "",
        "active": true
    }
][
    {
        "source": "*",
        "group": "232.0.0.0/8",
        "rpfNeighbor": "0.0.0.0",
        "oifList": [],
        "vrf": "default",
        "source-_2nd": "*",
        "group-_2nd": "232.0.0.0/8",
        "rpfNeighbor-_2nd": "0.0.0.0",
        "vrf-_2nd": "Zone2",
        "ipvers": 4,
        "hostname": "trading-switch-3",
        "namespace": "prox",
        "timestamp": 1654207842357,
        "sqvers": "2.0",
        "rpfInterface": "",
        "rp": "",
        "rpNeighbor": "",
        "active": true
    }
][
    {
        "source": "*",
        "group": "232.0.0.0/8",
        "rpfNeighbor": "0.0.0.0",
        "oifList": [],
        "vrf": "default",
        "source-_2nd": "*",
        "group-_2nd": "232.0.0.0/8",
        "rpfNeighbor-_2nd": "0.0.0.0",
        "vrf-_2nd": "Zone2",
        "ipvers": 4,
        "hostname": "trading-switch-4",
        "namespace": "prox",
        "timestamp": 1654207842360,
        "sqvers": "2.0",
        "rpfInterface": "",
        "rp": "",
        "rpNeighbor": "",
        "active": true
    },
    {
        "source": "192.168.102.3/32",
        "group": "232.0.0.1/32",
        "rpfNeighbor": "0.0.0.0",
        "oifList": [],
        "vrf": "Zone2",
        "ipvers": 4,
        "hostname": "trading-switch-4",
        "namespace": "prox",
        "timestamp": 1654207842360,
        "sqvers": "2.0",
        "rpfInterface": "",
        "rp": "",
        "rpNeighbor": "",
        "active": true
    }
][
    {
        "source": "*",
        "group": "232.0.0.0/8",
        "rpfNeighbor": "0.0.0.0",
        "oifList": [],
        "vrf?": "default",
        "source-_2nd": "*",
        "group-_2nd": "232.0.0.0/8",
        "rpfNeighbor-_2nd": "0.0.0.0",
        "vrf?-_2nd": "Zone2",
        "ipvers": 4,
        "hostname": "trading-switch-4",
        "namespace": "prox",
        "timestamp": 1654207912633,
        "sqvers": "2.0",
        "rpfInterface": "",
        "vrf": "",
        "rp": "",
        "rpNeighbor": "",
        "active": true
    },
    {
        "source": "192.168.102.3/32",
        "group": "232.0.0.1/32",
        "rpfNeighbor": "0.0.0.0",
        "oifList": [],
        "vrf?": "Zone2",
        "ipvers": 4,
        "hostname": "trading-switch-4",
        "namespace": "prox",
        "timestamp": 1654207912633,
        "sqvers": "2.0",
        "rpfInterface": "",
        "vrf": "",
        "rp": "",
        "rpNeighbor": "",
        "active": true
    }
][
    {
        "source": "*",
        "group": "232.0.0.0/8",
        "rpfNeighbor": "0.0.0.0",
        "oifList": [],
        "vrf?": "default",
        "source-_2nd": "*",
        "group-_2nd": "232.0.0.0/8",
        "rpfNeighbor-_2nd": "0.0.0.0",
        "vrf?-_2nd": "Zone2",
        "ipvers": 4,
        "hostname": "trading-switch-3",
        "namespace": "prox",
        "timestamp": 1654207912635,
        "sqvers": "2.0",
        "rpfInterface": "",
        "vrf": "",
        "rp": "",
        "rpNeighbor": "",
        "active": true
    }
][
    {
        "source": "*",
        "group": "232.0.0.0/8",
        "rpfNeighbor": "0.0.0.0",
        "oifList": [],
        "vrf": "",
        "source-_2nd": "*",
        "group-_2nd": "232.0.0.0/8",
        "rpfNeighbor-_2nd": "0.0.0.0",
        "ipvers": 4,
        "hostname": "trading-switch-4",
        "namespace": "prox",
        "timestamp": 1654207928525,
        "sqvers": "2.0",
        "rpfInterface": "",
        "rp": "",
        "rpNeighbor": "",
        "active": true
    },
    {
        "source": "192.168.102.3/32",
        "group": "232.0.0.1/32",
        "rpfNeighbor": "0.0.0.0",
        "oifList": [],
        "vrf": "",
        "ipvers": 4,
        "hostname": "trading-switch-4",
        "namespace": "prox",
        "timestamp": 1654207928525,
        "sqvers": "2.0",
        "rpfInterface": "",
        "rp": "",
        "rpNeighbor": "",
        "active": true
    }
][
    {
        "source": "*",
        "group": "232.0.0.0/8",
        "rpfNeighbor": "0.0.0.0",
        "oifList": [],
        "vrf": "",
        "source-_2nd": "*",
        "group-_2nd": "232.0.0.0/8",
        "rpfNeighbor-_2nd": "0.0.0.0",
        "ipvers": 4,
        "hostname": "trading-switch-3",
        "namespace": "prox",
        "timestamp": 1654207928547,
        "sqvers": "2.0",
        "rpfInterface": "",
        "rp": "",
        "rpNeighbor": "",
        "active": true
    }
][][][][][
    {
        "source": "*",
        "group": "232.0.0.0/8",
        "rpfNeighbor": "0.0.0.0",
        "oifList": [],
        "vrf?": "default",
        "source-_2nd": "*",
        "group-_2nd": "232.0.0.0/8",
        "rpfNeighbor-_2nd": "0.0.0.0",
        "vrf?-_2nd": "Zone2",
        "ipvers": 4,
        "hostname": "trading-switch-3",
        "namespace": "prox",
        "timestamp": 1654208049188,
        "sqvers": "2.0",
        "rpfInterface": "",
        "vrf": "",
        "rp": "",
        "rpNeighbor": "",
        "active": true
    }
][
    {
        "source": "*",
        "group": "232.0.0.0/8",
        "rpfNeighbor": "0.0.0.0",
        "oifList": [],
        "vrf?": "default",
        "source-_2nd": "*",
        "group-_2nd": "232.0.0.0/8",
        "rpfNeighbor-_2nd": "0.0.0.0",
        "vrf?-_2nd": "Zone2",
        "ipvers": 4,
        "hostname": "trading-switch-4",
        "namespace": "prox",
        "timestamp": 1654208049190,
        "sqvers": "2.0",
        "rpfInterface": "",
        "vrf": "",
        "rp": "",
        "rpNeighbor": "",
        "active": true
    },
    {
        "source": "192.168.102.3/32",
        "group": "232.0.0.1/32",
        "rpfNeighbor": "0.0.0.0",
        "oifList": [],
        "vrf?": "Zone2",
        "ipvers": 4,
        "hostname": "trading-switch-4",
        "namespace": "prox",
        "timestamp": 1654208049190,
        "sqvers": "2.0",
        "rpfInterface": "",
        "vrf": "",
        "rp": "",
        "rpNeighbor": "",
        "active": true
    }
][
    {
        "source": "*",
        "group": "232.0.0.0/8",
        "rpfNeighbor": "0.0.0.0",
        "oifList": [],
        "vrf?": "default",
        "source-_2nd": "*",
        "group-_2nd": "232.0.0.0/8",
        "rpfNeighbor-_2nd": "0.0.0.0",
        "vrf?-_2nd": "Zone2",
        "ipvers": 4,
        "hostname": "trading-switch-3",
        "namespace": "prox",
        "timestamp": 1654208235980,
        "sqvers": "2.0",
        "rpfInterface": "",
        "vrf": "",
        "rp": "",
        "rpNeighbor": "",
        "active": true
    }
][
    {
        "source": "*",
        "group": "232.0.0.0/8",
        "rpfNeighbor": "0.0.0.0",
        "oifList": [],
        "vrf?": "default",
        "source-_2nd": "*",
        "group-_2nd": "232.0.0.0/8",
        "rpfNeighbor-_2nd": "0.0.0.0",
        "vrf?-_2nd": "Zone2",
        "ipvers": 4,
        "hostname": "trading-switch-4",
        "namespace": "prox",
        "timestamp": 1654208235982,
        "sqvers": "2.0",
        "rpfInterface": "",
        "vrf": "",
        "rp": "",
        "rpNeighbor": "",
        "active": true
    },
    {
        "source": "192.168.102.3/32",
        "group": "232.0.0.1/32",
        "rpfNeighbor": "0.0.0.0",
        "oifList": [],
        "vrf?": "Zone2",
        "ipvers": 4,
        "hostname": "trading-switch-4",
        "namespace": "prox",
        "timestamp": 1654208235982,
        "sqvers": "2.0",
        "rpfInterface": "",
        "vrf": "",
        "rp": "",
        "rpNeighbor": "",
        "active": true
    }
][
    {
        "source": "*",
        "group": "232.0.0.0/8",
        "rpfNeighbor": "0.0.0.0",
        "oifList": [],
        "vrf?": "default",
        "source-_2nd": "*",
        "group-_2nd": "232.0.0.0/8",
        "rpfNeighbor-_2nd": "0.0.0.0",
        "vrf?-_2nd": "Zone2",
        "ipvers": 4,
        "hostname": "trading-switch-3",
        "namespace": "prox",
        "timestamp": 1654208313808,
        "sqvers": "2.0",
        "rpfInterface": "",
        "vrf": "",
        "rp": "",
        "rpNeighbor": "",
        "active": true
    }
][
    {
        "source": "*",
        "group": "232.0.0.0/8",
        "rpfNeighbor": "0.0.0.0",
        "oifList": [],
        "vrf?": "default",
        "source-_2nd": "*",
        "group-_2nd": "232.0.0.0/8",
        "rpfNeighbor-_2nd": "0.0.0.0",
        "vrf?-_2nd": "Zone2",
        "ipvers": 4,
        "hostname": "trading-switch-4",
        "namespace": "prox",
        "timestamp": 1654208313812,
        "sqvers": "2.0",
        "rpfInterface": "",
        "vrf": "",
        "rp": "",
        "rpNeighbor": "",
        "active": true
    },
    {
        "source": "192.168.102.3/32",
        "group": "232.0.0.1/32",
        "rpfNeighbor": "0.0.0.0",
        "oifList": [
            "V",
            "l",
            "a",
            "n",
            "2",
            "0",
            "0"
        ],
        "vrf?": "Zone2",
        "ipvers": 4,
        "hostname": "trading-switch-4",
        "namespace": "prox",
        "timestamp": 1654208313812,
        "sqvers": "2.0",
        "rpfInterface": "",
        "vrf": "",
        "rp": "",
        "rpNeighbor": "",
        "active": true
    }
][
    {
        "source": "10.100.105.70",
        "group": "239.100.1.5",
        "protocol": "sparseMode",
        "rp": "None",
        "rpfInterface": "Vlan105",
        "rpfNeighbor": "",
        "oifList": [],
        "vrf": "default",
        "ipvers": 4,
        "hostname": "trading-switch-2",
        "namespace": "prox",
        "timestamp": 1654281906858,
        "sqvers": "2.0",
        "rpNeighbor": "",
        "active": true
    }
][
    {
        "source": "10.100.105.70",
        "group": "239.100.1.5",
        "protocol": "sparseMode",
        "rp": "None",
        "rpfInterface": "Vlan105",
        "rpfNeighbor": "",
        "oifList": [],
        "vrf": "default",
        "ipvers": 4,
        "hostname": "trading-switch-1",
        "namespace": "prox",
        "timestamp": 1654281906865,
        "sqvers": "2.0",
        "rpNeighbor": "",
        "active": true
    }
]