[
    {
        "status": 0,
        "timestamp": 1651688402411,
        "cmd": "show ip ospf neighbor detail vrf all| json",
        "devtype": "eos",
        "namespace": "mroutes",
        "hostname": "leaf1",
        "address": "172.22.0.5",
        "version": "4.25.4M-22402993.4254M (engineering build)",
        "data": "{\n    \"vrfs\": {\n        \"default\": {\n            \"instList\": {\n                \"1\": {\n                    \"ospfNeighborEntries\": []\n                }\n            }\n        }\n    }\n}\n"
    }
][
    {
        "status": 0,
        "timestamp": 1651688402672,
        "cmd": "show ip ospf neighbor detail vrf all| json",
        "devtype": "eos",
        "namespace": "mroutes",
        "hostname": "leaf2",
        "address": "172.22.0.7",
        "version": "4.25.4M-22402993.4254M (engineering build)",
        "data": "{\n    \"vrfs\": {\n        \"default\": {\n            \"instList\": {\n                \"1\": {\n                    \"ospfNeighborEntries\": []\n                }\n            }\n        }\n    }\n}\n"
    }
][
    {
        "status": 0,
        "timestamp": 1651688402672,
        "cmd": "show ip ospf neighbor detail vrf all| json",
        "devtype": "eos",
        "namespace": "mroutes",
        "hostname": "leaf2",
        "address": "172.22.0.7",
        "version": "4.25.4M-22402993.4254M (engineering build)",
        "data": "{\n    \"vrfs\": {\n        \"default\": {\n            \"instList\": {\n                \"1\": {\n                    \"ospfNeighborEntries\": []\n                }\n            }\n        }\n    }\n}\n"
    }
][
    {
        "status": 0,
        "timestamp": 1651688402672,
        "cmd": "show ip ospf neighbor detail vrf all| json",
        "devtype": "eos",
        "namespace": "mroutes",
        "hostname": "leaf2",
        "address": "172.22.0.7",
        "version": "4.25.4M-22402993.4254M (engineering build)",
        "data": "{\n    \"vrfs\": {\n        \"default\": {\n            \"instList\": {\n                \"1\": {\n                    \"ospfNeighborEntries\": []\n                }\n            }\n        }\n    }\n}\n"
    }
]