[
    {
        "prefix": "192.168.200.0/31",
        "vrf": "Zone2",
        "protocol": "connected",
        "metric": 0,
        "preference": 0,
        "action": "forward",
        "hardwareProgrammed": "True",
        "nexthopIps": [],
        "oifs": [
            "Ethernet30"
        ],
        "_vtepAddr": [],
        "_vnis": [],
        "ipvers": 4,
        "hostname": "trading-switch-1",
        "namespace": "mroutes",
        "timestamp": 1654114614195,
        "sqvers": "2.0",
        "weights": [],
        "source": "",
        "routeTag": "",
        "asPathList": [],
        "validState": "",
        "statusChangeTimestamp": 0,
        "active": true
    },
    {
        "prefix": "10.100.200.0/24",
        "vrf": "Zone2",
        "protocol": "ebgp",
        "metric": 0,
        "preference": 200,
        "action": "forward",
        "hardwareProgrammed": "True",
        "nexthopIps": [
            "192.168.200.0"
        ],
        "oifs": [
            "Ethernet30"
        ],
        "_vtepAddr": [],
        "_vnis": [],
        "ipvers": 4,
        "hostname": "trading-switch-1",
        "namespace": "mroutes",
        "timestamp": 1654114614195,
        "sqvers": "2.0",
        "weights": [],
        "source": "",
        "routeTag": "",
        "asPathList": [],
        "validState": "",
        "statusChangeTimestamp": 0,
        "active": true
    },
    {
        "prefix": "10.10.103.0/24",
        "vrf": "Zone2",
        "protocol": "connected",
        "metric": 0,
        "preference": 0,
        "action": "forward",
        "hardwareProgrammed": "True",
        "nexthopIps": [],
        "oifs": [
            "Vlan103"
        ],
        "_vtepAddr": [],
        "_vnis": [],
        "ipvers": 4,
        "hostname": "trading-switch-1",
        "namespace": "mroutes",
        "timestamp": 1654114614195,
        "sqvers": "2.0",
        "weights": [],
        "source": "",
        "routeTag": "",
        "asPathList": [],
        "validState": "",
        "statusChangeTimestamp": 0,
        "active": true
    },
    {
        "prefix": "10.100.105.0/24",
        "vrf": "Zone2",
        "protocol": "connected",
        "metric": 0,
        "preference": 0,
        "action": "forward",
        "hardwareProgrammed": "True",
        "nexthopIps": [],
        "oifs": [
            "Vlan105"
        ],
        "_vtepAddr": [],
        "_vnis": [],
        "ipvers": 4,
        "hostname": "trading-switch-1",
        "namespace": "mroutes",
        "timestamp": 1654114614195,
        "sqvers": "2.0",
        "weights": [],
        "source": "",
        "routeTag": "",
        "asPathList": [],
        "validState": "",
        "statusChangeTimestamp": 0,
        "active": true
    },
    {
        "prefix": "10.10.102.0/24",
        "vrf": "Zone2",
        "protocol": "connected",
        "metric": 0,
        "preference": 0,
        "action": "forward",
        "hardwareProgrammed": "True",
        "nexthopIps": [],
        "oifs": [
            "Vlan102"
        ],
        "_vtepAddr": [],
        "_vnis": [],
        "ipvers": 4,
        "hostname": "trading-switch-1",
        "namespace": "mroutes",
        "timestamp": 1654114614195,
        "sqvers": "2.0",
        "weights": [],
        "source": "",
        "routeTag": "",
        "asPathList": [],
        "validState": "",
        "statusChangeTimestamp": 0,
        "active": true
    },
    {
        "prefix": "10.0.0.0/30",
        "vrf": "default",
        "protocol": "connected",
        "metric": 0,
        "preference": 0,
        "action": "forward",
        "hardwareProgrammed": "True",
        "nexthopIps": [],
        "oifs": [
            "Vlan4094"
        ],
        "_vtepAddr": [],
        "_vnis": [],
        "ipvers": 4,
        "hostname": "trading-switch-1",
        "namespace": "mroutes",
        "timestamp": 1654114614195,
        "sqvers": "2.0",
        "weights": [],
        "source": "",
        "routeTag": "",
        "asPathList": [],
        "validState": "",
        "statusChangeTimestamp": 0,
        "active": true
    },
    {
        "prefix": "10.1.0.0/22",
        "vrf": "default",
        "protocol": "connected",
        "metric": 0,
        "preference": 0,
        "action": "forward",
        "hardwareProgrammed": "True",
        "nexthopIps": [],
        "oifs": [
            "Management1"
        ],
        "_vtepAddr": [],
        "_vnis": [],
        "ipvers": 4,
        "hostname": "trading-switch-1",
        "namespace": "mroutes",
        "timestamp": 1654114614195,
        "sqvers": "2.0",
        "weights": [],
        "source": "",
        "routeTag": "",
        "asPathList": [],
        "validState": "",
        "statusChangeTimestamp": 0,
        "active": true
    },
    {
        "prefix": "0.0.0.0/0",
        "vrf": "default",
        "protocol": "static",
        "metric": 0,
        "preference": 1,
        "action": "forward",
        "hardwareProgrammed": "True",
        "nexthopIps": [
            "10.0.1.4"
        ],
        "oifs": [
            "Vlan98"
        ],
        "_vtepAddr": [],
        "_vnis": [],
        "ipvers": 4,
        "hostname": "trading-switch-1",
        "namespace": "mroutes",
        "timestamp": 1654114614195,
        "sqvers": "2.0",
        "weights": [],
        "source": "",
        "routeTag": "",
        "asPathList": [],
        "validState": "",
        "statusChangeTimestamp": 0,
        "active": true
    },
    {
        "prefix": "10.10.101.0/24",
        "vrf": "default",
        "protocol": "connected",
        "metric": 0,
        "preference": 0,
        "action": "forward",
        "hardwareProgrammed": "True",
        "nexthopIps": [],
        "oifs": [
            "Vlan101"
        ],
        "_vtepAddr": [],
        "_vnis": [],
        "ipvers": 4,
        "hostname": "trading-switch-1",
        "namespace": "mroutes",
        "timestamp": 1654114614195,
        "sqvers": "2.0",
        "weights": [],
        "source": "",
        "routeTag": "",
        "asPathList": [],
        "validState": "",
        "statusChangeTimestamp": 0,
        "active": true
    },
    {
        "prefix": "10.0.1.4/31",
        "vrf": "default",
        "protocol": "connected",
        "metric": 0,
        "preference": 0,
        "action": "forward",
        "hardwareProgrammed": "True",
        "nexthopIps": [],
        "oifs": [
            "Vlan98"
        ],
        "_vtepAddr": [],
        "_vnis": [],
        "ipvers": 4,
        "hostname": "trading-switch-1",
        "namespace": "mroutes",
        "timestamp": 1654114614195,
        "sqvers": "2.0",
        "weights": [],
        "source": "",
        "routeTag": "",
        "asPathList": [],
        "validState": "",
        "statusChangeTimestamp": 0,
        "active": true
    }
][
    {
        "prefix": "10.100.199.2/32",
        "vrf": "Zone2",
        "protocol": "connected",
        "metric": 0,
        "preference": 0,
        "action": "forward",
        "hardwareProgrammed": "True",
        "nexthopIps": [],
        "oifs": [
            "Loopback1"
        ],
        "_vtepAddr": [],
        "_vnis": [],
        "ipvers": 4,
        "hostname": "trading-switch-2",
        "namespace": "mroutes",
        "timestamp": 1654114614938,
        "sqvers": "2.0",
        "weights": [],
        "source": "",
        "routeTag": "",
        "asPathList": [],
        "validState": "",
        "statusChangeTimestamp": 0,
        "active": true
    },
    {
        "prefix": "192.168.102.0/24",
        "vrf": "Zone2",
        "protocol": "connected",
        "metric": 0,
        "preference": 0,
        "action": "forward",
        "hardwareProgrammed": "True",
        "nexthopIps": [],
        "oifs": [
            "Vlan102"
        ],
        "_vtepAddr": [],
        "_vnis": [],
        "ipvers": 4,
        "hostname": "trading-switch-2",
        "namespace": "mroutes",
        "timestamp": 1654114614938,
        "sqvers": "2.0",
        "weights": [],
        "source": "",
        "routeTag": "",
        "asPathList": [],
        "validState": "",
        "statusChangeTimestamp": 0,
        "active": true
    },
    {
        "prefix": "10.100.200.0/24",
        "vrf": "Zone2",
        "protocol": "ebgp",
        "metric": 0,
        "preference": 200,
        "action": "forward",
        "hardwareProgrammed": "True",
        "nexthopIps": [
            "192.168.100.0"
        ],
        "oifs": [
            "Ethernet30"
        ],
        "_vtepAddr": [],
        "_vnis": [],
        "ipvers": 4,
        "hostname": "trading-switch-2",
        "namespace": "mroutes",
        "timestamp": 1654114614938,
        "sqvers": "2.0",
        "weights": [],
        "source": "",
        "routeTag": "",
        "asPathList": [],
        "validState": "",
        "statusChangeTimestamp": 0,
        "active": true
    },
    {
        "prefix": "10.100.105.0/24",
        "vrf": "Zone2",
        "protocol": "connected",
        "metric": 0,
        "preference": 0,
        "action": "forward",
        "hardwareProgrammed": "True",
        "nexthopIps": [],
        "oifs": [
            "Vlan105"
        ],
        "_vtepAddr": [],
        "_vnis": [],
        "ipvers": 4,
        "hostname": "trading-switch-2",
        "namespace": "mroutes",
        "timestamp": 1654114614938,
        "sqvers": "2.0",
        "weights": [],
        "source": "",
        "routeTag": "",
        "asPathList": [],
        "validState": "",
        "statusChangeTimestamp": 0,
        "active": true
    },
    {
        "prefix": "192.168.100.0/31",
        "vrf": "Zone2",
        "protocol": "connected",
        "metric": 0,
        "preference": 0,
        "action": "forward",
        "hardwareProgrammed": "True",
        "nexthopIps": [],
        "oifs": [
            "Ethernet30"
        ],
        "_vtepAddr": [],
        "_vnis": [],
        "ipvers": 4,
        "hostname": "trading-switch-2",
        "namespace": "mroutes",
        "timestamp": 1654114614938,
        "sqvers": "2.0",
        "weights": [],
        "source": "",
        "routeTag": "",
        "asPathList": [],
        "validState": "",
        "statusChangeTimestamp": 0,
        "active": true
    },
    {
        "prefix": "192.168.103.0/24",
        "vrf": "Zone2",
        "protocol": "connected",
        "metric": 0,
        "preference": 0,
        "action": "forward",
        "hardwareProgrammed": "True",
        "nexthopIps": [],
        "oifs": [
            "Vlan103"
        ],
        "_vtepAddr": [],
        "_vnis": [],
        "ipvers": 4,
        "hostname": "trading-switch-2",
        "namespace": "mroutes",
        "timestamp": 1654114614938,
        "sqvers": "2.0",
        "weights": [],
        "source": "",
        "routeTag": "",
        "asPathList": [],
        "validState": "",
        "statusChangeTimestamp": 0,
        "active": true
    },
    {
        "prefix": "10.1.1.0/24",
        "vrf": "MGMT",
        "protocol": "connected",
        "metric": 0,
        "preference": 0,
        "action": "forward",
        "hardwareProgrammed": "True",
        "nexthopIps": [],
        "oifs": [
            "Management1"
        ],
        "_vtepAddr": [],
        "_vnis": [],
        "ipvers": 4,
        "hostname": "trading-switch-2",
        "namespace": "mroutes",
        "timestamp": 1654114614938,
        "sqvers": "2.0",
        "weights": [],
        "source": "",
        "routeTag": "",
        "asPathList": [],
        "validState": "",
        "statusChangeTimestamp": 0,
        "active": true
    },
    {
        "prefix": "0.0.0.0/0",
        "vrf": "MGMT",
        "protocol": "static",
        "metric": 0,
        "preference": 1,
        "action": "forward",
        "hardwareProgrammed": "True",
        "nexthopIps": [
            "10.1.1.1"
        ],
        "oifs": [
            "Management1"
        ],
        "_vtepAddr": [],
        "_vnis": [],
        "ipvers": 4,
        "hostname": "trading-switch-2",
        "namespace": "mroutes",
        "timestamp": 1654114614938,
        "sqvers": "2.0",
        "weights": [],
        "source": "",
        "routeTag": "",
        "asPathList": [],
        "validState": "",
        "statusChangeTimestamp": 0,
        "active": true
    },
    {
        "prefix": "10.0.0.0/30",
        "vrf": "default",
        "protocol": "connected",
        "metric": 0,
        "preference": 0,
        "action": "forward",
        "hardwareProgrammed": "True",
        "nexthopIps": [],
        "oifs": [
            "Vlan4094"
        ],
        "_vtepAddr": [],
        "_vnis": [],
        "ipvers": 4,
        "hostname": "trading-switch-2",
        "namespace": "mroutes",
        "timestamp": 1654114614938,
        "sqvers": "2.0",
        "weights": [],
        "source": "",
        "routeTag": "",
        "asPathList": [],
        "validState": "",
        "statusChangeTimestamp": 0,
        "active": true
    },
    {
        "prefix": "10.10.10.0/31",
        "vrf": "default",
        "protocol": "connected",
        "metric": 0,
        "preference": 0,
        "action": "forward",
        "hardwareProgrammed": "True",
        "nexthopIps": [],
        "oifs": [
            "Ethernet44"
        ],
        "_vtepAddr": [],
        "_vnis": [],
        "ipvers": 4,
        "hostname": "trading-switch-2",
        "namespace": "mroutes",
        "timestamp": 1654114614938,
        "sqvers": "2.0",
        "weights": [],
        "source": "",
        "routeTag": "",
        "asPathList": [],
        "validState": "",
        "statusChangeTimestamp": 0,
        "active": true
    },
    {
        "prefix": "0.0.0.0/0",
        "vrf": "default",
        "protocol": "static",
        "metric": 0,
        "preference": 1,
        "action": "forward",
        "hardwareProgrammed": "True",
        "nexthopIps": [
            "10.10.10.1"
        ],
        "oifs": [
            "Ethernet44"
        ],
        "_vtepAddr": [],
        "_vnis": [],
        "ipvers": 4,
        "hostname": "trading-switch-2",
        "namespace": "mroutes",
        "timestamp": 1654114614938,
        "sqvers": "2.0",
        "weights": [],
        "source": "",
        "routeTag": "",
        "asPathList": [],
        "validState": "",
        "statusChangeTimestamp": 0,
        "active": true
    },
    {
        "prefix": "10.10.101.0/24",
        "vrf": "default",
        "protocol": "connected",
        "metric": 0,
        "preference": 0,
        "action": "forward",
        "hardwareProgrammed": "True",
        "nexthopIps": [],
        "oifs": [
            "Vlan101"
        ],
        "_vtepAddr": [],
        "_vnis": [],
        "ipvers": 4,
        "hostname": "trading-switch-2",
        "namespace": "mroutes",
        "timestamp": 1654114614938,
        "sqvers": "2.0",
        "weights": [],
        "source": "",
        "routeTag": "",
        "asPathList": [],
        "validState": "",
        "statusChangeTimestamp": 0,
        "active": true
    },
    {
        "prefix": "10.0.1.4/31",
        "vrf": "default",
        "protocol": "connected",
        "metric": 0,
        "preference": 0,
        "action": "forward",
        "hardwareProgrammed": "True",
        "nexthopIps": [],
        "oifs": [
            "Vlan98"
        ],
        "_vtepAddr": [],
        "_vnis": [],
        "ipvers": 4,
        "hostname": "trading-switch-2",
        "namespace": "mroutes",
        "timestamp": 1654114614938,
        "sqvers": "2.0",
        "weights": [],
        "source": "",
        "routeTag": "",
        "asPathList": [],
        "validState": "",
        "statusChangeTimestamp": 0,
        "active": true
    }
][
    {
        "prefix": "192.168.200.0/31",
        "vrf": "Zone2",
        "protocol": "connected",
        "metric": 0,
        "preference": 0,
        "action": "forward",
        "hardwareProgrammed": "True",
        "nexthopIps": [],
        "oifs": [
            "Ethernet30"
        ],
        "_vtepAddr": [],
        "_vnis": [],
        "ipvers": 4,
        "hostname": "trading-switch-1",
        "namespace": "prox",
        "timestamp": 1654195237087,
        "sqvers": "2.0",
        "weights": [],
        "source": "",
        "routeTag": "",
        "asPathList": [],
        "validState": "",
        "statusChangeTimestamp": 0,
        "active": true
    },
    {
        "prefix": "10.100.200.0/24",
        "vrf": "Zone2",
        "protocol": "ebgp",
        "metric": 0,
        "preference": 200,
        "action": "forward",
        "hardwareProgrammed": "True",
        "nexthopIps": [
            "192.168.200.0"
        ],
        "oifs": [
            "Ethernet30"
        ],
        "_vtepAddr": [],
        "_vnis": [],
        "ipvers": 4,
        "hostname": "trading-switch-1",
        "namespace": "prox",
        "timestamp": 1654195237087,
        "sqvers": "2.0",
        "weights": [],
        "source": "",
        "routeTag": "",
        "asPathList": [],
        "validState": "",
        "statusChangeTimestamp": 0,
        "active": true
    },
    {
        "prefix": "10.10.103.0/24",
        "vrf": "Zone2",
        "protocol": "connected",
        "metric": 0,
        "preference": 0,
        "action": "forward",
        "hardwareProgrammed": "True",
        "nexthopIps": [],
        "oifs": [
            "Vlan103"
        ],
        "_vtepAddr": [],
        "_vnis": [],
        "ipvers": 4,
        "hostname": "trading-switch-1",
        "namespace": "prox",
        "timestamp": 1654195237087,
        "sqvers": "2.0",
        "weights": [],
        "source": "",
        "routeTag": "",
        "asPathList": [],
        "validState": "",
        "statusChangeTimestamp": 0,
        "active": true
    },
    {
        "prefix": "10.100.105.0/24",
        "vrf": "Zone2",
        "protocol": "connected",
        "metric": 0,
        "preference": 0,
        "action": "forward",
        "hardwareProgrammed": "True",
        "nexthopIps": [],
        "oifs": [
            "Vlan105"
        ],
        "_vtepAddr": [],
        "_vnis": [],
        "ipvers": 4,
        "hostname": "trading-switch-1",
        "namespace": "prox",
        "timestamp": 1654195237087,
        "sqvers": "2.0",
        "weights": [],
        "source": "",
        "routeTag": "",
        "asPathList": [],
        "validState": "",
        "statusChangeTimestamp": 0,
        "active": true
    },
    {
        "prefix": "10.10.102.0/24",
        "vrf": "Zone2",
        "protocol": "connected",
        "metric": 0,
        "preference": 0,
        "action": "forward",
        "hardwareProgrammed": "True",
        "nexthopIps": [],
        "oifs": [
            "Vlan102"
        ],
        "_vtepAddr": [],
        "_vnis": [],
        "ipvers": 4,
        "hostname": "trading-switch-1",
        "namespace": "prox",
        "timestamp": 1654195237087,
        "sqvers": "2.0",
        "weights": [],
        "source": "",
        "routeTag": "",
        "asPathList": [],
        "validState": "",
        "statusChangeTimestamp": 0,
        "active": true
    },
    {
        "prefix": "10.0.0.0/30",
        "vrf": "default",
        "protocol": "connected",
        "metric": 0,
        "preference": 0,
        "action": "forward",
        "hardwareProgrammed": "True",
        "nexthopIps": [],
        "oifs": [
            "Vlan4094"
        ],
        "_vtepAddr": [],
        "_vnis": [],
        "ipvers": 4,
        "hostname": "trading-switch-1",
        "namespace": "prox",
        "timestamp": 1654195237087,
        "sqvers": "2.0",
        "weights": [],
        "source": "",
        "routeTag": "",
        "asPathList": [],
        "validState": "",
        "statusChangeTimestamp": 0,
        "active": true
    },
    {
        "prefix": "10.1.0.0/22",
        "vrf": "default",
        "protocol": "connected",
        "metric": 0,
        "preference": 0,
        "action": "forward",
        "hardwareProgrammed": "True",
        "nexthopIps": [],
        "oifs": [
            "Management1"
        ],
        "_vtepAddr": [],
        "_vnis": [],
        "ipvers": 4,
        "hostname": "trading-switch-1",
        "namespace": "prox",
        "timestamp": 1654195237087,
        "sqvers": "2.0",
        "weights": [],
        "source": "",
        "routeTag": "",
        "asPathList": [],
        "validState": "",
        "statusChangeTimestamp": 0,
        "active": true
    },
    {
        "prefix": "0.0.0.0/0",
        "vrf": "default",
        "protocol": "static",
        "metric": 0,
        "preference": 1,
        "action": "forward",
        "hardwareProgrammed": "True",
        "nexthopIps": [
            "10.0.1.4"
        ],
        "oifs": [
            "Vlan98"
        ],
        "_vtepAddr": [],
        "_vnis": [],
        "ipvers": 4,
        "hostname": "trading-switch-1",
        "namespace": "prox",
        "timestamp": 1654195237087,
        "sqvers": "2.0",
        "weights": [],
        "source": "",
        "routeTag": "",
        "asPathList": [],
        "validState": "",
        "statusChangeTimestamp": 0,
        "active": true
    },
    {
        "prefix": "10.10.101.0/24",
        "vrf": "default",
        "protocol": "connected",
        "metric": 0,
        "preference": 0,
        "action": "forward",
        "hardwareProgrammed": "True",
        "nexthopIps": [],
        "oifs": [
            "Vlan101"
        ],
        "_vtepAddr": [],
        "_vnis": [],
        "ipvers": 4,
        "hostname": "trading-switch-1",
        "namespace": "prox",
        "timestamp": 1654195237087,
        "sqvers": "2.0",
        "weights": [],
        "source": "",
        "routeTag": "",
        "asPathList": [],
        "validState": "",
        "statusChangeTimestamp": 0,
        "active": true
    },
    {
        "prefix": "10.0.1.4/31",
        "vrf": "default",
        "protocol": "connected",
        "metric": 0,
        "preference": 0,
        "action": "forward",
        "hardwareProgrammed": "True",
        "nexthopIps": [],
        "oifs": [
            "Vlan98"
        ],
        "_vtepAddr": [],
        "_vnis": [],
        "ipvers": 4,
        "hostname": "trading-switch-1",
        "namespace": "prox",
        "timestamp": 1654195237087,
        "sqvers": "2.0",
        "weights": [],
        "source": "",
        "routeTag": "",
        "asPathList": [],
        "validState": "",
        "statusChangeTimestamp": 0,
        "active": true
    }
][
    {
        "prefix": "10.100.199.2/32",
        "vrf": "Zone2",
        "protocol": "connected",
        "metric": 0,
        "preference": 0,
        "action": "forward",
        "hardwareProgrammed": "True",
        "nexthopIps": [],
        "oifs": [
            "Loopback1"
        ],
        "_vtepAddr": [],
        "_vnis": [],
        "ipvers": 4,
        "hostname": "trading-switch-2",
        "namespace": "prox",
        "timestamp": 1654195237388,
        "sqvers": "2.0",
        "weights": [],
        "source": "",
        "routeTag": "",
        "asPathList": [],
        "validState": "",
        "statusChangeTimestamp": 0,
        "active": true
    },
    {
        "prefix": "192.168.102.0/24",
        "vrf": "Zone2",
        "protocol": "connected",
        "metric": 0,
        "preference": 0,
        "action": "forward",
        "hardwareProgrammed": "True",
        "nexthopIps": [],
        "oifs": [
            "Vlan102"
        ],
        "_vtepAddr": [],
        "_vnis": [],
        "ipvers": 4,
        "hostname": "trading-switch-2",
        "namespace": "prox",
        "timestamp": 1654195237388,
        "sqvers": "2.0",
        "weights": [],
        "source": "",
        "routeTag": "",
        "asPathList": [],
        "validState": "",
        "statusChangeTimestamp": 0,
        "active": true
    },
    {
        "prefix": "10.100.200.0/24",
        "vrf": "Zone2",
        "protocol": "ebgp",
        "metric": 0,
        "preference": 200,
        "action": "forward",
        "hardwareProgrammed": "True",
        "nexthopIps": [
            "192.168.100.0"
        ],
        "oifs": [
            "Ethernet30"
        ],
        "_vtepAddr": [],
        "_vnis": [],
        "ipvers": 4,
        "hostname": "trading-switch-2",
        "namespace": "prox",
        "timestamp": 1654195237388,
        "sqvers": "2.0",
        "weights": [],
        "source": "",
        "routeTag": "",
        "asPathList": [],
        "validState": "",
        "statusChangeTimestamp": 0,
        "active": true
    },
    {
        "prefix": "10.100.105.0/24",
        "vrf": "Zone2",
        "protocol": "connected",
        "metric": 0,
        "preference": 0,
        "action": "forward",
        "hardwareProgrammed": "True",
        "nexthopIps": [],
        "oifs": [
            "Vlan105"
        ],
        "_vtepAddr": [],
        "_vnis": [],
        "ipvers": 4,
        "hostname": "trading-switch-2",
        "namespace": "prox",
        "timestamp": 1654195237388,
        "sqvers": "2.0",
        "weights": [],
        "source": "",
        "routeTag": "",
        "asPathList": [],
        "validState": "",
        "statusChangeTimestamp": 0,
        "active": true
    },
    {
        "prefix": "192.168.100.0/31",
        "vrf": "Zone2",
        "protocol": "connected",
        "metric": 0,
        "preference": 0,
        "action": "forward",
        "hardwareProgrammed": "True",
        "nexthopIps": [],
        "oifs": [
            "Ethernet30"
        ],
        "_vtepAddr": [],
        "_vnis": [],
        "ipvers": 4,
        "hostname": "trading-switch-2",
        "namespace": "prox",
        "timestamp": 1654195237388,
        "sqvers": "2.0",
        "weights": [],
        "source": "",
        "routeTag": "",
        "asPathList": [],
        "validState": "",
        "statusChangeTimestamp": 0,
        "active": true
    },
    {
        "prefix": "192.168.103.0/24",
        "vrf": "Zone2",
        "protocol": "connected",
        "metric": 0,
        "preference": 0,
        "action": "forward",
        "hardwareProgrammed": "True",
        "nexthopIps": [],
        "oifs": [
            "Vlan103"
        ],
        "_vtepAddr": [],
        "_vnis": [],
        "ipvers": 4,
        "hostname": "trading-switch-2",
        "namespace": "prox",
        "timestamp": 1654195237388,
        "sqvers": "2.0",
        "weights": [],
        "source": "",
        "routeTag": "",
        "asPathList": [],
        "validState": "",
        "statusChangeTimestamp": 0,
        "active": true
    },
    {
        "prefix": "10.1.1.0/24",
        "vrf": "MGMT",
        "protocol": "connected",
        "metric": 0,
        "preference": 0,
        "action": "forward",
        "hardwareProgrammed": "True",
        "nexthopIps": [],
        "oifs": [
            "Management1"
        ],
        "_vtepAddr": [],
        "_vnis": [],
        "ipvers": 4,
        "hostname": "trading-switch-2",
        "namespace": "prox",
        "timestamp": 1654195237388,
        "sqvers": "2.0",
        "weights": [],
        "source": "",
        "routeTag": "",
        "asPathList": [],
        "validState": "",
        "statusChangeTimestamp": 0,
        "active": true
    },
    {
        "prefix": "0.0.0.0/0",
        "vrf": "MGMT",
        "protocol": "static",
        "metric": 0,
        "preference": 1,
        "action": "forward",
        "hardwareProgrammed": "True",
        "nexthopIps": [
            "10.1.1.1"
        ],
        "oifs": [
            "Management1"
        ],
        "_vtepAddr": [],
        "_vnis": [],
        "ipvers": 4,
        "hostname": "trading-switch-2",
        "namespace": "prox",
        "timestamp": 1654195237388,
        "sqvers": "2.0",
        "weights": [],
        "source": "",
        "routeTag": "",
        "asPathList": [],
        "validState": "",
        "statusChangeTimestamp": 0,
        "active": true
    },
    {
        "prefix": "10.0.0.0/30",
        "vrf": "default",
        "protocol": "connected",
        "metric": 0,
        "preference": 0,
        "action": "forward",
        "hardwareProgrammed": "True",
        "nexthopIps": [],
        "oifs": [
            "Vlan4094"
        ],
        "_vtepAddr": [],
        "_vnis": [],
        "ipvers": 4,
        "hostname": "trading-switch-2",
        "namespace": "prox",
        "timestamp": 1654195237388,
        "sqvers": "2.0",
        "weights": [],
        "source": "",
        "routeTag": "",
        "asPathList": [],
        "validState": "",
        "statusChangeTimestamp": 0,
        "active": true
    },
    {
        "prefix": "10.10.10.0/31",
        "vrf": "default",
        "protocol": "connected",
        "metric": 0,
        "preference": 0,
        "action": "forward",
        "hardwareProgrammed": "True",
        "nexthopIps": [],
        "oifs": [
            "Ethernet44"
        ],
        "_vtepAddr": [],
        "_vnis": [],
        "ipvers": 4,
        "hostname": "trading-switch-2",
        "namespace": "prox",
        "timestamp": 1654195237388,
        "sqvers": "2.0",
        "weights": [],
        "source": "",
        "routeTag": "",
        "asPathList": [],
        "validState": "",
        "statusChangeTimestamp": 0,
        "active": true
    },
    {
        "prefix": "0.0.0.0/0",
        "vrf": "default",
        "protocol": "static",
        "metric": 0,
        "preference": 1,
        "action": "forward",
        "hardwareProgrammed": "True",
        "nexthopIps": [
            "10.10.10.1"
        ],
        "oifs": [
            "Ethernet44"
        ],
        "_vtepAddr": [],
        "_vnis": [],
        "ipvers": 4,
        "hostname": "trading-switch-2",
        "namespace": "prox",
        "timestamp": 1654195237388,
        "sqvers": "2.0",
        "weights": [],
        "source": "",
        "routeTag": "",
        "asPathList": [],
        "validState": "",
        "statusChangeTimestamp": 0,
        "active": true
    },
    {
        "prefix": "10.10.101.0/24",
        "vrf": "default",
        "protocol": "connected",
        "metric": 0,
        "preference": 0,
        "action": "forward",
        "hardwareProgrammed": "True",
        "nexthopIps": [],
        "oifs": [
            "Vlan101"
        ],
        "_vtepAddr": [],
        "_vnis": [],
        "ipvers": 4,
        "hostname": "trading-switch-2",
        "namespace": "prox",
        "timestamp": 1654195237388,
        "sqvers": "2.0",
        "weights": [],
        "source": "",
        "routeTag": "",
        "asPathList": [],
        "validState": "",
        "statusChangeTimestamp": 0,
        "active": true
    },
    {
        "prefix": "10.0.1.4/31",
        "vrf": "default",
        "protocol": "connected",
        "metric": 0,
        "preference": 0,
        "action": "forward",
        "hardwareProgrammed": "True",
        "nexthopIps": [],
        "oifs": [
            "Vlan98"
        ],
        "_vtepAddr": [],
        "_vnis": [],
        "ipvers": 4,
        "hostname": "trading-switch-2",
        "namespace": "prox",
        "timestamp": 1654195237388,
        "sqvers": "2.0",
        "weights": [],
        "source": "",
        "routeTag": "",
        "asPathList": [],
        "validState": "",
        "statusChangeTimestamp": 0,
        "active": true
    }
][
    {
        "prefix": "10.100.199.2/32",
        "vrf": "Zone2",
        "protocol": "connected",
        "metric": 0,
        "preference": 0,
        "action": "forward",
        "hardwareProgrammed": "True",
        "nexthopIps": [],
        "oifs": [
            "Loopback1"
        ],
        "_vtepAddr": [],
        "_vnis": [],
        "ipvers": 4,
        "hostname": "trading-switch-2",
        "namespace": "prox",
        "timestamp": 1654281906870,
        "sqvers": "2.0",
        "weights": [],
        "source": "",
        "routeTag": "",
        "asPathList": [],
        "validState": "",
        "statusChangeTimestamp": 0,
        "active": true
    },
    {
        "prefix": "192.168.102.0/24",
        "vrf": "Zone2",
        "protocol": "connected",
        "metric": 0,
        "preference": 0,
        "action": "forward",
        "hardwareProgrammed": "True",
        "nexthopIps": [],
        "oifs": [
            "Vlan102"
        ],
        "_vtepAddr": [],
        "_vnis": [],
        "ipvers": 4,
        "hostname": "trading-switch-2",
        "namespace": "prox",
        "timestamp": 1654281906870,
        "sqvers": "2.0",
        "weights": [],
        "source": "",
        "routeTag": "",
        "asPathList": [],
        "validState": "",
        "statusChangeTimestamp": 0,
        "active": true
    },
    {
        "prefix": "10.100.200.0/24",
        "vrf": "Zone2",
        "protocol": "ebgp",
        "metric": 0,
        "preference": 200,
        "action": "forward",
        "hardwareProgrammed": "True",
        "nexthopIps": [
            "192.168.100.0"
        ],
        "oifs": [
            "Ethernet30"
        ],
        "_vtepAddr": [],
        "_vnis": [],
        "ipvers": 4,
        "hostname": "trading-switch-2",
        "namespace": "prox",
        "timestamp": 1654281906870,
        "sqvers": "2.0",
        "weights": [],
        "source": "",
        "routeTag": "",
        "asPathList": [],
        "validState": "",
        "statusChangeTimestamp": 0,
        "active": true
    },
    {
        "prefix": "10.100.105.0/24",
        "vrf": "Zone2",
        "protocol": "connected",
        "metric": 0,
        "preference": 0,
        "action": "forward",
        "hardwareProgrammed": "True",
        "nexthopIps": [],
        "oifs": [
            "Vlan105"
        ],
        "_vtepAddr": [],
        "_vnis": [],
        "ipvers": 4,
        "hostname": "trading-switch-2",
        "namespace": "prox",
        "timestamp": 1654281906870,
        "sqvers": "2.0",
        "weights": [],
        "source": "",
        "routeTag": "",
        "asPathList": [],
        "validState": "",
        "statusChangeTimestamp": 0,
        "active": true
    },
    {
        "prefix": "192.168.100.0/31",
        "vrf": "Zone2",
        "protocol": "connected",
        "metric": 0,
        "preference": 0,
        "action": "forward",
        "hardwareProgrammed": "True",
        "nexthopIps": [],
        "oifs": [
            "Ethernet30"
        ],
        "_vtepAddr": [],
        "_vnis": [],
        "ipvers": 4,
        "hostname": "trading-switch-2",
        "namespace": "prox",
        "timestamp": 1654281906870,
        "sqvers": "2.0",
        "weights": [],
        "source": "",
        "routeTag": "",
        "asPathList": [],
        "validState": "",
        "statusChangeTimestamp": 0,
        "active": true
    },
    {
        "prefix": "192.168.103.0/24",
        "vrf": "Zone2",
        "protocol": "connected",
        "metric": 0,
        "preference": 0,
        "action": "forward",
        "hardwareProgrammed": "True",
        "nexthopIps": [],
        "oifs": [
            "Vlan103"
        ],
        "_vtepAddr": [],
        "_vnis": [],
        "ipvers": 4,
        "hostname": "trading-switch-2",
        "namespace": "prox",
        "timestamp": 1654281906870,
        "sqvers": "2.0",
        "weights": [],
        "source": "",
        "routeTag": "",
        "asPathList": [],
        "validState": "",
        "statusChangeTimestamp": 0,
        "active": true
    },
    {
        "prefix": "10.1.1.0/24",
        "vrf": "MGMT",
        "protocol": "connected",
        "metric": 0,
        "preference": 0,
        "action": "forward",
        "hardwareProgrammed": "True",
        "nexthopIps": [],
        "oifs": [
            "Management1"
        ],
        "_vtepAddr": [],
        "_vnis": [],
        "ipvers": 4,
        "hostname": "trading-switch-2",
        "namespace": "prox",
        "timestamp": 1654281906870,
        "sqvers": "2.0",
        "weights": [],
        "source": "",
        "routeTag": "",
        "asPathList": [],
        "validState": "",
        "statusChangeTimestamp": 0,
        "active": true
    },
    {
        "prefix": "0.0.0.0/0",
        "vrf": "MGMT",
        "protocol": "static",
        "metric": 0,
        "preference": 1,
        "action": "forward",
        "hardwareProgrammed": "True",
        "nexthopIps": [
            "10.1.1.1"
        ],
        "oifs": [
            "Management1"
        ],
        "_vtepAddr": [],
        "_vnis": [],
        "ipvers": 4,
        "hostname": "trading-switch-2",
        "namespace": "prox",
        "timestamp": 1654281906870,
        "sqvers": "2.0",
        "weights": [],
        "source": "",
        "routeTag": "",
        "asPathList": [],
        "validState": "",
        "statusChangeTimestamp": 0,
        "active": true
    },
    {
        "prefix": "10.0.0.0/30",
        "vrf": "default",
        "protocol": "connected",
        "metric": 0,
        "preference": 0,
        "action": "forward",
        "hardwareProgrammed": "True",
        "nexthopIps": [],
        "oifs": [
            "Vlan4094"
        ],
        "_vtepAddr": [],
        "_vnis": [],
        "ipvers": 4,
        "hostname": "trading-switch-2",
        "namespace": "prox",
        "timestamp": 1654281906870,
        "sqvers": "2.0",
        "weights": [],
        "source": "",
        "routeTag": "",
        "asPathList": [],
        "validState": "",
        "statusChangeTimestamp": 0,
        "active": true
    },
    {
        "prefix": "10.10.10.0/31",
        "vrf": "default",
        "protocol": "connected",
        "metric": 0,
        "preference": 0,
        "action": "forward",
        "hardwareProgrammed": "True",
        "nexthopIps": [],
        "oifs": [
            "Ethernet44"
        ],
        "_vtepAddr": [],
        "_vnis": [],
        "ipvers": 4,
        "hostname": "trading-switch-2",
        "namespace": "prox",
        "timestamp": 1654281906870,
        "sqvers": "2.0",
        "weights": [],
        "source": "",
        "routeTag": "",
        "asPathList": [],
        "validState": "",
        "statusChangeTimestamp": 0,
        "active": true
    },
    {
        "prefix": "0.0.0.0/0",
        "vrf": "default",
        "protocol": "static",
        "metric": 0,
        "preference": 1,
        "action": "forward",
        "hardwareProgrammed": "True",
        "nexthopIps": [
            "10.10.10.1"
        ],
        "oifs": [
            "Ethernet44"
        ],
        "_vtepAddr": [],
        "_vnis": [],
        "ipvers": 4,
        "hostname": "trading-switch-2",
        "namespace": "prox",
        "timestamp": 1654281906870,
        "sqvers": "2.0",
        "weights": [],
        "source": "",
        "routeTag": "",
        "asPathList": [],
        "validState": "",
        "statusChangeTimestamp": 0,
        "active": true
    },
    {
        "prefix": "10.10.101.0/24",
        "vrf": "default",
        "protocol": "connected",
        "metric": 0,
        "preference": 0,
        "action": "forward",
        "hardwareProgrammed": "True",
        "nexthopIps": [],
        "oifs": [
            "Vlan101"
        ],
        "_vtepAddr": [],
        "_vnis": [],
        "ipvers": 4,
        "hostname": "trading-switch-2",
        "namespace": "prox",
        "timestamp": 1654281906870,
        "sqvers": "2.0",
        "weights": [],
        "source": "",
        "routeTag": "",
        "asPathList": [],
        "validState": "",
        "statusChangeTimestamp": 0,
        "active": true
    },
    {
        "prefix": "10.0.1.4/31",
        "vrf": "default",
        "protocol": "connected",
        "metric": 0,
        "preference": 0,
        "action": "forward",
        "hardwareProgrammed": "True",
        "nexthopIps": [],
        "oifs": [
            "Vlan98"
        ],
        "_vtepAddr": [],
        "_vnis": [],
        "ipvers": 4,
        "hostname": "trading-switch-2",
        "namespace": "prox",
        "timestamp": 1654281906870,
        "sqvers": "2.0",
        "weights": [],
        "source": "",
        "routeTag": "",
        "asPathList": [],
        "validState": "",
        "statusChangeTimestamp": 0,
        "active": true
    }
][
    {
        "prefix": "192.168.200.0/31",
        "vrf": "Zone2",
        "protocol": "connected",
        "metric": 0,
        "preference": 0,
        "action": "forward",
        "hardwareProgrammed": "True",
        "nexthopIps": [],
        "oifs": [
            "Ethernet30"
        ],
        "_vtepAddr": [],
        "_vnis": [],
        "ipvers": 4,
        "hostname": "trading-switch-1",
        "namespace": "prox",
        "timestamp": 1654281906916,
        "sqvers": "2.0",
        "weights": [],
        "source": "",
        "routeTag": "",
        "asPathList": [],
        "validState": "",
        "statusChangeTimestamp": 0,
        "active": true
    },
    {
        "prefix": "10.100.200.0/24",
        "vrf": "Zone2",
        "protocol": "ebgp",
        "metric": 0,
        "preference": 200,
        "action": "forward",
        "hardwareProgrammed": "True",
        "nexthopIps": [
            "192.168.200.0"
        ],
        "oifs": [
            "Ethernet30"
        ],
        "_vtepAddr": [],
        "_vnis": [],
        "ipvers": 4,
        "hostname": "trading-switch-1",
        "namespace": "prox",
        "timestamp": 1654281906916,
        "sqvers": "2.0",
        "weights": [],
        "source": "",
        "routeTag": "",
        "asPathList": [],
        "validState": "",
        "statusChangeTimestamp": 0,
        "active": true
    },
    {
        "prefix": "10.10.103.0/24",
        "vrf": "Zone2",
        "protocol": "connected",
        "metric": 0,
        "preference": 0,
        "action": "forward",
        "hardwareProgrammed": "True",
        "nexthopIps": [],
        "oifs": [
            "Vlan103"
        ],
        "_vtepAddr": [],
        "_vnis": [],
        "ipvers": 4,
        "hostname": "trading-switch-1",
        "namespace": "prox",
        "timestamp": 1654281906916,
        "sqvers": "2.0",
        "weights": [],
        "source": "",
        "routeTag": "",
        "asPathList": [],
        "validState": "",
        "statusChangeTimestamp": 0,
        "active": true
    },
    {
        "prefix": "10.100.105.0/24",
        "vrf": "Zone2",
        "protocol": "connected",
        "metric": 0,
        "preference": 0,
        "action": "forward",
        "hardwareProgrammed": "True",
        "nexthopIps": [],
        "oifs": [
            "Vlan105"
        ],
        "_vtepAddr": [],
        "_vnis": [],
        "ipvers": 4,
        "hostname": "trading-switch-1",
        "namespace": "prox",
        "timestamp": 1654281906916,
        "sqvers": "2.0",
        "weights": [],
        "source": "",
        "routeTag": "",
        "asPathList": [],
        "validState": "",
        "statusChangeTimestamp": 0,
        "active": true
    },
    {
        "prefix": "10.10.102.0/24",
        "vrf": "Zone2",
        "protocol": "connected",
        "metric": 0,
        "preference": 0,
        "action": "forward",
        "hardwareProgrammed": "True",
        "nexthopIps": [],
        "oifs": [
            "Vlan102"
        ],
        "_vtepAddr": [],
        "_vnis": [],
        "ipvers": 4,
        "hostname": "trading-switch-1",
        "namespace": "prox",
        "timestamp": 1654281906916,
        "sqvers": "2.0",
        "weights": [],
        "source": "",
        "routeTag": "",
        "asPathList": [],
        "validState": "",
        "statusChangeTimestamp": 0,
        "active": true
    },
    {
        "prefix": "10.0.0.0/30",
        "vrf": "default",
        "protocol": "connected",
        "metric": 0,
        "preference": 0,
        "action": "forward",
        "hardwareProgrammed": "True",
        "nexthopIps": [],
        "oifs": [
            "Vlan4094"
        ],
        "_vtepAddr": [],
        "_vnis": [],
        "ipvers": 4,
        "hostname": "trading-switch-1",
        "namespace": "prox",
        "timestamp": 1654281906916,
        "sqvers": "2.0",
        "weights": [],
        "source": "",
        "routeTag": "",
        "asPathList": [],
        "validState": "",
        "statusChangeTimestamp": 0,
        "active": true
    },
    {
        "prefix": "10.1.0.0/22",
        "vrf": "default",
        "protocol": "connected",
        "metric": 0,
        "preference": 0,
        "action": "forward",
        "hardwareProgrammed": "True",
        "nexthopIps": [],
        "oifs": [
            "Management1"
        ],
        "_vtepAddr": [],
        "_vnis": [],
        "ipvers": 4,
        "hostname": "trading-switch-1",
        "namespace": "prox",
        "timestamp": 1654281906916,
        "sqvers": "2.0",
        "weights": [],
        "source": "",
        "routeTag": "",
        "asPathList": [],
        "validState": "",
        "statusChangeTimestamp": 0,
        "active": true
    },
    {
        "prefix": "0.0.0.0/0",
        "vrf": "default",
        "protocol": "static",
        "metric": 0,
        "preference": 1,
        "action": "forward",
        "hardwareProgrammed": "True",
        "nexthopIps": [
            "10.0.1.4"
        ],
        "oifs": [
            "Vlan98"
        ],
        "_vtepAddr": [],
        "_vnis": [],
        "ipvers": 4,
        "hostname": "trading-switch-1",
        "namespace": "prox",
        "timestamp": 1654281906916,
        "sqvers": "2.0",
        "weights": [],
        "source": "",
        "routeTag": "",
        "asPathList": [],
        "validState": "",
        "statusChangeTimestamp": 0,
        "active": true
    },
    {
        "prefix": "10.10.101.0/24",
        "vrf": "default",
        "protocol": "connected",
        "metric": 0,
        "preference": 0,
        "action": "forward",
        "hardwareProgrammed": "True",
        "nexthopIps": [],
        "oifs": [
            "Vlan101"
        ],
        "_vtepAddr": [],
        "_vnis": [],
        "ipvers": 4,
        "hostname": "trading-switch-1",
        "namespace": "prox",
        "timestamp": 1654281906916,
        "sqvers": "2.0",
        "weights": [],
        "source": "",
        "routeTag": "",
        "asPathList": [],
        "validState": "",
        "statusChangeTimestamp": 0,
        "active": true
    },
    {
        "prefix": "10.0.1.4/31",
        "vrf": "default",
        "protocol": "connected",
        "metric": 0,
        "preference": 0,
        "action": "forward",
        "hardwareProgrammed": "True",
        "nexthopIps": [],
        "oifs": [
            "Vlan98"
        ],
        "_vtepAddr": [],
        "_vnis": [],
        "ipvers": 4,
        "hostname": "trading-switch-1",
        "namespace": "prox",
        "timestamp": 1654281906916,
        "sqvers": "2.0",
        "weights": [],
        "source": "",
        "routeTag": "",
        "asPathList": [],
        "validState": "",
        "statusChangeTimestamp": 0,
        "active": true
    }
]