[
    {
        "status": 0,
        "timestamp": 1651512536010,
        "cmd": "show clock",
        "devtype": "eos",
        "namespace": "mroutes",
        "hostname": "leaf1",
        "address": "172.22.0.6",
        "version": "4.25.4M-22402993.4254M (engineering build)",
        "data": "Mon May  2 17:28:55 2022\nTimezone: UTC\nClock source: local\n"
    }
][
    {
        "status": 0,
        "timestamp": 1651512536011,
        "cmd": "show clock",
        "devtype": "eos",
        "namespace": "mroutes",
        "hostname": "leaf2",
        "address": "172.22.0.9",
        "version": "4.25.4M-22402993.4254M (engineering build)",
        "data": "Mon May  2 17:28:55 2022\nTimezone: UTC\nClock source: local\n"
    }
][
    {
        "status": 0,
        "timestamp": 1651678759870,
        "cmd": "show clock",
        "devtype": "eos",
        "namespace": "mroutes",
        "hostname": "leaf2",
        "address": "172.22.0.9",
        "version": "4.25.4M-22402993.4254M (engineering build)",
        "data": "Wed May  4 15:39:19 2022\nTimezone: UTC\nClock source: local\n"
    }
][
    {
        "status": 0,
        "timestamp": 1651678759943,
        "cmd": "show clock",
        "devtype": "eos",
        "namespace": "mroutes",
        "hostname": "leaf1",
        "address": "172.22.0.6",
        "version": "4.25.4M-22402993.4254M (engineering build)",
        "data": "Wed May  4 15:39:19 2022\nTimezone: UTC\nClock source: local\n"
    }
][
    {
        "status": 0,
        "timestamp": 1651678791436,
        "cmd": "show clock",
        "devtype": "eos",
        "namespace": "mroutes",
        "hostname": "leaf2",
        "address": "172.22.0.9",
        "version": "4.25.4M-22402993.4254M (engineering build)",
        "data": "Wed May  4 15:39:51 2022\nTimezone: UTC\nClock source: local\n"
    }
][
    {
        "status": 0,
        "timestamp": 1651678791446,
        "cmd": "show clock",
        "devtype": "eos",
        "namespace": "mroutes",
        "hostname": "leaf1",
        "address": "172.22.0.6",
        "version": "4.25.4M-22402993.4254M (engineering build)",
        "data": "Wed May  4 15:39:51 2022\nTimezone: UTC\nClock source: local\n"
    }
]