[
    {
        "status": 0,
        "timestamp": 1651688403145,
        "cmd": "show vlan brief| json",
        "devtype": "eos",
        "namespace": "mroutes",
        "hostname": "leaf1",
        "address": "172.22.0.5",
        "version": "4.25.4M-22402993.4254M (engineering build)",
        "data": "{\n    \"sourceDetail\": \"\",\n    \"vlans\": {\n        \"1\": {\n            \"status\": \"active\",\n            \"name\": \"default\",\n            \"interfaces\": {},\n            \"dynamic\": false\n        },\n        \"100\": {\n            \"status\": \"active\",\n            \"name\": \"VLAN0100\",\n            \"interfaces\": {\n                \"Cpu\": {\n                    \"privatePromoted\": false\n                }\n            },\n            \"dynamic\": false\n        }\n    }\n}\n"
    }
][
    {
        "status": 0,
        "timestamp": 1651688403261,
        "cmd": "show vlan brief| json",
        "devtype": "eos",
        "namespace": "mroutes",
        "hostname": "leaf2",
        "address": "172.22.0.7",
        "version": "4.25.4M-22402993.4254M (engineering build)",
        "data": "{\n    \"sourceDetail\": \"\",\n    \"vlans\": {\n        \"1\": {\n            \"status\": \"active\",\n            \"name\": \"default\",\n            \"interfaces\": {},\n            \"dynamic\": false\n        },\n        \"100\": {\n            \"status\": \"active\",\n            \"name\": \"VLAN0100\",\n            \"interfaces\": {\n                \"Cpu\": {\n                    \"privatePromoted\": false\n                }\n            },\n            \"dynamic\": false\n        }\n    }\n}\n"
    }
][
    {
        "status": 0,
        "timestamp": 1651688403261,
        "cmd": "show vlan brief| json",
        "devtype": "eos",
        "namespace": "mroutes",
        "hostname": "leaf2",
        "address": "172.22.0.7",
        "version": "4.25.4M-22402993.4254M (engineering build)",
        "data": "{\n    \"sourceDetail\": \"\",\n    \"vlans\": {\n        \"1\": {\n            \"status\": \"active\",\n            \"name\": \"default\",\n            \"interfaces\": {},\n            \"dynamic\": false\n        },\n        \"100\": {\n            \"status\": \"active\",\n            \"name\": \"VLAN0100\",\n            \"interfaces\": {\n                \"Cpu\": {\n                    \"privatePromoted\": false\n                }\n            },\n            \"dynamic\": false\n        }\n    }\n}\n"
    }
][
    {
        "status": 0,
        "timestamp": 1651688403261,
        "cmd": "show vlan brief| json",
        "devtype": "eos",
        "namespace": "mroutes",
        "hostname": "leaf2",
        "address": "172.22.0.7",
        "version": "4.25.4M-22402993.4254M (engineering build)",
        "data": "{\n    \"sourceDetail\": \"\",\n    \"vlans\": {\n        \"1\": {\n            \"status\": \"active\",\n            \"name\": \"default\",\n            \"interfaces\": {},\n            \"dynamic\": false\n        },\n        \"100\": {\n            \"status\": \"active\",\n            \"name\": \"VLAN0100\",\n            \"interfaces\": {\n                \"Cpu\": {\n                    \"privatePromoted\": false\n                }\n            },\n            \"dynamic\": false\n        }\n    }\n}\n"
    }
]